equest(smart_bin1,8,city_t
oken_2026)control_center
[TRUCK truck1] pickup requ
est while busy for smart_b
in1
[TRUCK truck1] pickup requ
est while busy for smart_b
in1
comm_tracedispatchpickup_r
equest(smart_bin1,8,city_t
oken_2026)control_center
[TRUCK truck1] pickup requ
est while busy for smart_b
in1
[TRUCK truck1] pickup requ
est while busy for smart_b
in1
comm_tracedispatchpickup_r
equest(smart_bin1,8,city_t
oken_2026)control_center
[TRUCK truck1] pickup requ
est while busy for smart_b
in1
[TRUCK truck1] pickup requ
est while busy for smart_b
in1
comm_tracedispatchpickup_r
equest(smart_bin1,8,city_t
oken_2026)control_center
[TRUCK truck1] pickup requ
est while busy for smart_b
in1
[TRUCK truck1] pickup requ
est while busy for smart_b
in1
comm_tracedispatchpickup_r
equest(smart_bin1,8,city_t
oken_2026)control_center
[TRUCK truck1] pickup requ
est while busy for smart_b
in1
[TRUCK truck1] pickup requ
est while busy for smart_b
in1
comm_tracedispatchpickup_r
equest(smart_bin1,8,city_t
oken_2026)control_center
[TRUCK truck1] pickup requ
est while busy for smart_b
in1
[TRUCK truck1] pickup requ
est while busy for smart_b
in1
comm_tracedispatchpickup_r
equest(smart_bin3,7,city_t
oken_2026)control_center
[RX CORE] to=truck1 from=c
ontrol_center msg=send_mes
sage(assignment(smart_bin3
,7,city_token_2026),contro
l_center)
comm_tracedispatchassignme
nt(smart_bin3,7,city_token
_2026)control_center
[TRUCK truck1] move done f
or smart_bin3
[TRUCK truck1] collect don
e for smart_bin3
comm_tracedispatchassignme
nt(smart_bin3,7,city_token
_2026)control_center
comm_tracedispatchassignme
nt(smart_bin3,7,city_token
_2026)control_center
comm_tracedispatchassignme
nt(smart_bin3,7,city_token
_2026)control_center
comm_tracedispatchassignme
nt(smart_bin3,7,city_token
_2026)control_center
comm_tracedispatchassignme
nt(smart_bin3,7,city_token
_2026)control_center
comm_tracedispatchassignme
nt(smart_bin3,7,city_token
_2026)control_center
comm_tracedispatchassignme
nt(smart_bin3,7,city_token
_2026)control_center
comm_tracedispatchpickup_r
equest(smart_bin3,7,city_t
oken_2026)control_center
[TRUCK truck1] state: idle
comm_tracedispatchpickup_r
equest(smart_bin3,7,city_t
oken_2026)control_center
comm_tracedispatchpickup_r
equest(smart_bin3,7,city_t
oken_2026)control_center
comm_tracedispatchpickup_r
equest(smart_bin3,7,city_t
oken_2026)control_center
[TRUCK truck1] state: idle
[TRUCK truck1] state: idle
[RX CORE] to=truck1 from=c
ontrol_center msg=send_mes
sage(pickup_request(smart_
bin2,9,city_token_2026),co
ntrol_center)
comm_tracedispatchpickup_r
equest(smart_bin2,9,city_t
oken_2026)control_center
[TRUCK truck1] pickup requ
est accepted for smart_bin
2
[RX CORE] to=truck1 from=c
ontrol_center msg=send_mes
sage(pickup_request(smart_
bin3,10,city_token_2026),c
ontrol_center)
comm_tracedispatchpickup_r
equest(smart_bin3,10,city_
token_2026)control_center
[TRUCK truck1] pickup requ
est while busy for smart_b
in3
[TRUCK truck1] pickup requ
est while busy for smart_b
in3
comm_tracedispatchpickup_r
equest(smart_bin3,10,city_
token_2026)control_center
[TRUCK truck1] pickup requ
est while busy for smart_b
in3
[TRUCK truck1] pickup requ
est while busy for smart_b
in3
comm_tracedispatchpickup_r
equest(smart_bin3,10,city_
token_2026)control_center
[TRUCK truck1] pickup requ
est while busy for smart_b
in3
[TRUCK truck1] pickup requ
est while busy for smart_b
in3
comm_tracedispatchpickup_r
equest(smart_bin3,10,city_
token_2026)control_center
[TRUCK truck1] pickup requ
est while busy for smart_b
in3
[TRUCK truck1] pickup requ
est while busy for smart_b
in3
comm_tracedispatchpickup_r
equest(smart_bin3,10,city_
token_2026)control_center
[TRUCK truck1] pickup requ
est while busy for smart_b
in3
[TRUCK truck1] pickup requ
est while busy for smart_b
in3
comm_tracedispatchpickup_r
equest(smart_bin3,10,city_
token_2026)control_center
[TRUCK truck1] pickup requ
est while busy for smart_b
in3
[TRUCK truck1] pickup requ
est while busy for smart_b
in3
comm_tracedispatchpickup_r
equest(smart_bin3,10,city_
token_2026)control_center
[TRUCK truck1] pickup requ
est while busy for smart_b
in3
[TRUCK truck1] pickup requ
est while busy for smart_b
in3
comm_tracedispatchpickup_r
equest(smart_bin3,10,city_
token_2026)control_center
[TRUCK truck1] pickup requ
est while busy for smart_b
in3
[TRUCK truck1] pickup requ
est while busy for smart_b
in3
[RX CORE] to=truck1 from=c
ontrol_center msg=send_mes
sage(assignment(smart_bin2
,9,city_token_2026),contro
l_center)
comm_tracedispatchassignme
nt(smart_bin2,9,city_token
_2026)control_center
[TRUCK truck1] move done f
or smart_bin2
[TRUCK truck1] collect don
e for smart_bin2
comm_tracedispatchassignme
nt(smart_bin2,9,city_token
_2026)control_center
comm_tracedispatchassignme
nt(smart_bin2,9,city_token
_2026)control_center
comm_tracedispatchassignme
nt(smart_bin2,9,city_token
_2026)control_center
comm_tracedispatchassignme
nt(smart_bin2,9,city_token
_2026)control_center
comm_tracedispatchassignme
nt(smart_bin2,9,city_token
_2026)control_center
comm_tracedispatchassignme
nt(smart_bin2,9,city_token
_2026)control_center
comm_tracedispatchassignme
nt(smart_bin2,9,city_token
_2026)control_center
comm_tracedispatchpickup_r
equest(smart_bin2,9,city_t
oken_2026)control_center
comm_tracedispatchpickup_r
equest(smart_bin2,9,city_t
oken_2026)control_center
comm_tracedispatchpickup_r
equest(smart_bin2,9,city_t
oken_2026)control_center
comm_tracedispatchpickup_r
equest(smart_bin2,9,city_t
oken_2026)control_center
comm_tracedispatchpickup_r
equest(smart_bin2,9,city_t
oken_2026)control_center
comm_tracedispatchpickup_r
equest(smart_bin2,9,city_t
oken_2026)control_center
comm_tracedispatchpickup_r
equest(smart_bin2,9,city_t
oken_2026)control_center
[TRUCK truck1] state: idle

