req(0),bin(smart_bin2),tru
ck(none),note(ignored)),co
ntrol_center)control_cente
r
[RX CORE] to=logger from=c
ontrol_center msg=send_mes
sage(log(warn,event(duplic
ate_bin_full,req(0),bin(sm
art_bin2),truck(none),note
(ignored)),control_center)
,control_center)
comm_tracedispatchlog(warn
,event(duplicate_bin_full,
req(0),bin(smart_bin2),tru
ck(none),note(ignored)),co
ntrol_center)control_cente
r
comm_tracedispatchlog(warn
,event(duplicate_bin_full,
req(0),bin(smart_bin2),tru
ck(none),note(ignored)),co
ntrol_center)control_cente
r
comm_tracedispatchlog(warn
,event(duplicate_bin_full,
req(0),bin(smart_bin2),tru
ck(none),note(ignored)),co
ntrol_center)control_cente
r
comm_tracedispatchlog(warn
,event(duplicate_bin_full,
req(0),bin(smart_bin2),tru
ck(none),note(ignored)),co
ntrol_center)control_cente
r
comm_tracedispatchlog(warn
,event(duplicate_bin_full,
req(0),bin(smart_bin2),tru
ck(none),note(ignored)),co
ntrol_center)control_cente
r
comm_tracedispatchlog(warn
,event(duplicate_bin_full,
req(0),bin(smart_bin2),tru
ck(none),note(ignored)),co
ntrol_center)control_cente
r
comm_tracedispatchlog(warn
,event(duplicate_bin_full,
req(0),bin(smart_bin2),tru
ck(none),note(ignored)),co
ntrol_center)control_cente
r
comm_tracedispatchlog(warn
,event(duplicate_bin_full,
req(0),bin(smart_bin2),tru
ck(none),note(ignored)),co
ntrol_center)control_cente
r
comm_tracedispatchlog(warn
,event(duplicate_bin_full,
req(0),bin(smart_bin2),tru
ck(none),note(ignored)),co
ntrol_center)control_cente
r
[RX CORE] to=logger from=c
ontrol_center msg=send_mes
sage(log(warn,event(duplic
ate_bin_full,req(0),bin(sm
art_bin2),truck(none),note
(ignored)),control_center)
,control_center)
comm_tracedispatchlog(warn
,event(duplicate_bin_full,
req(0),bin(smart_bin2),tru
ck(none),note(ignored)),co
ntrol_center)control_cente
r
comm_tracedispatchlog(warn
,event(duplicate_bin_full,
req(0),bin(smart_bin2),tru
ck(none),note(ignored)),co
ntrol_center)control_cente
r
comm_tracedispatchlog(warn
,event(duplicate_bin_full,
req(0),bin(smart_bin2),tru
ck(none),note(ignored)),co
ntrol_center)control_cente
r
comm_tracedispatchlog(warn
,event(duplicate_bin_full,
req(0),bin(smart_bin2),tru
ck(none),note(ignored)),co
ntrol_center)control_cente
r
comm_tracedispatchlog(warn
,event(duplicate_bin_full,
req(0),bin(smart_bin2),tru
ck(none),note(ignored)),co
ntrol_center)control_cente
r
comm_tracedispatchlog(warn
,event(duplicate_bin_full,
req(0),bin(smart_bin2),tru
ck(none),note(ignored)),co
ntrol_center)control_cente
r
comm_tracedispatchlog(warn
,event(duplicate_bin_full,
req(0),bin(smart_bin2),tru
ck(none),note(ignored)),co
ntrol_center)control_cente
r
comm_tracedispatchlog(warn
,event(duplicate_bin_full,
req(0),bin(smart_bin2),tru
ck(none),note(ignored)),co
ntrol_center)control_cente
r
comm_tracedispatchlog(warn
,event(duplicate_bin_full,
req(0),bin(smart_bin2),tru
ck(none),note(ignored)),co
ntrol_center)control_cente
r
[RX CORE] to=logger from=c
ontrol_center msg=send_mes
sage(log(warn,event(duplic
ate_bin_full,req(0),bin(sm
art_bin2),truck(none),note
(ignored)),control_center)
,control_center)
comm_tracedispatchlog(warn
,event(duplicate_bin_full,
req(0),bin(smart_bin2),tru
ck(none),note(ignored)),co
ntrol_center)control_cente
r
comm_tracedispatchlog(warn
,event(duplicate_bin_full,
req(0),bin(smart_bin2),tru
ck(none),note(ignored)),co
ntrol_center)control_cente
r
comm_tracedispatchlog(warn
,event(duplicate_bin_full,
req(0),bin(smart_bin2),tru
ck(none),note(ignored)),co
ntrol_center)control_cente
r
comm_tracedispatchlog(warn
,event(duplicate_bin_full,
req(0),bin(smart_bin2),tru
ck(none),note(ignored)),co
ntrol_center)control_cente
r
comm_tracedispatchlog(warn
,event(duplicate_bin_full,
req(0),bin(smart_bin2),tru
ck(none),note(ignored)),co
ntrol_center)control_cente
r
comm_tracedispatchlog(warn
,event(duplicate_bin_full,
req(0),bin(smart_bin2),tru
ck(none),note(ignored)),co
ntrol_center)control_cente
r
comm_tracedispatchlog(warn
,event(duplicate_bin_full,
req(0),bin(smart_bin2),tru
ck(none),note(ignored)),co
ntrol_center)control_cente
r
comm_tracedispatchlog(warn
,event(duplicate_bin_full,
req(0),bin(smart_bin2),tru
ck(none),note(ignored)),co
ntrol_center)control_cente
r
comm_tracedispatchlog(warn
,event(duplicate_bin_full,
req(0),bin(smart_bin2),tru
ck(none),note(ignored)),co
ntrol_center)control_cente
r
[RX CORE] to=logger from=c
ontrol_center msg=send_mes
sage(log(warn,event(duplic
ate_bin_full,req(0),bin(sm
art_bin2),truck(none),note
(ignored)),control_center)
,control_center)
comm_tracedispatchlog(warn
,event(duplicate_bin_full,
req(0),bin(smart_bin2),tru
ck(none),note(ignored)),co
ntrol_center)control_cente
r
comm_tracedispatchlog(warn
,event(duplicate_bin_full,
req(0),bin(smart_bin2),tru
ck(none),note(ignored)),co
ntrol_center)control_cente
r
comm_tracedispatchlog(warn
,event(duplicate_bin_full,
req(0),bin(smart_bin2),tru
ck(none),note(ignored)),co
ntrol_center)control_cente
r
comm_tracedispatchlog(warn
,event(duplicate_bin_full,
req(0),bin(smart_bin2),tru
ck(none),note(ignored)),co
ntrol_center)control_cente
r
comm_tracedispatchlog(warn
,event(duplicate_bin_full,
req(0),bin(smart_bin2),tru
ck(none),note(ignored)),co
ntrol_center)control_cente
r
comm_tracedispatchlog(warn
,event(duplicate_bin_full,
req(0),bin(smart_bin2),tru
ck(none),note(ignored)),co
ntrol_center)control_cente
r
comm_tracedispatchlog(warn
,event(duplicate_bin_full,
req(0),bin(smart_bin2),tru
ck(none),note(ignored)),co
ntrol_center)control_cente
r
comm_tracedispatchlog(warn
,event(duplicate_bin_full,
req(0),bin(smart_bin2),tru
ck(none),note(ignored)),co
ntrol_center)control_cente
r
[RX CORE] to=logger from=c
ontrol_center msg=send_mes
sage(log(warn,event(duplic
ate_bin_full,req(0),bin(sm
art_bin2),truck(none),note
(ignored)),control_center)
,control_center)
comm_tracedispatchlog(warn
,event(duplicate_bin_full,
req(0),bin(smart_bin2),tru
ck(none),note(ignored)),co
ntrol_center)control_cente
r
[RX CORE] to=logger from=c
ontrol_center msg=send_mes
sage(log(warn,event(duplic
ate_bin_full,req(0),bin(sm
art_bin2),truck(none),note
(ignored)),control_center)
,control_center)
comm_tracedispatchlog(warn
,event(duplicate_bin_full,
req(0),bin(smart_bin2),tru
ck(none),note(ignored)),co
ntrol_center)control_cente
r
comm_tracedispatchlog(warn
,event(duplicate_bin_full,
req(0),bin(smart_bin2),tru
ck(none),note(ignored)),co
ntrol_center)control_cente
r
comm_tracedispatchlog(warn
,event(duplicate_bin_full,
req(0),bin(smart_bin2),tru
ck(none),note(ignored)),co
ntrol_center)control_cente
r
comm_tracedispatchlog(warn
,event(duplicate_bin_full,
req(0),bin(smart_bin2),tru
ck(none),note(ignored)),co
ntrol_center)control_cente
r
comm_tracedispatchlog(warn
,event(duplicate_bin_full,
req(0),bin(smart_bin2),tru
ck(none),note(ignored)),co
ntrol_center)control_cente
r
comm_tracedispatchlog(warn
,event(duplicate_bin_full,
req(0),bin(smart_bin2),tru
ck(none),note(ignored)),co
ntrol_center)control_cente
r
comm_tracedispatchlog(warn
,event(duplicate_bin_full,
req(0),bin(smart_bin2),tru
ck(none),note(ignored)),co
ntrol_center)control_cente
r
comm_tracedispatchlog(warn
,event(duplicate_bin_full,
req(0),bin(smart_bin2),tru
ck(none),note(ignored)),co
ntrol_center)control_cente
r
[RX CORE] to=logger from=c
ontrol_center msg=send_mes
sage(log(warn,event(duplic
ate_bin_full,req(0),bin(sm
art_bin2),truck(none),note
(ignored)),control_center)
,control_center)
comm_tracedispatchlog(warn
,event(duplicate_bin_full,
req(0),bin(smart_bin2),tru
ck(none),note(ignored)),co
ntrol_center)control_cente
r
comm_tracedispatchlog(warn
,event(duplicate_bin_full,
req(0),bin(smart_bin2),tru
ck(none),note(ignored)),co
ntrol_center)control_cente
r
comm_tracedispatchlog(warn
,event(duplicate_bin_full,
req(0),bin(smart_bin2),tru
ck(none),note(ignored)),co
ntrol_center)control_cente
r
comm_tracedispatchlog(warn
,event(duplicate_bin_full,
req(0),bin(smart_bin2),tru
ck(none),note(ignored)),co
ntrol_center)control_cente
r
comm_tracedispatchlog(warn
,event(duplicate_bin_full,
req(0),bin(smart_bin2),tru
ck(none),note(ignored)),co
ntrol_center)control_cente
r
comm_tracedispatchlog(warn
,event(duplicate_bin_full,
req(0),bin(smart_bin2),tru
ck(none),note(ignored)),co
ntrol_center)control_cente
r
comm_tracedispatchlog(warn
,event(duplicate_bin_full,
req(0),bin(smart_bin2),tru
ck(none),note(ignored)),co
ntrol_center)control_cente
r
comm_tracedispatchlog(warn
,event(duplicate_bin_full,
req(0),bin(smart_bin2),tru
ck(none),note(ignored)),co
ntrol_center)control_cente
r
[RX CORE] to=logger from=c
ontrol_center msg=send_mes
sage(log(warn,event(duplic
ate_bin_full,req(0),bin(sm
art_bin2),truck(none),note
(ignored)),control_center)
,control_center)
comm_tracedispatchlog(warn
,event(duplicate_bin_full,
req(0),bin(smart_bin2),tru
ck(none),note(ignored)),co
ntrol_center)control_cente
r
comm_tracedispatchlog(warn
,event(duplicate_bin_full,
req(0),bin(smart_bin2),tru
ck(none),note(ignored)),co
ntrol_center)control_cente
r
comm_tracedispatchlog(warn
,event(duplicate_bin_full,
req(0),bin(smart_bin2),tru
ck(none),note(ignored)),co
ntrol_center)control_cente
r
comm_tracedispatchlog(warn
,event(duplicate_bin_full,
req(0),bin(smart_bin2),tru
ck(none),note(ignored)),co
ntrol_center)control_cente
r
comm_tracedispatchlog(warn
,event(duplicate_bin_full,
req(0),bin(smart_bin2),tru
ck(none),note(ignored)),co
ntrol_center)control_cente
r
comm_tracedispatchlog(warn
,event(duplicate_bin_full,
req(0),bin(smart_bin2),tru
ck(none),note(ignored)),co
ntrol_center)control_cente
r
comm_tracedispatchlog(warn
,event(duplicate_bin_full,
req(0),bin(smart_bin2),tru
ck(none),note(ignored)),co
ntrol_center)control_cente
r
comm_tracedispatchlog(warn
,event(duplicate_bin_full,
req(0),bin(smart_bin2),tru
ck(none),note(ignored)),co
ntrol_center)control_cente
r
[RX CORE] to=logger from=c
ontrol_center msg=send_mes
sage(log(warn,event(duplic
ate_bin_full,req(0),bin(sm
art_bin2),truck(none),note
(ignored)),control_center)
,control_center)
comm_tracedispatchlog(warn
,event(duplicate_bin_full,
req(0),bin(smart_bin2),tru
ck(none),note(ignored)),co
ntrol_center)control_cente
r
comm_tracedispatchlog(warn
,event(duplicate_bin_full,
req(0),bin(smart_bin2),tru
ck(none),note(ignored)),co
ntrol_center)control_cente
r
comm_tracedispatchlog(warn
,event(duplicate_bin_full,
req(0),bin(smart_bin2),tru
ck(none),note(ignored)),co
ntrol_center)control_cente
r
comm_tracedispatchlog(warn
,event(duplicate_bin_full,
req(0),bin(smart_bin2),tru
ck(none),note(ignored)),co
ntrol_center)control_cente
r
comm_tracedispatchlog(warn
,event(duplicate_bin_full,
req(0),bin(smart_bin2),tru
ck(none),note(ignored)),co
ntrol_center)control_cente
r
comm_tracedispatchlog(warn
,event(duplicate_bin_full,
req(0),bin(smart_bin2),tru
ck(none),note(ignored)),co
ntrol_center)control_cente
r
comm_tracedispatchlog(warn
,event(duplicate_bin_full,
req(0),bin(smart_bin2),tru
ck(none),note(ignored)),co
ntrol_center)control_cente
r
comm_tracedispatchlog(warn
,event(duplicate_bin_full,
req(0),bin(smart_bin2),tru
ck(none),note(ignored)),co
ntrol_center)control_cente
r
[RX CORE] to=logger from=c
ontrol_center msg=send_mes
sage(log(warn,event(duplic
ate_bin_full,req(0),bin(sm
art_bin2),truck(none),note
(ignored)),control_center)
,control_center)
comm_tracedispatchlog(warn
,event(duplicate_bin_full,
req(0),bin(smart_bin2),tru
ck(none),note(ignored)),co
ntrol_center)control_cente
r
comm_tracedispatchlog(warn
,event(duplicate_bin_full,
req(0),bin(smart_bin2),tru
ck(none),note(ignored)),co
ntrol_center)control_cente
r
comm_tracedispatchlog(warn
,event(duplicate_bin_full,
req(0),bin(smart_bin2),tru
ck(none),note(ignored)),co
ntrol_center)control_cente
r
comm_tracedispatchlog(warn
,event(duplicate_bin_full,
req(0),bin(smart_bin2),tru
ck(none),note(ignored)),co
ntrol_center)control_cente
r
comm_tracedispatchlog(warn
,event(duplicate_bin_full,
req(0),bin(smart_bin2),tru
ck(none),note(ignored)),co
ntrol_center)control_cente
r
comm_tracedispatchlog(warn
,event(duplicate_bin_full,
req(0),bin(smart_bin2),tru
ck(none),note(ignored)),co
ntrol_center)control_cente
r
comm_tracedispatchlog(warn
,event(duplicate_bin_full,
req(0),bin(smart_bin2),tru
ck(none),note(ignored)),co
ntrol_center)control_cente
r
comm_tracedispatchlog(warn
,event(duplicate_bin_full,
req(0),bin(smart_bin2),tru
ck(none),note(ignored)),co
ntrol_center)control_cente
r
[RX CORE] to=logger from=c
ontrol_center msg=send_mes
sage(log(warn,event(duplic
ate_bin_full,req(0),bin(sm
art_bin2),truck(none),note
(ignored)),control_center)
,control_center)
comm_tracedispatchlog(warn
,event(duplicate_bin_full,
req(0),bin(smart_bin2),tru
ck(none),note(ignored)),co
ntrol_center)control_cente
r
comm_tracedispatchlog(warn
,event(duplicate_bin_full,
req(0),bin(smart_bin2),tru
ck(none),note(ignored)),co
ntrol_center)control_cente
r
comm_tracedispatchlog(warn
,event(duplicate_bin_full,
req(0),bin(smart_bin2),tru
ck(none),note(ignored)),co
ntrol_center)control_cente
r
comm_tracedispatchlog(warn
,event(duplicate_bin_full,
req(0),bin(smart_bin2),tru
ck(none),note(ignored)),co
ntrol_center)control_cente
r
comm_tracedispatchlog(warn
,event(duplicate_bin_full,
req(0),bin(smart_bin2),tru
ck(none),note(ignored)),co
ntrol_center)control_cente
r
comm_tracedispatchlog(warn
,event(duplicate_bin_full,
req(0),bin(smart_bin2),tru
ck(none),note(ignored)),co
ntrol_center)control_cente
r
comm_tracedispatchlog(warn
,event(duplicate_bin_full,
req(0),bin(smart_bin2),tru
ck(none),note(ignored)),co
ntrol_center)control_cente
r
comm_tracedispatchlog(warn
,event(duplicate_bin_full,
req(0),bin(smart_bin2),tru
ck(none),note(ignored)),co
ntrol_center)control_cente
r
comm_tracedispatchlog(warn
,event(duplicate_bin_full,
req(0),bin(smart_bin2),tru
ck(none),note(ignored)),co
ntrol_center)control_cente
r
[RX CORE] to=logger from=c
ontrol_center msg=send_mes
sage(log(warn,event(duplic
ate_bin_full,req(0),bin(sm
art_bin2),truck(none),note
(ignored)),control_center)
,control_center)
comm_tracedispatchlog(warn
,event(duplicate_bin_full,
req(0),bin(smart_bin2),tru
ck(none),note(ignored)),co
ntrol_center)control_cente
r
comm_tracedispatchlog(warn
,event(duplicate_bin_full,
req(0),bin(smart_bin2),tru
ck(none),note(ignored)),co
ntrol_center)control_cente
r
comm_tracedispatchlog(warn
,event(duplicate_bin_full,
req(0),bin(smart_bin2),tru
ck(none),note(ignored)),co
ntrol_center)control_cente
r
comm_tracedispatchlog(warn
,event(duplicate_bin_full,
req(0),bin(smart_bin2),tru
ck(none),note(ignored)),co
ntrol_center)control_cente
r
comm_tracedispatchlog(warn
,event(duplicate_bin_full,
req(0),bin(smart_bin2),tru
ck(none),note(ignored)),co
ntrol_center)control_cente
r
comm_tracedispatchlog(warn
,event(duplicate_bin_full,
req(0),bin(smart_bin2),tru
ck(none),note(ignored)),co
ntrol_center)control_cente
r
comm_tracedispatchlog(warn
,event(duplicate_bin_full,
req(0),bin(smart_bin2),tru
ck(none),note(ignored)),co
ntrol_center)control_cente
r
comm_tracedispatchlog(warn
,event(duplicate_bin_full,
req(0),bin(smart_bin2),tru
ck(none),note(ignored)),co
ntrol_center)control_cente
r
[RX CORE] to=logger from=c
ontrol_center msg=send_mes
sage(log(warn,event(duplic
ate_bin_full,req(0),bin(sm
art_bin2),truck(none),note
(ignored)),control_center)
,control_center)
comm_tracedispatchlog(warn
,event(duplicate_bin_full,
req(0),bin(smart_bin2),tru
ck(none),note(ignored)),co
ntrol_center)control_cente
r
comm_tracedispatchlog(warn
,event(duplicate_bin_full,
req(0),bin(smart_bin2),tru
ck(none),note(ignored)),co
ntrol_center)control_cente
r
comm_tracedispatchlog(warn
,event(duplicate_bin_full,
req(0),bin(smart_bin2),tru
ck(none),note(ignored)),co
ntrol_center)control_cente
r
comm_tracedispatchlog(warn
,event(duplicate_bin_full,
req(0),bin(smart_bin2),tru
ck(none),note(ignored)),co
ntrol_center)control_cente
r
comm_tracedispatchlog(warn
,event(duplicate_bin_full,
req(0),bin(smart_bin2),tru
ck(none),note(ignored)),co
ntrol_center)control_cente
r
comm_tracedispatchlog(warn
,event(duplicate_bin_full,
req(0),bin(smart_bin2),tru
ck(none),note(ignored)),co
ntrol_center)control_cente
r
comm_tracedispatchlog(warn
,event(duplicate_bin_full,
req(0),bin(smart_bin2),tru
ck(none),note(ignored)),co
ntrol_center)control_cente
r
comm_tracedispatchlog(warn
,event(duplicate_bin_full,
req(0),bin(smart_bin2),tru
ck(none),note(ignored)),co
ntrol_center)control_cente
r
[RX CORE] to=logger from=c
ontrol_center msg=send_mes
sage(log(warn,event(duplic
ate_bin_full,req(0),bin(sm
art_bin2),truck(none),note
(ignored)),control_center)
,control_center)
comm_tracedispatchlog(warn
,event(duplicate_bin_full,
req(0),bin(smart_bin2),tru
ck(none),note(ignored)),co
ntrol_center)control_cente
r
comm_tracedispatchlog(warn
,event(duplicate_bin_full,
req(0),bin(smart_bin2),tru
ck(none),note(ignored)),co
ntrol_center)control_cente
r
comm_tracedispatchlog(warn
,event(duplicate_bin_full,
req(0),bin(smart_bin2),tru
ck(none),note(ignored)),co
ntrol_center)control_cente
r
comm_tracedispatchlog(warn
,event(duplicate_bin_full,
req(0),bin(smart_bin2),tru
ck(none),note(ignored)),co
ntrol_center)control_cente
r
comm_tracedispatchlog(warn
,event(duplicate_bin_full,
req(0),bin(smart_bin2),tru
ck(none),note(ignored)),co
ntrol_center)control_cente
r
comm_tracedispatchlog(warn
,event(duplicate_bin_full,
req(0),bin(smart_bin2),tru
ck(none),note(ignored)),co
ntrol_center)control_cente
r
comm_tracedispatchlog(warn
,event(duplicate_bin_full,
req(0),bin(smart_bin2),tru
ck(none),note(ignored)),co
ntrol_center)control_cente
r
comm_tracedispatchlog(warn
,event(duplicate_bin_full,
req(0),bin(smart_bin2),tru
ck(none),note(ignored)),co
ntrol_center)control_cente
r
[RX CORE] to=logger from=c
ontrol_center msg=send_mes
sage(log(warn,event(duplic
ate_bin_full,req(0),bin(sm
art_bin2),truck(none),note
(ignored)),control_center)
,control_center)
comm_tracedispatchlog(warn
,event(duplicate_bin_full,
req(0),bin(smart_bin2),tru
ck(none),note(ignored)),co
ntrol_center)control_cente
r
comm_tracedispatchlog(warn
,event(duplicate_bin_full,
req(0),bin(smart_bin2),tru
ck(none),note(ignored)),co
ntrol_center)control_cente
r
comm_tracedispatchlog(warn
,event(duplicate_bin_full,
req(0),bin(smart_bin2),tru
ck(none),note(ignored)),co
ntrol_center)control_cente
r
comm_tracedispatchlog(warn
,event(duplicate_bin_full,
req(0),bin(smart_bin2),tru
ck(none),note(ignored)),co
ntrol_center)control_cente
r
comm_tracedispatchlog(warn
,event(duplicate_bin_full,
req(0),bin(smart_bin2),tru
ck(none),note(ignored)),co
ntrol_center)control_cente
r
comm_tracedispatchlog(warn
,event(duplicate_bin_full,
req(0),bin(smart_bin2),tru
ck(none),note(ignored)),co
ntrol_center)control_cente
r
comm_tracedispatchlog(warn
,event(duplicate_bin_full,
req(0),bin(smart_bin2),tru
ck(none),note(ignored)),co
ntrol_center)control_cente
r
comm_tracedispatchlog(warn
,event(duplicate_bin_full,
req(0),bin(smart_bin2),tru
ck(none),note(ignored)),co
ntrol_center)control_cente
r
[RX CORE] to=logger from=s
mart_bin3 msg=send_message
(log(info,level_update,sma
rt_bin3),smart_bin3)
comm_tracedispatchlog(info
,level_update,smart_bin3)s
mart_bin3
comm_tracedispatchlog(info
,level_update,smart_bin3)s
mart_bin3
comm_tracedispatchlog(info
,level_update,smart_bin3)s
mart_bin3
comm_tracedispatchlog(info
,level_update,smart_bin3)s
mart_bin3
comm_tracedispatchlog(info
,level_update,smart_bin3)s
mart_bin3
comm_tracedispatchlog(info
,level_update,smart_bin3)s
mart_bin3
comm_tracedispatchlog(info
,level_update,smart_bin3)s
mart_bin3
comm_tracedispatchlog(info
,level_update,smart_bin3)s
mart_bin3
[RX CORE] to=logger from=s
mart_bin3 msg=send_message
(log(info,bin_full,smart_b
in3),smart_bin3)
comm_tracedispatchlog(info
,bin_full,smart_bin3)smart
_bin3
comm_tracedispatchlog(info
,bin_full,smart_bin3)smart
_bin3
comm_tracedispatchlog(info
,bin_full,smart_bin3)smart
_bin3
comm_tracedispatchlog(info
,bin_full,smart_bin3)smart
_bin3
comm_tracedispatchlog(info
,bin_full,smart_bin3)smart
_bin3
comm_tracedispatchlog(info
,bin_full,smart_bin3)smart
_bin3
comm_tracedispatchlog(info
,bin_full,smart_bin3)smart
_bin3
comm_tracedispatchlog(info
,bin_full,smart_bin3)smart
_bin3
comm_tracedispatchlog(warn
,event(duplicate_bin_full,
req(0),bin(smart_bin2),tru
ck(none),note(ignored)),co
ntrol_center)control_cente
r
[RX CORE] to=logger from=c
ontrol_center msg=send_mes
sage(log(warn,event(duplic
ate_bin_full,req(0),bin(sm
art_bin2),truck(none),note
(ignored)),control_center)
,control_center)
comm_tracedispatchlog(warn
,event(duplicate_bin_full,
req(0),bin(smart_bin2),tru
ck(none),note(ignored)),co
ntrol_center)control_cente
r
comm_tracedispatchlog(warn
,event(duplicate_bin_full,
req(0),bin(smart_bin2),tru
ck(none),note(ignored)),co
ntrol_center)control_cente
r
comm_tracedispatchlog(warn
,event(duplicate_bin_full,
req(0),bin(smart_bin2),tru
ck(none),note(ignored)),co
ntrol_center)control_cente
r
comm_tracedispatchlog(warn
,event(duplicate_bin_full,
req(0),bin(smart_bin2),tru
ck(none),note(ignored)),co
ntrol_center)control_cente
r
comm_tracedispatchlog(warn
,event(duplicate_bin_full,
req(0),bin(smart_bin2),tru
ck(none),note(ignored)),co
ntrol_center)control_cente
r
comm_tracedispatchlog(warn
,event(duplicate_bin_full,
req(0),bin(smart_bin2),tru
ck(none),note(ignored)),co
ntrol_center)control_cente
r
comm_tracedispatchlog(warn
,event(duplicate_bin_full,
req(0),bin(smart_bin2),tru
ck(none),note(ignored)),co
ntrol_center)control_cente
r
comm_tracedispatchlog(warn
,event(duplicate_bin_full,
req(0),bin(smart_bin2),tru
ck(none),note(ignored)),co
ntrol_center)control_cente
r
[RX CORE] to=logger from=c
ontrol_center msg=send_mes
sage(log(warn,event(duplic
ate_bin_full,req(0),bin(sm
art_bin2),truck(none),note
(ignored)),control_center)
,control_center)
comm_tracedispatchlog(warn
,event(duplicate_bin_full,
req(0),bin(smart_bin2),tru
ck(none),note(ignored)),co
ntrol_center)control_cente
r
comm_tracedispatchlog(warn
,event(duplicate_bin_full,
req(0),bin(smart_bin2),tru
ck(none),note(ignored)),co
ntrol_center)control_cente
r
comm_tracedispatchlog(warn
,event(duplicate_bin_full,
req(0),bin(smart_bin2),tru
ck(none),note(ignored)),co
ntrol_center)control_cente
r
comm_tracedispatchlog(warn
,event(duplicate_bin_full,
req(0),bin(smart_bin2),tru
ck(none),note(ignored)),co
ntrol_center)control_cente
r
comm_tracedispatchlog(warn
,event(duplicate_bin_full,
req(0),bin(smart_bin2),tru
ck(none),note(ignored)),co
ntrol_center)control_cente
r
comm_tracedispatchlog(warn
,event(duplicate_bin_full,
req(0),bin(smart_bin2),tru
ck(none),note(ignored)),co
ntrol_center)control_cente
r
comm_tracedispatchlog(warn
,event(duplicate_bin_full,
req(0),bin(smart_bin2),tru
ck(none),note(ignored)),co
ntrol_center)control_cente
r
comm_tracedispatchlog(warn
,event(duplicate_bin_full,
req(0),bin(smart_bin2),tru
ck(none),note(ignored)),co
ntrol_center)control_cente
r
[RX CORE] to=logger from=c
ontrol_center msg=send_mes
sage(log(warn,event(duplic
ate_bin_full,req(0),bin(sm
art_bin2),truck(none),note
(ignored)),control_center)
,control_center)
comm_tracedispatchlog(warn
,event(duplicate_bin_full,
req(0),bin(smart_bin2),tru
ck(none),note(ignored)),co
ntrol_center)control_cente
r
comm_tracedispatchlog(warn
,event(duplicate_bin_full,
req(0),bin(smart_bin2),tru
ck(none),note(ignored)),co
ntrol_center)control_cente
r
comm_tracedispatchlog(warn
,event(duplicate_bin_full,
req(0),bin(smart_bin2),tru
ck(none),note(ignored)),co
ntrol_center)control_cente
r
comm_tracedispatchlog(warn
,event(duplicate_bin_full,
req(0),bin(smart_bin2),tru
ck(none),note(ignored)),co
ntrol_center)control_cente
r
comm_tracedispatchlog(warn
,event(duplicate_bin_full,
req(0),bin(smart_bin2),tru
ck(none),note(ignored)),co
ntrol_center)control_cente
r
comm_tracedispatchlog(warn
,event(duplicate_bin_full,
req(0),bin(smart_bin2),tru
ck(none),note(ignored)),co
ntrol_center)control_cente
r
comm_tracedispatchlog(warn
,event(duplicate_bin_full,
req(0),bin(smart_bin2),tru
ck(none),note(ignored)),co
ntrol_center)control_cente
r
comm_tracedispatchlog(warn
,event(duplicate_bin_full,
req(0),bin(smart_bin2),tru
ck(none),note(ignored)),co
ntrol_center)control_cente
r
[RX CORE] to=logger from=c
ontrol_center msg=send_mes
sage(log(warn,event(duplic
ate_bin_full,req(0),bin(sm
art_bin2),truck(none),note
(ignored)),control_center)
,control_center)
comm_tracedispatchlog(warn
,event(duplicate_bin_full,
req(0),bin(smart_bin2),tru
ck(none),note(ignored)),co
ntrol_center)control_cente
r
comm_tracedispatchlog(warn
,event(duplicate_bin_full,
req(0),bin(smart_bin2),tru
ck(none),note(ignored)),co
ntrol_center)control_cente
r
comm_tracedispatchlog(warn
,event(duplicate_bin_full,
req(0),bin(smart_bin2),tru
ck(none),note(ignored)),co
ntrol_center)control_cente
r
comm_tracedispatchlog(warn
,event(duplicate_bin_full,
req(0),bin(smart_bin2),tru
ck(none),note(ignored)),co
ntrol_center)control_cente
r
comm_tracedispatchlog(warn
,event(duplicate_bin_full,
req(0),bin(smart_bin2),tru
ck(none),note(ignored)),co
ntrol_center)control_cente
r
comm_tracedispatchlog(warn
,event(duplicate_bin_full,
req(0),bin(smart_bin2),tru
ck(none),note(ignored)),co
ntrol_center)control_cente
r
comm_tracedispatchlog(warn
,event(duplicate_bin_full,
req(0),bin(smart_bin2),tru
ck(none),note(ignored)),co
ntrol_center)control_cente
r
comm_tracedispatchlog(warn
,event(duplicate_bin_full,
req(0),bin(smart_bin2),tru
ck(none),note(ignored)),co
ntrol_center)control_cente
r
[RX CORE] to=logger from=c
ontrol_center msg=send_mes
sage(log(warn,event(duplic
ate_bin_full,req(0),bin(sm
art_bin2),truck(none),note
(ignored)),control_center)
,control_center)
comm_tracedispatchlog(warn
,event(duplicate_bin_full,
req(0),bin(smart_bin2),tru
ck(none),note(ignored)),co
ntrol_center)control_cente
r
comm_tracedispatchlog(warn
,event(duplicate_bin_full,
req(0),bin(smart_bin2),tru
ck(none),note(ignored)),co
ntrol_center)control_cente
r
comm_tracedispatchlog(warn
,event(duplicate_bin_full,
req(0),bin(smart_bin2),tru
ck(none),note(ignored)),co
ntrol_center)control_cente
r
comm_tracedispatchlog(warn
,event(duplicate_bin_full,
req(0),bin(smart_bin2),tru
ck(none),note(ignored)),co
ntrol_center)control_cente
r
comm_tracedispatchlog(warn
,event(duplicate_bin_full,
req(0),bin(smart_bin2),tru
ck(none),note(ignored)),co
ntrol_center)control_cente
r
comm_tracedispatchlog(warn
,event(duplicate_bin_full,
req(0),bin(smart_bin2),tru
ck(none),note(ignored)),co
ntrol_center)control_cente
r
comm_tracedispatchlog(warn
,event(duplicate_bin_full,
req(0),bin(smart_bin2),tru
ck(none),note(ignored)),co
ntrol_center)control_cente
r
comm_tracedispatchlog(warn
,event(duplicate_bin_full,
req(0),bin(smart_bin2),tru
ck(none),note(ignored)),co
ntrol_center)control_cente
r
[RX CORE] to=logger from=c
ontrol_center msg=send_mes
sage(log(warn,event(duplic
ate_bin_full,req(0),bin(sm
art_bin2),truck(none),note
(ignored)),control_center)
,control_center)
comm_tracedispatchlog(warn
,event(duplicate_bin_full,
req(0),bin(smart_bin2),tru
ck(none),note(ignored)),co
ntrol_center)control_cente
r
comm_tracedispatchlog(warn
,event(duplicate_bin_full,
req(0),bin(smart_bin2),tru
ck(none),note(ignored)),co
ntrol_center)control_cente
r
comm_tracedispatchlog(warn
,event(duplicate_bin_full,
req(0),bin(smart_bin2),tru
ck(none),note(ignored)),co
ntrol_center)control_cente
r
comm_tracedispatchlog(warn
,event(duplicate_bin_full,
req(0),bin(smart_bin2),tru
ck(none),note(ignored)),co
ntrol_center)control_cente
r
comm_tracedispatchlog(warn
,event(duplicate_bin_full,
req(0),bin(smart_bin2),tru
ck(none),note(ignored)),co
ntrol_center)control_cente
r
comm_tracedispatchlog(warn
,event(duplicate_bin_full,
req(0),bin(smart_bin2),tru
ck(none),note(ignored)),co
ntrol_center)control_cente
r
comm_tracedispatchlog(warn
,event(duplicate_bin_full,
req(0),bin(smart_bin2),tru
ck(none),note(ignored)),co
ntrol_center)control_cente
r
comm_tracedispatchlog(warn
,event(duplicate_bin_full,
req(0),bin(smart_bin2),tru
ck(none),note(ignored)),co
ntrol_center)control_cente
r
comm_tracedispatchlog(warn
,event(duplicate_bin_full,
req(0),bin(smart_bin2),tru
ck(none),note(ignored)),co
ntrol_center)control_cente
r
[RX CORE] to=logger from=c
ontrol_center msg=send_mes
sage(log(warn,event(duplic
ate_bin_full,req(0),bin(sm
art_bin2),truck(none),note
(ignored)),control_center)
,control_center)
comm_tracedispatchlog(warn
,event(duplicate_bin_full,
req(0),bin(smart_bin2),tru
ck(none),note(ignored)),co
ntrol_center)control_cente
r
comm_tracedispatchlog(warn
,event(duplicate_bin_full,
req(0),bin(smart_bin2),tru
ck(none),note(ignored)),co
ntrol_center)control_cente
r
comm_tracedispatchlog(warn
,event(duplicate_bin_full,
req(0),bin(smart_bin2),tru
ck(none),note(ignored)),co
ntrol_center)control_cente
r
comm_tracedispatchlog(warn
,event(duplicate_bin_full,
req(0),bin(smart_bin2),tru
ck(none),note(ignored)),co
ntrol_center)control_cente
r
comm_tracedispatchlog(warn
,event(duplicate_bin_full,
req(0),bin(smart_bin2),tru
ck(none),note(ignored)),co
ntrol_center)control_cente
r
comm_tracedispatchlog(warn
,event(duplicate_bin_full,
req(0),bin(smart_bin2),tru
ck(none),note(ignored)),co
ntrol_center)control_cente
r
comm_tracedispatchlog(warn
,event(duplicate_bin_full,
req(0),bin(smart_bin2),tru
ck(none),note(ignored)),co
ntrol_center)control_cente
r
comm_tracedispatchlog(warn
,event(duplicate_bin_full,
req(0),bin(smart_bin2),tru
ck(none),note(ignored)),co
ntrol_center)control_cente
r
[RX CORE] to=logger from=c
ontrol_center msg=send_mes
sage(log(warn,event(duplic
ate_bin_full,req(0),bin(sm
art_bin2),truck(none),note
(ignored)),control_center)
,control_center)
comm_tracedispatchlog(warn
,event(duplicate_bin_full,
req(0),bin(smart_bin2),tru
ck(none),note(ignored)),co
ntrol_center)control_cente
r
comm_tracedispatchlog(warn
,event(duplicate_bin_full,
req(0),bin(smart_bin2),tru
ck(none),note(ignored)),co
ntrol_center)control_cente
r
comm_tracedispatchlog(warn
,event(duplicate_bin_full,
req(0),bin(smart_bin2),tru
ck(none),note(ignored)),co
ntrol_center)control_cente
r
comm_tracedispatchlog(warn
,event(duplicate_bin_full,
req(0),bin(smart_bin2),tru
ck(none),note(ignored)),co
ntrol_center)control_cente
r
comm_tracedispatchlog(warn
,event(duplicate_bin_full,
req(0),bin(smart_bin2),tru
ck(none),note(ignored)),co
ntrol_center)control_cente
r
comm_tracedispatchlog(warn
,event(duplicate_bin_full,
req(0),bin(smart_bin2),tru
ck(none),note(ignored)),co
ntrol_center)control_cente
r
comm_tracedispatchlog(warn
,event(duplicate_bin_full,
req(0),bin(smart_bin2),tru
ck(none),note(ignored)),co
ntrol_center)control_cente
r
comm_tracedispatchlog(warn
,event(duplicate_bin_full,
req(0),bin(smart_bin2),tru
ck(none),note(ignored)),co
ntrol_center)control_cente
r
[RX CORE] to=logger from=c
ontrol_center msg=send_mes
sage(log(warn,event(duplic
ate_bin_full,req(0),bin(sm
art_bin2),truck(none),note
(ignored)),control_center)
,control_center)
comm_tracedispatchlog(warn
,event(duplicate_bin_full,
req(0),bin(smart_bin2),tru
ck(none),note(ignored)),co
ntrol_center)control_cente
r
comm_tracedispatchlog(warn
,event(duplicate_bin_full,
req(0),bin(smart_bin2),tru
ck(none),note(ignored)),co
ntrol_center)control_cente
r
comm_tracedispatchlog(warn
,event(duplicate_bin_full,
req(0),bin(smart_bin2),tru
ck(none),note(ignored)),co
ntrol_center)control_cente
r
comm_tracedispatchlog(warn
,event(duplicate_bin_full,
req(0),bin(smart_bin2),tru
ck(none),note(ignored)),co
ntrol_center)control_cente
r
comm_tracedispatchlog(warn
,event(duplicate_bin_full,
req(0),bin(smart_bin2),tru
ck(none),note(ignored)),co
ntrol_center)control_cente
r
comm_tracedispatchlog(warn
,event(duplicate_bin_full,
req(0),bin(smart_bin2),tru
ck(none),note(ignored)),co
ntrol_center)control_cente
r
comm_tracedispatchlog(warn
,event(duplicate_bin_full,
req(0),bin(smart_bin2),tru
ck(none),note(ignored)),co
ntrol_center)control_cente
r
comm_tracedispatchlog(warn
,event(duplicate_bin_full,
req(0),bin(smart_bin2),tru
ck(none),note(ignored)),co
ntrol_center)control_cente
r
[RX CORE] to=logger from=c
ontrol_center msg=send_mes
sage(log(warn,event(duplic
ate_bin_full,req(0),bin(sm
art_bin2),truck(none),note
(ignored)),control_center)
,control_center)
comm_tracedispatchlog(warn
,event(duplicate_bin_full,
req(0),bin(smart_bin2),tru
ck(none),note(ignored)),co
ntrol_center)control_cente
r
comm_tracedispatchlog(warn
,event(duplicate_bin_full,
req(0),bin(smart_bin2),tru
ck(none),note(ignored)),co
ntrol_center)control_cente
r
comm_tracedispatchlog(warn
,event(duplicate_bin_full,
req(0),bin(smart_bin2),tru
ck(none),note(ignored)),co
ntrol_center)control_cente
r
comm_tracedispatchlog(warn
,event(duplicate_bin_full,
req(0),bin(smart_bin2),tru
ck(none),note(ignored)),co
ntrol_center)control_cente
r
comm_tracedispatchlog(warn
,event(duplicate_bin_full,
req(0),bin(smart_bin2),tru
ck(none),note(ignored)),co
ntrol_center)control_cente
r
comm_tracedispatchlog(warn
,event(duplicate_bin_full,
req(0),bin(smart_bin2),tru
ck(none),note(ignored)),co
ntrol_center)control_cente
r
comm_tracedispatchlog(warn
,event(duplicate_bin_full,
req(0),bin(smart_bin2),tru
ck(none),note(ignored)),co
ntrol_center)control_cente
r
comm_tracedispatchlog(warn
,event(duplicate_bin_full,
req(0),bin(smart_bin2),tru
ck(none),note(ignored)),co
ntrol_center)control_cente
r
[RX CORE] to=logger from=c
ontrol_center msg=send_mes
sage(log(warn,event(duplic
ate_bin_full,req(0),bin(sm
art_bin2),truck(none),note
(ignored)),control_center)
,control_center)
comm_tracedispatchlog(warn
,event(duplicate_bin_full,
req(0),bin(smart_bin2),tru
ck(none),note(ignored)),co
ntrol_center)control_cente
r
comm_tracedispatchlog(warn
,event(duplicate_bin_full,
req(0),bin(smart_bin2),tru
ck(none),note(ignored)),co
ntrol_center)control_cente
r
comm_tracedispatchlog(warn
,event(duplicate_bin_full,
req(0),bin(smart_bin2),tru
ck(none),note(ignored)),co
ntrol_center)control_cente
r
comm_tracedispatchlog(warn
,event(duplicate_bin_full,
req(0),bin(smart_bin2),tru
ck(none),note(ignored)),co
ntrol_center)control_cente
r
comm_tracedispatchlog(warn
,event(duplicate_bin_full,
req(0),bin(smart_bin2),tru
ck(none),note(ignored)),co
ntrol_center)control_cente
r
comm_tracedispatchlog(warn
,event(duplicate_bin_full,
req(0),bin(smart_bin2),tru
ck(none),note(ignored)),co
ntrol_center)control_cente
r
comm_tracedispatchlog(warn
,event(duplicate_bin_full,
req(0),bin(smart_bin2),tru
ck(none),note(ignored)),co
ntrol_center)control_cente
r
comm_tracedispatchlog(warn
,event(duplicate_bin_full,
req(0),bin(smart_bin2),tru
ck(none),note(ignored)),co
ntrol_center)control_cente
r
[RX CORE] to=logger from=c
ontrol_center msg=send_mes
sage(log(warn,event(duplic
ate_bin_full,req(0),bin(sm
art_bin2),truck(none),note
(ignored)),control_center)
,control_center)
comm_tracedispatchlog(warn
,event(duplicate_bin_full,
req(0),bin(smart_bin2),tru
ck(none),note(ignored)),co
ntrol_center)control_cente
r
comm_tracedispatchlog(warn
,event(duplicate_bin_full,
req(0),bin(smart_bin2),tru
ck(none),note(ignored)),co
ntrol_center)control_cente
r
comm_tracedispatchlog(warn
,event(duplicate_bin_full,
req(0),bin(smart_bin2),tru
ck(none),note(ignored)),co
ntrol_center)control_cente
r
comm_tracedispatchlog(warn
,event(duplicate_bin_full,
req(0),bin(smart_bin2),tru
ck(none),note(ignored)),co
ntrol_center)control_cente
r
comm_tracedispatchlog(warn
,event(duplicate_bin_full,
req(0),bin(smart_bin2),tru
ck(none),note(ignored)),co
ntrol_center)control_cente
r
comm_tracedispatchlog(warn
,event(duplicate_bin_full,
req(0),bin(smart_bin2),tru
ck(none),note(ignored)),co
ntrol_center)control_cente
r
comm_tracedispatchlog(warn
,event(duplicate_bin_full,
req(0),bin(smart_bin2),tru
ck(none),note(ignored)),co
ntrol_center)control_cente
r
comm_tracedispatchlog(warn
,event(duplicate_bin_full,
req(0),bin(smart_bin2),tru
ck(none),note(ignored)),co
ntrol_center)control_cente
r
comm_tracedispatchlog(warn
,event(duplicate_bin_full,
req(0),bin(smart_bin2),tru
ck(none),note(ignored)),co
ntrol_center)control_cente
r
[RX CORE] to=logger from=c
ontrol_center msg=send_mes
sage(log(warn,event(duplic
ate_bin_full,req(0),bin(sm
art_bin1),truck(none),note
(ignored)),control_center)
,control_center)
comm_tracedispatchlog(warn
,event(duplicate_bin_full,
req(0),bin(smart_bin1),tru
ck(none),note(ignored)),co
ntrol_center)control_cente
r
comm_tracedispatchlog(warn
,event(duplicate_bin_full,
req(0),bin(smart_bin1),tru
ck(none),note(ignored)),co
ntrol_center)control_cente
r
comm_tracedispatchlog(warn
,event(duplicate_bin_full,
req(0),bin(smart_bin1),tru
ck(none),note(ignored)),co
ntrol_center)control_cente
r
comm_tracedispatchlog(warn
,event(duplicate_bin_full,
req(0),bin(smart_bin1),tru
ck(none),note(ignored)),co
ntrol_center)control_cente
r
comm_tracedispatchlog(warn
,event(duplicate_bin_full,
req(0),bin(smart_bin1),tru
ck(none),note(ignored)),co
ntrol_center)control_cente
r
comm_tracedispatchlog(warn
,event(duplicate_bin_full,
req(0),bin(smart_bin1),tru
ck(none),note(ignored)),co
ntrol_center)control_cente
r
comm_tracedispatchlog(warn
,event(duplicate_bin_full,
req(0),bin(smart_bin1),tru
ck(none),note(ignored)),co
ntrol_center)control_cente
r
comm_tracedispatchlog(warn
,event(duplicate_bin_full,
req(0),bin(smart_bin1),tru
ck(none),note(ignored)),co
ntrol_center)control_cente
r
[RX CORE] to=logger from=c
ontrol_center msg=send_mes
sage(log(info,event(assign
ment_sent,req(1),bin(smart
_bin1),truck(truck1),note(
awaiting_assign_ack)),cont
rol_center),control_center
)
comm_tracedispatchlog(info
,event(assignment_sent,req
(1),bin(smart_bin1),truck(
truck1),note(awaiting_assi
gn_ack)),control_center)co
ntrol_center
comm_tracedispatchlog(info
,event(assignment_sent,req
(1),bin(smart_bin1),truck(
truck1),note(awaiting_assi
gn_ack)),control_center)co
ntrol_center
comm_tracedispatchlog(info
,event(assignment_sent,req
(1),bin(smart_bin1),truck(
truck1),note(awaiting_assi
gn_ack)),control_center)co
ntrol_center
comm_tracedispatchlog(info
,event(assignment_sent,req
(1),bin(smart_bin1),truck(
truck1),note(awaiting_assi
gn_ack)),control_center)co
ntrol_center
comm_tracedispatchlog(info
,event(assignment_sent,req
(1),bin(smart_bin1),truck(
truck1),note(awaiting_assi
gn_ack)),control_center)co
ntrol_center
comm_tracedispatchlog(info
,event(assignment_sent,req
(1),bin(smart_bin1),truck(
truck1),note(awaiting_assi
gn_ack)),control_center)co
ntrol_center
comm_tracedispatchlog(info
,event(assignment_sent,req
(1),bin(smart_bin1),truck(
truck1),note(awaiting_assi
gn_ack)),control_center)co
ntrol_center
comm_tracedispatchlog(info
,event(assignment_sent,req
(1),bin(smart_bin1),truck(
truck1),note(awaiting_assi
gn_ack)),control_center)co
ntrol_center
[RX CORE] to=logger from=c
ontrol_center msg=send_mes
sage(log(warn,event(duplic
ate_bin_full,req(0),bin(sm
art_bin1),truck(none),note
(ignored)),control_center)
,control_center)
comm_tracedispatchlog(warn
,event(duplicate_bin_full,
req(0),bin(smart_bin1),tru
ck(none),note(ignored)),co
ntrol_center)control_cente
r
comm_tracedispatchlog(warn
,event(duplicate_bin_full,
req(0),bin(smart_bin1),tru
ck(none),note(ignored)),co
ntrol_center)control_cente
r
comm_tracedispatchlog(warn
,event(duplicate_bin_full,
req(0),bin(smart_bin1),tru
ck(none),note(ignored)),co
ntrol_center)control_cente
r
comm_tracedispatchlog(warn
,event(duplicate_bin_full,
req(0),bin(smart_bin1),tru
ck(none),note(ignored)),co
ntrol_center)control_cente
r
comm_tracedispatchlog(warn
,event(duplicate_bin_full,
req(0),bin(smart_bin1),tru
ck(none),note(ignored)),co
ntrol_center)control_cente
r
comm_tracedispatchlog(warn
,event(duplicate_bin_full,
req(0),bin(smart_bin1),tru
ck(none),note(ignored)),co
ntrol_center)control_cente
r
comm_tracedispatchlog(warn
,event(duplicate_bin_full,
req(0),bin(smart_bin1),tru
ck(none),note(ignored)),co
ntrol_center)control_cente
r
comm_tracedispatchlog(warn
,event(duplicate_bin_full,
req(0),bin(smart_bin1),tru
ck(none),note(ignored)),co
ntrol_center)control_cente
r
[RX CORE] to=logger from=c
ontrol_center msg=send_mes
sage(log(warn,event(truck_
refused,req(2),bin(smart_b
in2),truck(truck1),note(re
try_select)),control_cente
r),control_center)
comm_tracedispatchlog(warn
,event(truck_refused,req(2
),bin(smart_bin2),truck(tr
uck1),note(retry_select)),
control_center)control_cen
ter
comm_tracedispatchlog(warn
,event(truck_refused,req(2
),bin(smart_bin2),truck(tr
uck1),note(retry_select)),
control_center)control_cen
ter
comm_tracedispatchlog(warn
,event(truck_refused,req(2
),bin(smart_bin2),truck(tr
uck1),note(retry_select)),
control_center)control_cen
ter
comm_tracedispatchlog(warn
,event(truck_refused,req(2
),bin(smart_bin2),truck(tr
uck1),note(retry_select)),
control_center)control_cen
ter
comm_tracedispatchlog(warn
,event(truck_refused,req(2
),bin(smart_bin2),truck(tr
uck1),note(retry_select)),
control_center)control_cen
ter
comm_tracedispatchlog(warn
,event(truck_refused,req(2
),bin(smart_bin2),truck(tr
uck1),note(retry_select)),
control_center)control_cen
ter
comm_tracedispatchlog(warn
,event(truck_refused,req(2
),bin(smart_bin2),truck(tr
uck1),note(retry_select)),
control_center)control_cen
ter
comm_tracedispatchlog(warn
,event(truck_refused,req(2
),bin(smart_bin2),truck(tr
uck1),note(retry_select)),
control_center)control_cen
ter
[RX CORE] to=logger from=c
ontrol_center msg=send_mes
sage(log(info,event(pickup
_request_sent,req(2),bin(s
mart_bin2),truck(truck2),n
ote(awaiting_reply)),contr
ol_center),control_center)
comm_tracedispatchlog(info
,event(pickup_request_sent
,req(2),bin(smart_bin2),tr
uck(truck2),note(awaiting_
reply)),control_center)con
trol_center
comm_tracedispatchlog(info
,event(pickup_request_sent
,req(2),bin(smart_bin2),tr
uck(truck2),note(awaiting_
reply)),control_center)con
trol_center
comm_tracedispatchlog(info
,event(pickup_request_sent
,req(2),bin(smart_bin2),tr
uck(truck2),note(awaiting_
reply)),control_center)con
trol_center
comm_tracedispatchlog(info
,event(pickup_request_sent
,req(2),bin(smart_bin2),tr
uck(truck2),note(awaiting_
reply)),control_center)con
trol_center
comm_tracedispatchlog(info
,event(pickup_request_sent
,req(2),bin(smart_bin2),tr
uck(truck2),note(awaiting_
reply)),control_center)con
trol_center
comm_tracedispatchlog(info
,event(pickup_request_sent
,req(2),bin(smart_bin2),tr
uck(truck2),note(awaiting_
reply)),control_center)con
trol_center
comm_tracedispatchlog(info
,event(pickup_request_sent
,req(2),bin(smart_bin2),tr
uck(truck2),note(awaiting_
reply)),control_center)con
trol_center
comm_tracedispatchlog(info
,event(pickup_request_sent
,req(2),bin(smart_bin2),tr
uck(truck2),note(awaiting_
reply)),control_center)con
trol_center
[RX CORE] to=logger from=c
ontrol_center msg=send_mes
sage(log(warn,event(duplic
ate_bin_full,req(0),bin(sm
art_bin1),truck(none),note
(ignored)),control_center)
,control_center)
comm_tracedispatchlog(warn
,event(duplicate_bin_full,
req(0),bin(smart_bin1),tru
ck(none),note(ignored)),co
ntrol_center)control_cente
r
comm_tracedispatchlog(warn
,event(duplicate_bin_full,
req(0),bin(smart_bin1),tru
ck(none),note(ignored)),co
ntrol_center)control_cente
r
comm_tracedispatchlog(warn
,event(duplicate_bin_full,
req(0),bin(smart_bin1),tru
ck(none),note(ignored)),co
ntrol_center)control_cente
r
comm_tracedispatchlog(warn
,event(duplicate_bin_full,
req(0),bin(smart_bin1),tru
ck(none),note(ignored)),co
ntrol_center)control_cente
r
comm_tracedispatchlog(warn
,event(duplicate_bin_full,
req(0),bin(smart_bin1),tru
ck(none),note(ignored)),co
ntrol_center)control_cente
r
comm_tracedispatchlog(warn
,event(duplicate_bin_full,
req(0),bin(smart_bin1),tru
ck(none),note(ignored)),co
ntrol_center)control_cente
r
comm_tracedispatchlog(warn
,event(duplicate_bin_full,
req(0),bin(smart_bin1),tru
ck(none),note(ignored)),co
ntrol_center)control_cente
r
comm_tracedispatchlog(warn
,event(duplicate_bin_full,
req(0),bin(smart_bin1),tru
ck(none),note(ignored)),co
ntrol_center)control_cente
r
comm_tracedispatchlog(warn
,event(duplicate_bin_full,
req(0),bin(smart_bin2),tru
ck(none),note(ignored)),co
ntrol_center)control_cente
r
comm_tracedispatchlog(warn
,event(duplicate_bin_full,
req(0),bin(smart_bin2),tru
ck(none),note(ignored)),co
ntrol_center)control_cente
r
comm_tracedispatchlog(warn
,event(duplicate_bin_full,
req(0),bin(smart_bin2),tru
ck(none),note(ignored)),co
ntrol_center)control_cente
r

