SICStus 4.6.0 (x86_64-linu
x-glibc2.17): Mon Apr  6 0
9:23:37 PDT 2020
Licensed to studentSP4.6cc
.univaq.it
---------- Opened 127.0.0.
1 '$stream'(13300275945836
8)
---------- Opened 127.0.0.
1 '$stream'(13300273190662
4)
---------- Opened 127.0.0.
1 '$stream'(13300275956449
6)
---------- Opened 127.0.0.
1 '$stream'(13300275956472
0)
---------- Opened 127.0.0.
1 '$stream'(13300275947860
8)
---------- Opened 127.0.0.
1 '$stream'(13300275913483
2)
---------- Opened 127.0.0.
1 '$stream'(13300271054766
4)
---------- Opened 127.0.0.
1 '$stream'(13300271105412
8)

