Launching agent instance:
truck1.txt
SICStus 4.6.0 (x86_64-linu
x-glibc2.17): Mon Apr  6 0
9:23:37 PDT 2020
Licensed to studentSP4.6cc
.univaq.it
..................   Activ
ed Agent truck1 ..........
.........
[RX CORE] to=truck1 from=c
ontrol_center msg=send_mes
sage(pickup_request(smart_
bin1,1,city_token_2026),co
ntrol_center)
comm_tracedispatchpickup_r
equest(smart_bin1,1,city_t
oken_2026)control_center
[TRUCK truck1] pickup requ
est accepted for smart_bin
1
[RX CORE2] to=truck1 from=
control_center msg=send_me
ssage(pickup_request(smart
_bin1,1,city_token_2026),c
ontrol_center)
comm_tracedispatchpickup_r
equest(smart_bin1,1,city_t
oken_2026)control_center
[RX CORE] to=truck1 from=c
ontrol_center msg=send_mes
sage(pickup_request(smart_
bin1),control_center)
comm_tracedispatchpickup_r
equest(smart_bin1)control_
center
[TRUCK truck1] pickup requ
est while busy for smart_b
in1
[RX CORE2] to=truck1 from=
control_center msg=send_me
ssage(pickup_request(smart
_bin1),control_center)
comm_tracedispatchpickup_r
equest(smart_bin1)control_
center
[TRUCK truck1] pickup requ
est while busy for smart_b
in1
[TRUCK truck1] pickup requ
est while busy for smart_b
in1
comm_tracedispatchpickup_r
equest(smart_bin1)control_
center
[TRUCK truck1] pickup requ
est while busy for smart_b
in1
[TRUCK truck1] pickup requ
est while busy for smart_b
in1
comm_tracedispatchpickup_r
equest(smart_bin1)control_
center
[TRUCK truck1] pickup requ
est while busy for smart_b
in1
[TRUCK truck1] pickup requ
est while busy for smart_b
in1
comm_tracedispatchpickup_r
equest(smart_bin1)control_
center
[TRUCK truck1] pickup requ
est while busy for smart_b
in1
[TRUCK truck1] pickup requ
est while busy for smart_b
in1
comm_tracedispatchpickup_r
equest(smart_bin1)control_
center
[TRUCK truck1] pickup requ
est while busy for smart_b
in1
[TRUCK truck1] pickup requ
est while busy for smart_b
in1
comm_tracedispatchpickup_r
equest(smart_bin1)control_
center
[TRUCK truck1] pickup requ
est while busy for smart_b
in1
[TRUCK truck1] pickup requ
est while busy for smart_b
in1
comm_tracedispatchpickup_r
equest(smart_bin1)control_
center
[TRUCK truck1] pickup requ
est while busy for smart_b
in1
[TRUCK truck1] pickup requ
est while busy for smart_b
in1
comm_tracedispatchpickup_r
equest(smart_bin1)control_
center
[TRUCK truck1] pickup requ
est while busy for smart_b
in1
[TRUCK truck1] pickup requ
est while busy for smart_b
in1
[TRUCK truck1] pickup requ
est while busy for smart_b
in1
comm_tracedispatchpickup_r
equest(smart_bin1)control_
center
[TRUCK truck1] pickup requ
est while busy for smart_b
in1
[TRUCK truck1] pickup requ
est while busy for smart_b
in1
comm_tracedispatchpickup_r
equest(smart_bin1)control_
center
[TRUCK truck1] pickup requ
est while busy for smart_b
in1
[TRUCK truck1] pickup requ
est while busy for smart_b
in1
comm_tracedispatchpickup_r
equest(smart_bin1)control_
center
[TRUCK truck1] pickup requ
est while busy for smart_b
in1
[TRUCK truck1] pickup requ
est while busy for smart_b
in1
comm_tracedispatchpickup_r
equest(smart_bin1)control_
center
[TRUCK truck1] pickup requ
est while busy for smart_b
in1
[TRUCK truck1] pickup requ
est while busy for smart_b
in1
comm_tracedispatchpickup_r
equest(smart_bin1)control_
center
[TRUCK truck1] pickup requ
est while busy for smart_b
in1
[TRUCK truck1] pickup requ
est while busy for smart_b
in1
comm_tracedispatchpickup_r
equest(smart_bin1)control_
center
[TRUCK truck1] pickup requ
est while busy for smart_b
in1
[TRUCK truck1] pickup requ
est while busy for smart_b
in1
comm_tracedispatchpickup_r
equest(smart_bin1)control_
center
[TRUCK truck1] pickup requ
est while busy for smart_b
in1
[TRUCK truck1] pickup requ
est while busy for smart_b
in1
[TRUCK truck1] state: wait
ing_assignment
comm_tracedispatchpickup_r
equest(smart_bin1,1,city_t
oken_2026)control_center
[TRUCK truck1] state: wait
ing_assignment
[TRUCK truck1] state: wait
ing_assignment
comm_tracedispatchpickup_r
equest(smart_bin1,1,city_t
oken_2026)control_center
[TRUCK truck1] state: wait
ing_assignment
comm_tracedispatchpickup_r
equest(smart_bin1,1,city_t
oken_2026)control_center
[TRUCK truck1] state: wait
ing_assignment
[TRUCK truck1] state: wait
ing_assignment
comm_tracedispatchpickup_r
equest(smart_bin1,1,city_t
oken_2026)control_center
[TRUCK truck1] state: wait
ing_assignment
comm_tracedispatchpickup_r
equest(smart_bin1,1,city_t
oken_2026)control_center
[TRUCK truck1] state: wait
ing_assignment
[TRUCK truck1] state: wait
ing_assignment
comm_tracedispatchpickup_r
equest(smart_bin1,1,city_t
oken_2026)control_center
[RX CORE] to=truck1 from=c
ontrol_center msg=send_mes
sage(pickup_request(smart_
bin2,2,city_token_2026),co
ntrol_center)
comm_tracedispatchpickup_r
equest(smart_bin2,2,city_t
oken_2026)control_center
[TRUCK truck1] pickup requ
est while busy for smart_b
in2
[RX CORE2] to=truck1 from=
control_center msg=send_me
ssage(pickup_request(smart
_bin2,2,city_token_2026),c
ontrol_center)
comm_tracedispatchpickup_r
equest(smart_bin2,2,city_t
oken_2026)control_center
[TRUCK truck1] pickup requ
est while busy for smart_b
in2
[TRUCK truck1] pickup requ
est while busy for smart_b
in2
comm_tracedispatchpickup_r
equest(smart_bin2,2,city_t
oken_2026)control_center
[TRUCK truck1] pickup requ
est while busy for smart_b
in2
[TRUCK truck1] pickup requ
est while busy for smart_b
in2
comm_tracedispatchpickup_r
equest(smart_bin2,2,city_t
oken_2026)control_center
[TRUCK truck1] pickup requ
est while busy for smart_b
in2
[TRUCK truck1] pickup requ
est while busy for smart_b
in2
comm_tracedispatchpickup_r
equest(smart_bin2,2,city_t
oken_2026)control_center
[TRUCK truck1] pickup requ
est while busy for smart_b
in2
[TRUCK truck1] pickup requ
est while busy for smart_b
in2
comm_tracedispatchpickup_r
equest(smart_bin2,2,city_t
oken_2026)control_center
[TRUCK truck1] pickup requ
est while busy for smart_b
in2
[TRUCK truck1] pickup requ
est while busy for smart_b
in2
comm_tracedispatchpickup_r
equest(smart_bin2,2,city_t
oken_2026)control_center
[TRUCK truck1] pickup requ
est while busy for smart_b
in2
[TRUCK truck1] pickup requ
est while busy for smart_b
in2
comm_tracedispatchpickup_r
equest(smart_bin2,2,city_t
oken_2026)control_center
[TRUCK truck1] pickup requ
est while busy for smart_b
in2
[TRUCK truck1] pickup requ
est while busy for smart_b
in2
comm_tracedispatchpickup_r
equest(smart_bin2,2,city_t
oken_2026)control_center
[TRUCK truck1] pickup requ
est while busy for smart_b
in2
[TRUCK truck1] pickup requ
est while busy for smart_b
in2
[TRUCK truck1] pickup requ
est while busy for smart_b
in2
comm_tracedispatchpickup_r
equest(smart_bin2,2,city_t
oken_2026)control_center
[TRUCK truck1] pickup requ
est while busy for smart_b
in2
[TRUCK truck1] pickup requ
est while busy for smart_b
in2
comm_tracedispatchpickup_r
equest(smart_bin2,2,city_t
oken_2026)control_center
[TRUCK truck1] pickup requ
est while busy for smart_b
in2
[TRUCK truck1] pickup requ
est while busy for smart_b
in2
comm_tracedispatchpickup_r
equest(smart_bin2,2,city_t
oken_2026)control_center
[TRUCK truck1] pickup requ
est while busy for smart_b
in2
[TRUCK truck1] pickup requ
est while busy for smart_b
in2
comm_tracedispatchpickup_r
equest(smart_bin2,2,city_t
oken_2026)control_center
[TRUCK truck1] pickup requ
est while busy for smart_b
in2
[TRUCK truck1] pickup requ
est while busy for smart_b
in2
comm_tracedispatchpickup_r
equest(smart_bin2,2,city_t
oken_2026)control_center
[TRUCK truck1] pickup requ
est while busy for smart_b
in2
[TRUCK truck1] pickup requ
est while busy for smart_b
in2
comm_tracedispatchpickup_r
equest(smart_bin2,2,city_t
oken_2026)control_center
[TRUCK truck1] pickup requ
est while busy for smart_b
in2
[TRUCK truck1] pickup requ
est while busy for smart_b
in2
comm_tracedispatchpickup_r
equest(smart_bin2,2,city_t
oken_2026)control_center
[TRUCK truck1] pickup requ
est while busy for smart_b
in2
[TRUCK truck1] pickup requ
est while busy for smart_b
in2
[RX CORE] to=truck1 from=c
ontrol_center msg=send_mes
sage(pickup_request(smart_
bin2),control_center)
comm_tracedispatchpickup_r
equest(smart_bin2)control_
center
[TRUCK truck1] pickup requ
est while busy for smart_b
in2
[RX CORE2] to=truck1 from=
control_center msg=send_me
ssage(pickup_request(smart
_bin2),control_center)
comm_tracedispatchpickup_r
equest(smart_bin2)control_
center
[TRUCK truck1] pickup requ
est while busy for smart_b
in2
[TRUCK truck1] pickup requ
est while busy for smart_b
in2
comm_tracedispatchpickup_r
equest(smart_bin2)control_
center
[TRUCK truck1] pickup requ
est while busy for smart_b
in2
[TRUCK truck1] pickup requ
est while busy for smart_b
in2
comm_tracedispatchpickup_r
equest(smart_bin2)control_
center
[TRUCK truck1] pickup requ
est while busy for smart_b
in2
[TRUCK truck1] pickup requ
est while busy for smart_b
in2
comm_tracedispatchpickup_r
equest(smart_bin2)control_
center
[TRUCK truck1] pickup requ
est while busy for smart_b
in2
[TRUCK truck1] pickup requ
est while busy for smart_b
in2
comm_tracedispatchpickup_r
equest(smart_bin2)control_
center
[TRUCK truck1] pickup requ
est while busy for smart_b
in2
[TRUCK truck1] pickup requ
est while busy for smart_b
in2
comm_tracedispatchpickup_r
equest(smart_bin2)control_
center
[TRUCK truck1] pickup requ
est while busy for smart_b
in2
[TRUCK truck1] pickup requ
est while busy for smart_b
in2
comm_tracedispatchpickup_r
equest(smart_bin2)control_
center
[TRUCK truck1] pickup requ
est while busy for smart_b
in2
[TRUCK truck1] pickup requ
est while busy for smart_b
in2
comm_tracedispatchpickup_r
equest(smart_bin2)control_
center
[TRUCK truck1] pickup requ
est while busy for smart_b
in2
[TRUCK truck1] pickup requ
est while busy for smart_b
in2
[TRUCK truck1] pickup requ
est while busy for smart_b
in2
comm_tracedispatchpickup_r
equest(smart_bin2)control_
center
[TRUCK truck1] pickup requ
est while busy for smart_b
in2
[TRUCK truck1] pickup requ
est while busy for smart_b
in2
comm_tracedispatchpickup_r
equest(smart_bin2)control_
center
[TRUCK truck1] pickup requ
est while busy for smart_b
in2
[TRUCK truck1] pickup requ
est while busy for smart_b
in2
comm_tracedispatchpickup_r
equest(smart_bin2)control_
center
[TRUCK truck1] pickup requ
est while busy for smart_b
in2
[TRUCK truck1] pickup requ
est while busy for smart_b
in2
comm_tracedispatchpickup_r
equest(smart_bin2)control_
center
[TRUCK truck1] pickup requ
est while busy for smart_b
in2
[TRUCK truck1] pickup requ
est while busy for smart_b
in2
comm_tracedispatchpickup_r
equest(smart_bin2)control_
center
[TRUCK truck1] pickup requ
est while busy for smart_b
in2
[TRUCK truck1] pickup requ
est while busy for smart_b
in2
comm_tracedispatchpickup_r
equest(smart_bin2)control_
center
[TRUCK truck1] pickup requ
est while busy for smart_b
in2
[TRUCK truck1] pickup requ
est while busy for smart_b
in2
comm_tracedispatchpickup_r
equest(smart_bin2)control_
center
[TRUCK truck1] pickup requ
est while busy for smart_b
in2
[TRUCK truck1] pickup requ
est while busy for smart_b
in2
[TRUCK truck1] state: wait
ing_assignment
comm_tracedispatchpickup_r
equest(smart_bin1,1,city_t
oken_2026)control_center
[TRUCK truck1] state: wait
ing_assignment
[TRUCK truck1] state: wait
ing_assignment
[TRUCK truck1] state: wait
ing_assignment
comm_tracedispatchpickup_r
equest(smart_bin1,1,city_t
oken_2026)control_center
[TRUCK truck1] state: wait
ing_assignment
comm_tracedispatchpickup_r
equest(smart_bin1,1,city_t
oken_2026)control_center
[TRUCK truck1] state: wait
ing_assignment
[TRUCK truck1] state: wait
ing_assignment
comm_tracedispatchpickup_r
equest(smart_bin1,1,city_t
oken_2026)control_center
[TRUCK truck1] state: wait
ing_assignment
comm_tracedispatchpickup_r
equest(smart_bin1,1,city_t
oken_2026)control_center
[TRUCK truck1] state: wait
ing_assignment
[TRUCK truck1] state: wait
ing_assignment
comm_tracedispatchpickup_r
equest(smart_bin1,1,city_t
oken_2026)control_center
[TRUCK truck1] state: wait
ing_assignment
comm_tracedispatchpickup_r
equest(smart_bin1,1,city_t
oken_2026)control_center
[TRUCK truck1] state: wait
ing_assignment
[TRUCK truck1] state: wait
ing_assignment
comm_tracedispatchpickup_r
equest(smart_bin1,1,city_t
oken_2026)control_center
[TRUCK truck1] state: wait
ing_assignment
[TRUCK truck1] state: wait
ing_assignment
[RX CORE] to=truck1 from=c
ontrol_center msg=send_mes
sage(assignment(smart_bin1
,1,city_token_2026),contro
l_center)
comm_tracedispatchassignme
nt(smart_bin1,1,city_token
_2026)control_center
[TRUCK truck1] move done f
or smart_bin1
[TRUCK truck1] collect don
e for smart_bin1
[RX CORE2] to=truck1 from=
control_center msg=send_me
ssage(assignment(smart_bin
1,1,city_token_2026),contr
ol_center)
comm_tracedispatchassignme
nt(smart_bin1,1,city_token
_2026)control_center
[RX CORE] to=truck1 from=c
ontrol_center msg=send_mes
sage(assignment(smart_bin1
),control_center)
comm_tracedispatchassignme
nt(smart_bin1)control_cent
er
[RX CORE2] to=truck1 from=
control_center msg=send_me
ssage(assignment(smart_bin
1),control_center)
comm_tracedispatchassignme
nt(smart_bin1)control_cent
er
[TRUCK truck1] state: idle
comm_tracedispatchassignme
nt(smart_bin1)control_cent
er
[TRUCK truck1] state: idle
[TRUCK truck1] state: idle
comm_tracedispatchassignme
nt(smart_bin1)control_cent
er
[TRUCK truck1] state: idle
comm_tracedispatchassignme
nt(smart_bin1)control_cent
er
[TRUCK truck1] state: idle
[TRUCK truck1] state: idle
comm_tracedispatchassignme
nt(smart_bin1)control_cent
er
[TRUCK truck1] state: idle
comm_tracedispatchassignme
nt(smart_bin1)control_cent
er
[TRUCK truck1] state: idle
[TRUCK truck1] state: idle
comm_tracedispatchassignme
nt(smart_bin1)control_cent
er
[TRUCK truck1] state: idle
comm_tracedispatchassignme
nt(smart_bin1)control_cent
er
[TRUCK truck1] state: idle
[TRUCK truck1] state: idle
[TRUCK truck1] state: idle
comm_tracedispatchassignme
nt(smart_bin1)control_cent
er
[TRUCK truck1] state: idle
comm_tracedispatchassignme
nt(smart_bin1)control_cent
er
[TRUCK truck1] state: idle
[TRUCK truck1] state: idle
comm_tracedispatchassignme
nt(smart_bin1)control_cent
er
[TRUCK truck1] state: idle
comm_tracedispatchassignme
nt(smart_bin1)control_cent
er
[TRUCK truck1] state: idle
[TRUCK truck1] state: idle
comm_tracedispatchassignme
nt(smart_bin1)control_cent
er
[TRUCK truck1] state: idle
comm_tracedispatchassignme
nt(smart_bin1)control_cent
er
[TRUCK truck1] state: idle
[TRUCK truck1] state: idle
comm_tracedispatchassignme
nt(smart_bin1)control_cent
er
[TRUCK truck1] state: idle
[TRUCK truck1] state: idle
comm_tracedispatchassignme
nt(smart_bin1,1,city_token
_2026)control_center
[TRUCK truck1] state: idle
[TRUCK truck1] state: idle
comm_tracedispatchassignme
nt(smart_bin1,1,city_token
_2026)control_center
[TRUCK truck1] state: idle
comm_tracedispatchassignme
nt(smart_bin1,1,city_token
_2026)control_center
[TRUCK truck1] state: idle
[TRUCK truck1] state: idle
comm_tracedispatchassignme
nt(smart_bin1,1,city_token
_2026)control_center
[TRUCK truck1] state: idle
comm_tracedispatchassignme
nt(smart_bin1,1,city_token
_2026)control_center
[TRUCK truck1] state: idle
[TRUCK truck1] state: idle
comm_tracedispatchassignme
nt(smart_bin1,1,city_token
_2026)control_center
[TRUCK truck1] state: idle
comm_tracedispatchassignme
nt(smart_bin1,1,city_token
_2026)control_center
[TRUCK truck1] state: idle
[TRUCK truck1] state: idle
[TRUCK truck1] state: idle
comm_tracedispatchassignme
nt(smart_bin1,1,city_token
_2026)control_center
[TRUCK truck1] state: idle
comm_tracedispatchassignme
nt(smart_bin1,1,city_token
_2026)control_center
[TRUCK truck1] state: idle
[TRUCK truck1] state: idle
comm_tracedispatchassignme
nt(smart_bin1,1,city_token
_2026)control_center
[TRUCK truck1] state: idle
comm_tracedispatchassignme
nt(smart_bin1,1,city_token
_2026)control_center
[TRUCK truck1] state: idle
[TRUCK truck1] state: idle
comm_tracedispatchassignme
nt(smart_bin1,1,city_token
_2026)control_center
[TRUCK truck1] state: idle
comm_tracedispatchassignme
nt(smart_bin1,1,city_token
_2026)control_center
[TRUCK truck1] state: idle
[TRUCK truck1] state: idle
comm_tracedispatchassignme
nt(smart_bin1,1,city_token
_2026)control_center
[TRUCK truck1] state: idle
[TRUCK truck1] state: idle
[TRUCK truck1] state: idle
[TRUCK truck1] state: idle
[TRUCK truck1] state: idle
[TRUCK truck1] state: idle
[TRUCK truck1] state: idle
[TRUCK truck1] state: idle
[TRUCK truck1] state: idle
[TRUCK truck1] state: idle
[TRUCK truck1] state: idle
[TRUCK truck1] state: idle
[TRUCK truck1] state: idle
[TRUCK truck1] state: idle
[TRUCK truck1] state: idle
[TRUCK truck1] state: idle

