SICStus 4.6.0 (x86_64-linu
x-glibc2.17): Mon Apr  6 0
9:23:37 PDT 2020
Licensed to studentSP4.6cc
.univaq.it
---------- Opened 127.0.0.
1 '$stream'(13092915637408
0)
---------- Opened 127.0.0.
1 '$stream'(13092914455507
2)
---------- Opened 127.0.0.
1 '$stream'(13092915648020
8)
---------- Opened 127.0.0.
1 '$stream'(13092915648043
2)
---------- Opened 127.0.0.
1 '$stream'(13092915651603
2)
---------- Opened 127.0.0.
1 '$stream'(13092915605028
8)
---------- Opened 127.0.0.
1 '$stream'(13092915642670
4)
---------- Opened 127.0.0.
1 '$stream'(13092912610569
6)

