comm_tracedispatchlog(warn
,event(duplicate_bin_full,
req(0),bin(smart_bin3),tru
ck(none),note(ignored)),co
ntrol_center)control_cente
r
comm_tracedispatchlog(warn
,event(duplicate_bin_full,
req(0),bin(smart_bin3),tru
ck(none),note(ignored)),co
ntrol_center)control_cente
r
comm_tracedispatchlog(warn
,event(duplicate_bin_full,
req(0),bin(smart_bin3),tru
ck(none),note(ignored)),co
ntrol_center)control_cente
r
comm_tracedispatchlog(warn
,event(duplicate_bin_full,
req(0),bin(smart_bin3),tru
ck(none),note(ignored)),co
ntrol_center)control_cente
r
comm_tracedispatchlog(warn
,event(duplicate_bin_full,
req(0),bin(smart_bin3),tru
ck(none),note(ignored)),co
ntrol_center)control_cente
r
comm_tracedispatchlog(warn
,event(duplicate_bin_full,
req(0),bin(smart_bin3),tru
ck(none),note(ignored)),co
ntrol_center)control_cente
r
comm_tracedispatchlog(info
,event(request_opened,req(
3),bin(smart_bin3),truck(n
one),note(accepted)),contr
ol_center)control_center
[RX CORE] to=logger from=c
ontrol_center msg=send_mes
sage(log(warn,event(duplic
ate_bin_full,req(0),bin(sm
art_bin3),truck(none),note
(ignored)),control_center)
,control_center)
comm_tracedispatchlog(warn
,event(duplicate_bin_full,
req(0),bin(smart_bin3),tru
ck(none),note(ignored)),co
ntrol_center)control_cente
r
comm_tracedispatchlog(warn
,event(duplicate_bin_full,
req(0),bin(smart_bin3),tru
ck(none),note(ignored)),co
ntrol_center)control_cente
r
comm_tracedispatchlog(warn
,event(duplicate_bin_full,
req(0),bin(smart_bin3),tru
ck(none),note(ignored)),co
ntrol_center)control_cente
r
comm_tracedispatchlog(warn
,event(duplicate_bin_full,
req(0),bin(smart_bin3),tru
ck(none),note(ignored)),co
ntrol_center)control_cente
r
comm_tracedispatchlog(warn
,event(duplicate_bin_full,
req(0),bin(smart_bin3),tru
ck(none),note(ignored)),co
ntrol_center)control_cente
r
comm_tracedispatchlog(warn
,event(duplicate_bin_full,
req(0),bin(smart_bin3),tru
ck(none),note(ignored)),co
ntrol_center)control_cente
r
comm_tracedispatchlog(warn
,event(duplicate_bin_full,
req(0),bin(smart_bin3),tru
ck(none),note(ignored)),co
ntrol_center)control_cente
r
comm_tracedispatchlog(warn
,event(duplicate_bin_full,
req(0),bin(smart_bin3),tru
ck(none),note(ignored)),co
ntrol_center)control_cente
r
[RX CORE] to=logger from=c
ontrol_center msg=send_mes
sage(log(warn,event(duplic
ate_bin_full,req(0),bin(sm
art_bin3),truck(none),note
(ignored)),control_center)
,control_center)
comm_tracedispatchlog(warn
,event(duplicate_bin_full,
req(0),bin(smart_bin3),tru
ck(none),note(ignored)),co
ntrol_center)control_cente
r
comm_tracedispatchlog(warn
,event(duplicate_bin_full,
req(0),bin(smart_bin3),tru
ck(none),note(ignored)),co
ntrol_center)control_cente
r
comm_tracedispatchlog(warn
,event(duplicate_bin_full,
req(0),bin(smart_bin3),tru
ck(none),note(ignored)),co
ntrol_center)control_cente
r
comm_tracedispatchlog(warn
,event(duplicate_bin_full,
req(0),bin(smart_bin3),tru
ck(none),note(ignored)),co
ntrol_center)control_cente
r
comm_tracedispatchlog(warn
,event(duplicate_bin_full,
req(0),bin(smart_bin3),tru
ck(none),note(ignored)),co
ntrol_center)control_cente
r
comm_tracedispatchlog(warn
,event(duplicate_bin_full,
req(0),bin(smart_bin3),tru
ck(none),note(ignored)),co
ntrol_center)control_cente
r
comm_tracedispatchlog(warn
,event(duplicate_bin_full,
req(0),bin(smart_bin3),tru
ck(none),note(ignored)),co
ntrol_center)control_cente
r
comm_tracedispatchlog(warn
,event(duplicate_bin_full,
req(0),bin(smart_bin3),tru
ck(none),note(ignored)),co
ntrol_center)control_cente
r
[RX CORE] to=logger from=c
ontrol_center msg=send_mes
sage(log(warn,event(duplic
ate_bin_full,req(0),bin(sm
art_bin3),truck(none),note
(ignored)),control_center)
,control_center)
comm_tracedispatchlog(warn
,event(duplicate_bin_full,
req(0),bin(smart_bin3),tru
ck(none),note(ignored)),co
ntrol_center)control_cente
r
comm_tracedispatchlog(warn
,event(duplicate_bin_full,
req(0),bin(smart_bin3),tru
ck(none),note(ignored)),co
ntrol_center)control_cente
r
comm_tracedispatchlog(warn
,event(duplicate_bin_full,
req(0),bin(smart_bin3),tru
ck(none),note(ignored)),co
ntrol_center)control_cente
r
comm_tracedispatchlog(warn
,event(duplicate_bin_full,
req(0),bin(smart_bin3),tru
ck(none),note(ignored)),co
ntrol_center)control_cente
r
comm_tracedispatchlog(warn
,event(duplicate_bin_full,
req(0),bin(smart_bin3),tru
ck(none),note(ignored)),co
ntrol_center)control_cente
r
comm_tracedispatchlog(warn
,event(duplicate_bin_full,
req(0),bin(smart_bin3),tru
ck(none),note(ignored)),co
ntrol_center)control_cente
r
comm_tracedispatchlog(warn
,event(duplicate_bin_full,
req(0),bin(smart_bin3),tru
ck(none),note(ignored)),co
ntrol_center)control_cente
r
comm_tracedispatchlog(warn
,event(duplicate_bin_full,
req(0),bin(smart_bin3),tru
ck(none),note(ignored)),co
ntrol_center)control_cente
r
[RX CORE] to=logger from=c
ontrol_center msg=send_mes
sage(log(warn,event(duplic
ate_bin_full,req(0),bin(sm
art_bin3),truck(none),note
(ignored)),control_center)
,control_center)
comm_tracedispatchlog(warn
,event(duplicate_bin_full,
req(0),bin(smart_bin3),tru
ck(none),note(ignored)),co
ntrol_center)control_cente
r
comm_tracedispatchlog(warn
,event(duplicate_bin_full,
req(0),bin(smart_bin3),tru
ck(none),note(ignored)),co
ntrol_center)control_cente
r
comm_tracedispatchlog(warn
,event(duplicate_bin_full,
req(0),bin(smart_bin3),tru
ck(none),note(ignored)),co
ntrol_center)control_cente
r
comm_tracedispatchlog(warn
,event(duplicate_bin_full,
req(0),bin(smart_bin3),tru
ck(none),note(ignored)),co
ntrol_center)control_cente
r
comm_tracedispatchlog(warn
,event(duplicate_bin_full,
req(0),bin(smart_bin3),tru
ck(none),note(ignored)),co
ntrol_center)control_cente
r
comm_tracedispatchlog(warn
,event(duplicate_bin_full,
req(0),bin(smart_bin3),tru
ck(none),note(ignored)),co
ntrol_center)control_cente
r
comm_tracedispatchlog(warn
,event(duplicate_bin_full,
req(0),bin(smart_bin3),tru
ck(none),note(ignored)),co
ntrol_center)control_cente
r
comm_tracedispatchlog(warn
,event(duplicate_bin_full,
req(0),bin(smart_bin3),tru
ck(none),note(ignored)),co
ntrol_center)control_cente
r
[RX CORE] to=logger from=c
ontrol_center msg=send_mes
sage(log(warn,event(duplic
ate_bin_full,req(0),bin(sm
art_bin3),truck(none),note
(ignored)),control_center)
,control_center)
comm_tracedispatchlog(warn
,event(duplicate_bin_full,
req(0),bin(smart_bin3),tru
ck(none),note(ignored)),co
ntrol_center)control_cente
r
comm_tracedispatchlog(warn
,event(duplicate_bin_full,
req(0),bin(smart_bin3),tru
ck(none),note(ignored)),co
ntrol_center)control_cente
r
comm_tracedispatchlog(warn
,event(duplicate_bin_full,
req(0),bin(smart_bin3),tru
ck(none),note(ignored)),co
ntrol_center)control_cente
r
comm_tracedispatchlog(warn
,event(duplicate_bin_full,
req(0),bin(smart_bin3),tru
ck(none),note(ignored)),co
ntrol_center)control_cente
r
comm_tracedispatchlog(warn
,event(duplicate_bin_full,
req(0),bin(smart_bin3),tru
ck(none),note(ignored)),co
ntrol_center)control_cente
r
comm_tracedispatchlog(warn
,event(duplicate_bin_full,
req(0),bin(smart_bin3),tru
ck(none),note(ignored)),co
ntrol_center)control_cente
r
comm_tracedispatchlog(warn
,event(duplicate_bin_full,
req(0),bin(smart_bin3),tru
ck(none),note(ignored)),co
ntrol_center)control_cente
r
comm_tracedispatchlog(warn
,event(duplicate_bin_full,
req(0),bin(smart_bin3),tru
ck(none),note(ignored)),co
ntrol_center)control_cente
r
[RX CORE] to=logger from=c
ontrol_center msg=send_mes
sage(log(warn,event(duplic
ate_bin_full,req(0),bin(sm
art_bin3),truck(none),note
(ignored)),control_center)
,control_center)
comm_tracedispatchlog(warn
,event(duplicate_bin_full,
req(0),bin(smart_bin3),tru
ck(none),note(ignored)),co
ntrol_center)control_cente
r
comm_tracedispatchlog(warn
,event(duplicate_bin_full,
req(0),bin(smart_bin3),tru
ck(none),note(ignored)),co
ntrol_center)control_cente
r
comm_tracedispatchlog(warn
,event(duplicate_bin_full,
req(0),bin(smart_bin3),tru
ck(none),note(ignored)),co
ntrol_center)control_cente
r
comm_tracedispatchlog(warn
,event(duplicate_bin_full,
req(0),bin(smart_bin3),tru
ck(none),note(ignored)),co
ntrol_center)control_cente
r
comm_tracedispatchlog(warn
,event(duplicate_bin_full,
req(0),bin(smart_bin3),tru
ck(none),note(ignored)),co
ntrol_center)control_cente
r
comm_tracedispatchlog(warn
,event(duplicate_bin_full,
req(0),bin(smart_bin3),tru
ck(none),note(ignored)),co
ntrol_center)control_cente
r
comm_tracedispatchlog(warn
,event(duplicate_bin_full,
req(0),bin(smart_bin3),tru
ck(none),note(ignored)),co
ntrol_center)control_cente
r
comm_tracedispatchlog(warn
,event(duplicate_bin_full,
req(0),bin(smart_bin3),tru
ck(none),note(ignored)),co
ntrol_center)control_cente
r
comm_tracedispatchlog(info
,event(request_opened,req(
3),bin(smart_bin3),truck(n
one),note(accepted)),contr
ol_center)control_center
[RX CORE] to=logger from=c
ontrol_center msg=send_mes
sage(log(warn,event(duplic
ate_bin_full,req(0),bin(sm
art_bin3),truck(none),note
(ignored)),control_center)
,control_center)
comm_tracedispatchlog(warn
,event(duplicate_bin_full,
req(0),bin(smart_bin3),tru
ck(none),note(ignored)),co
ntrol_center)control_cente
r
comm_tracedispatchlog(warn
,event(duplicate_bin_full,
req(0),bin(smart_bin3),tru
ck(none),note(ignored)),co
ntrol_center)control_cente
r
comm_tracedispatchlog(warn
,event(duplicate_bin_full,
req(0),bin(smart_bin3),tru
ck(none),note(ignored)),co
ntrol_center)control_cente
r
comm_tracedispatchlog(warn
,event(duplicate_bin_full,
req(0),bin(smart_bin3),tru
ck(none),note(ignored)),co
ntrol_center)control_cente
r
comm_tracedispatchlog(warn
,event(duplicate_bin_full,
req(0),bin(smart_bin3),tru
ck(none),note(ignored)),co
ntrol_center)control_cente
r
comm_tracedispatchlog(warn
,event(duplicate_bin_full,
req(0),bin(smart_bin3),tru
ck(none),note(ignored)),co
ntrol_center)control_cente
r
comm_tracedispatchlog(warn
,event(duplicate_bin_full,
req(0),bin(smart_bin3),tru
ck(none),note(ignored)),co
ntrol_center)control_cente
r
comm_tracedispatchlog(warn
,event(duplicate_bin_full,
req(0),bin(smart_bin3),tru
ck(none),note(ignored)),co
ntrol_center)control_cente
r
[RX CORE] to=logger from=c
ontrol_center msg=send_mes
sage(log(warn,event(duplic
ate_bin_full,req(0),bin(sm
art_bin3),truck(none),note
(ignored)),control_center)
,control_center)
comm_tracedispatchlog(warn
,event(duplicate_bin_full,
req(0),bin(smart_bin3),tru
ck(none),note(ignored)),co
ntrol_center)control_cente
r
comm_tracedispatchlog(warn
,event(duplicate_bin_full,
req(0),bin(smart_bin3),tru
ck(none),note(ignored)),co
ntrol_center)control_cente
r
comm_tracedispatchlog(warn
,event(duplicate_bin_full,
req(0),bin(smart_bin3),tru
ck(none),note(ignored)),co
ntrol_center)control_cente
r
comm_tracedispatchlog(warn
,event(duplicate_bin_full,
req(0),bin(smart_bin3),tru
ck(none),note(ignored)),co
ntrol_center)control_cente
r
comm_tracedispatchlog(warn
,event(duplicate_bin_full,
req(0),bin(smart_bin3),tru
ck(none),note(ignored)),co
ntrol_center)control_cente
r
comm_tracedispatchlog(warn
,event(duplicate_bin_full,
req(0),bin(smart_bin3),tru
ck(none),note(ignored)),co
ntrol_center)control_cente
r
comm_tracedispatchlog(warn
,event(duplicate_bin_full,
req(0),bin(smart_bin3),tru
ck(none),note(ignored)),co
ntrol_center)control_cente
r
comm_tracedispatchlog(warn
,event(duplicate_bin_full,
req(0),bin(smart_bin3),tru
ck(none),note(ignored)),co
ntrol_center)control_cente
r
[RX CORE] to=logger from=c
ontrol_center msg=send_mes
sage(log(warn,event(duplic
ate_bin_full,req(0),bin(sm
art_bin3),truck(none),note
(ignored)),control_center)
,control_center)
comm_tracedispatchlog(warn
,event(duplicate_bin_full,
req(0),bin(smart_bin3),tru
ck(none),note(ignored)),co
ntrol_center)control_cente
r
comm_tracedispatchlog(warn
,event(duplicate_bin_full,
req(0),bin(smart_bin3),tru
ck(none),note(ignored)),co
ntrol_center)control_cente
r
comm_tracedispatchlog(warn
,event(duplicate_bin_full,
req(0),bin(smart_bin3),tru
ck(none),note(ignored)),co
ntrol_center)control_cente
r
comm_tracedispatchlog(warn
,event(duplicate_bin_full,
req(0),bin(smart_bin3),tru
ck(none),note(ignored)),co
ntrol_center)control_cente
r
comm_tracedispatchlog(warn
,event(duplicate_bin_full,
req(0),bin(smart_bin3),tru
ck(none),note(ignored)),co
ntrol_center)control_cente
r
comm_tracedispatchlog(warn
,event(duplicate_bin_full,
req(0),bin(smart_bin3),tru
ck(none),note(ignored)),co
ntrol_center)control_cente
r
comm_tracedispatchlog(warn
,event(duplicate_bin_full,
req(0),bin(smart_bin3),tru
ck(none),note(ignored)),co
ntrol_center)control_cente
r
comm_tracedispatchlog(warn
,event(duplicate_bin_full,
req(0),bin(smart_bin3),tru
ck(none),note(ignored)),co
ntrol_center)control_cente
r
[RX CORE] to=logger from=c
ontrol_center msg=send_mes
sage(log(warn,event(duplic
ate_bin_full,req(0),bin(sm
art_bin3),truck(none),note
(ignored)),control_center)
,control_center)
comm_tracedispatchlog(warn
,event(duplicate_bin_full,
req(0),bin(smart_bin3),tru
ck(none),note(ignored)),co
ntrol_center)control_cente
r
comm_tracedispatchlog(warn
,event(duplicate_bin_full,
req(0),bin(smart_bin3),tru
ck(none),note(ignored)),co
ntrol_center)control_cente
r
comm_tracedispatchlog(warn
,event(duplicate_bin_full,
req(0),bin(smart_bin3),tru
ck(none),note(ignored)),co
ntrol_center)control_cente
r
comm_tracedispatchlog(warn
,event(duplicate_bin_full,
req(0),bin(smart_bin3),tru
ck(none),note(ignored)),co
ntrol_center)control_cente
r
comm_tracedispatchlog(warn
,event(duplicate_bin_full,
req(0),bin(smart_bin3),tru
ck(none),note(ignored)),co
ntrol_center)control_cente
r
comm_tracedispatchlog(warn
,event(duplicate_bin_full,
req(0),bin(smart_bin3),tru
ck(none),note(ignored)),co
ntrol_center)control_cente
r
comm_tracedispatchlog(warn
,event(duplicate_bin_full,
req(0),bin(smart_bin3),tru
ck(none),note(ignored)),co
ntrol_center)control_cente
r
comm_tracedispatchlog(warn
,event(duplicate_bin_full,
req(0),bin(smart_bin3),tru
ck(none),note(ignored)),co
ntrol_center)control_cente
r
[RX CORE] to=logger from=c
ontrol_center msg=send_mes
sage(log(warn,event(duplic
ate_bin_full,req(0),bin(sm
art_bin3),truck(none),note
(ignored)),control_center)
,control_center)
comm_tracedispatchlog(warn
,event(duplicate_bin_full,
req(0),bin(smart_bin3),tru
ck(none),note(ignored)),co
ntrol_center)control_cente
r
comm_tracedispatchlog(warn
,event(duplicate_bin_full,
req(0),bin(smart_bin3),tru
ck(none),note(ignored)),co
ntrol_center)control_cente
r
comm_tracedispatchlog(warn
,event(duplicate_bin_full,
req(0),bin(smart_bin3),tru
ck(none),note(ignored)),co
ntrol_center)control_cente
r
comm_tracedispatchlog(warn
,event(duplicate_bin_full,
req(0),bin(smart_bin3),tru
ck(none),note(ignored)),co
ntrol_center)control_cente
r
comm_tracedispatchlog(warn
,event(duplicate_bin_full,
req(0),bin(smart_bin3),tru
ck(none),note(ignored)),co
ntrol_center)control_cente
r
comm_tracedispatchlog(warn
,event(duplicate_bin_full,
req(0),bin(smart_bin3),tru
ck(none),note(ignored)),co
ntrol_center)control_cente
r
comm_tracedispatchlog(warn
,event(duplicate_bin_full,
req(0),bin(smart_bin3),tru
ck(none),note(ignored)),co
ntrol_center)control_cente
r
comm_tracedispatchlog(warn
,event(duplicate_bin_full,
req(0),bin(smart_bin3),tru
ck(none),note(ignored)),co
ntrol_center)control_cente
r
[RX CORE] to=logger from=c
ontrol_center msg=send_mes
sage(log(warn,event(duplic
ate_bin_full,req(0),bin(sm
art_bin3),truck(none),note
(ignored)),control_center)
,control_center)
comm_tracedispatchlog(warn
,event(duplicate_bin_full,
req(0),bin(smart_bin3),tru
ck(none),note(ignored)),co
ntrol_center)control_cente
r
comm_tracedispatchlog(warn
,event(duplicate_bin_full,
req(0),bin(smart_bin3),tru
ck(none),note(ignored)),co
ntrol_center)control_cente
r
comm_tracedispatchlog(warn
,event(duplicate_bin_full,
req(0),bin(smart_bin3),tru
ck(none),note(ignored)),co
ntrol_center)control_cente
r
comm_tracedispatchlog(warn
,event(duplicate_bin_full,
req(0),bin(smart_bin3),tru
ck(none),note(ignored)),co
ntrol_center)control_cente
r
comm_tracedispatchlog(warn
,event(duplicate_bin_full,
req(0),bin(smart_bin3),tru
ck(none),note(ignored)),co
ntrol_center)control_cente
r
comm_tracedispatchlog(warn
,event(duplicate_bin_full,
req(0),bin(smart_bin3),tru
ck(none),note(ignored)),co
ntrol_center)control_cente
r
comm_tracedispatchlog(warn
,event(duplicate_bin_full,
req(0),bin(smart_bin3),tru
ck(none),note(ignored)),co
ntrol_center)control_cente
r
comm_tracedispatchlog(warn
,event(duplicate_bin_full,
req(0),bin(smart_bin3),tru
ck(none),note(ignored)),co
ntrol_center)control_cente
r
comm_tracedispatchlog(info
,event(request_opened,req(
3),bin(smart_bin3),truck(n
one),note(accepted)),contr
ol_center)control_center
[RX CORE] to=logger from=c
ontrol_center msg=send_mes
sage(log(warn,event(duplic
ate_bin_full,req(0),bin(sm
art_bin3),truck(none),note
(ignored)),control_center)
,control_center)
comm_tracedispatchlog(warn
,event(duplicate_bin_full,
req(0),bin(smart_bin3),tru
ck(none),note(ignored)),co
ntrol_center)control_cente
r
comm_tracedispatchlog(warn
,event(duplicate_bin_full,
req(0),bin(smart_bin3),tru
ck(none),note(ignored)),co
ntrol_center)control_cente
r
comm_tracedispatchlog(warn
,event(duplicate_bin_full,
req(0),bin(smart_bin3),tru
ck(none),note(ignored)),co
ntrol_center)control_cente
r
comm_tracedispatchlog(warn
,event(duplicate_bin_full,
req(0),bin(smart_bin3),tru
ck(none),note(ignored)),co
ntrol_center)control_cente
r
comm_tracedispatchlog(warn
,event(duplicate_bin_full,
req(0),bin(smart_bin3),tru
ck(none),note(ignored)),co
ntrol_center)control_cente
r
comm_tracedispatchlog(warn
,event(duplicate_bin_full,
req(0),bin(smart_bin3),tru
ck(none),note(ignored)),co
ntrol_center)control_cente
r
comm_tracedispatchlog(warn
,event(duplicate_bin_full,
req(0),bin(smart_bin3),tru
ck(none),note(ignored)),co
ntrol_center)control_cente
r
comm_tracedispatchlog(warn
,event(duplicate_bin_full,
req(0),bin(smart_bin3),tru
ck(none),note(ignored)),co
ntrol_center)control_cente
r
[RX CORE] to=logger from=c
ontrol_center msg=send_mes
sage(log(warn,event(duplic
ate_bin_full,req(0),bin(sm
art_bin3),truck(none),note
(ignored)),control_center)
,control_center)
comm_tracedispatchlog(warn
,event(duplicate_bin_full,
req(0),bin(smart_bin3),tru
ck(none),note(ignored)),co
ntrol_center)control_cente
r
comm_tracedispatchlog(warn
,event(duplicate_bin_full,
req(0),bin(smart_bin3),tru
ck(none),note(ignored)),co
ntrol_center)control_cente
r
comm_tracedispatchlog(warn
,event(duplicate_bin_full,
req(0),bin(smart_bin3),tru
ck(none),note(ignored)),co
ntrol_center)control_cente
r
comm_tracedispatchlog(warn
,event(duplicate_bin_full,
req(0),bin(smart_bin3),tru
ck(none),note(ignored)),co
ntrol_center)control_cente
r
comm_tracedispatchlog(warn
,event(duplicate_bin_full,
req(0),bin(smart_bin3),tru
ck(none),note(ignored)),co
ntrol_center)control_cente
r
comm_tracedispatchlog(warn
,event(duplicate_bin_full,
req(0),bin(smart_bin3),tru
ck(none),note(ignored)),co
ntrol_center)control_cente
r
comm_tracedispatchlog(warn
,event(duplicate_bin_full,
req(0),bin(smart_bin3),tru
ck(none),note(ignored)),co
ntrol_center)control_cente
r
comm_tracedispatchlog(warn
,event(duplicate_bin_full,
req(0),bin(smart_bin3),tru
ck(none),note(ignored)),co
ntrol_center)control_cente
r
[RX CORE] to=logger from=c
ontrol_center msg=send_mes
sage(log(warn,event(duplic
ate_bin_full,req(0),bin(sm
art_bin3),truck(none),note
(ignored)),control_center)
,control_center)
comm_tracedispatchlog(warn
,event(duplicate_bin_full,
req(0),bin(smart_bin3),tru
ck(none),note(ignored)),co
ntrol_center)control_cente
r
comm_tracedispatchlog(warn
,event(duplicate_bin_full,
req(0),bin(smart_bin3),tru
ck(none),note(ignored)),co
ntrol_center)control_cente
r
comm_tracedispatchlog(warn
,event(duplicate_bin_full,
req(0),bin(smart_bin3),tru
ck(none),note(ignored)),co
ntrol_center)control_cente
r
comm_tracedispatchlog(warn
,event(duplicate_bin_full,
req(0),bin(smart_bin3),tru
ck(none),note(ignored)),co
ntrol_center)control_cente
r
comm_tracedispatchlog(warn
,event(duplicate_bin_full,
req(0),bin(smart_bin3),tru
ck(none),note(ignored)),co
ntrol_center)control_cente
r
comm_tracedispatchlog(warn
,event(duplicate_bin_full,
req(0),bin(smart_bin3),tru
ck(none),note(ignored)),co
ntrol_center)control_cente
r
comm_tracedispatchlog(warn
,event(duplicate_bin_full,
req(0),bin(smart_bin3),tru
ck(none),note(ignored)),co
ntrol_center)control_cente
r
comm_tracedispatchlog(warn
,event(duplicate_bin_full,
req(0),bin(smart_bin3),tru
ck(none),note(ignored)),co
ntrol_center)control_cente
r
[RX CORE] to=logger from=c
ontrol_center msg=send_mes
sage(log(warn,event(duplic
ate_bin_full,req(0),bin(sm
art_bin3),truck(none),note
(ignored)),control_center)
,control_center)
comm_tracedispatchlog(warn
,event(duplicate_bin_full,
req(0),bin(smart_bin3),tru
ck(none),note(ignored)),co
ntrol_center)control_cente
r
comm_tracedispatchlog(warn
,event(duplicate_bin_full,
req(0),bin(smart_bin3),tru
ck(none),note(ignored)),co
ntrol_center)control_cente
r
comm_tracedispatchlog(warn
,event(duplicate_bin_full,
req(0),bin(smart_bin3),tru
ck(none),note(ignored)),co
ntrol_center)control_cente
r
comm_tracedispatchlog(warn
,event(duplicate_bin_full,
req(0),bin(smart_bin3),tru
ck(none),note(ignored)),co
ntrol_center)control_cente
r
comm_tracedispatchlog(warn
,event(duplicate_bin_full,
req(0),bin(smart_bin3),tru
ck(none),note(ignored)),co
ntrol_center)control_cente
r
comm_tracedispatchlog(warn
,event(duplicate_bin_full,
req(0),bin(smart_bin3),tru
ck(none),note(ignored)),co
ntrol_center)control_cente
r
comm_tracedispatchlog(warn
,event(duplicate_bin_full,
req(0),bin(smart_bin3),tru
ck(none),note(ignored)),co
ntrol_center)control_cente
r
comm_tracedispatchlog(warn
,event(duplicate_bin_full,
req(0),bin(smart_bin3),tru
ck(none),note(ignored)),co
ntrol_center)control_cente
r
[RX CORE] to=logger from=c
ontrol_center msg=send_mes
sage(log(warn,event(duplic
ate_bin_full,req(0),bin(sm
art_bin3),truck(none),note
(ignored)),control_center)
,control_center)
comm_tracedispatchlog(warn
,event(duplicate_bin_full,
req(0),bin(smart_bin3),tru
ck(none),note(ignored)),co
ntrol_center)control_cente
r
comm_tracedispatchlog(warn
,event(duplicate_bin_full,
req(0),bin(smart_bin3),tru
ck(none),note(ignored)),co
ntrol_center)control_cente
r
comm_tracedispatchlog(warn
,event(duplicate_bin_full,
req(0),bin(smart_bin3),tru
ck(none),note(ignored)),co
ntrol_center)control_cente
r
comm_tracedispatchlog(warn
,event(duplicate_bin_full,
req(0),bin(smart_bin3),tru
ck(none),note(ignored)),co
ntrol_center)control_cente
r
comm_tracedispatchlog(warn
,event(duplicate_bin_full,
req(0),bin(smart_bin3),tru
ck(none),note(ignored)),co
ntrol_center)control_cente
r
comm_tracedispatchlog(warn
,event(duplicate_bin_full,
req(0),bin(smart_bin3),tru
ck(none),note(ignored)),co
ntrol_center)control_cente
r
comm_tracedispatchlog(warn
,event(duplicate_bin_full,
req(0),bin(smart_bin3),tru
ck(none),note(ignored)),co
ntrol_center)control_cente
r
comm_tracedispatchlog(warn
,event(duplicate_bin_full,
req(0),bin(smart_bin3),tru
ck(none),note(ignored)),co
ntrol_center)control_cente
r
[RX CORE] to=logger from=c
ontrol_center msg=send_mes
sage(log(warn,event(duplic
ate_bin_full,req(0),bin(sm
art_bin3),truck(none),note
(ignored)),control_center)
,control_center)
comm_tracedispatchlog(warn
,event(duplicate_bin_full,
req(0),bin(smart_bin3),tru
ck(none),note(ignored)),co
ntrol_center)control_cente
r
comm_tracedispatchlog(warn
,event(duplicate_bin_full,
req(0),bin(smart_bin3),tru
ck(none),note(ignored)),co
ntrol_center)control_cente
r
comm_tracedispatchlog(warn
,event(duplicate_bin_full,
req(0),bin(smart_bin3),tru
ck(none),note(ignored)),co
ntrol_center)control_cente
r
comm_tracedispatchlog(warn
,event(duplicate_bin_full,
req(0),bin(smart_bin3),tru
ck(none),note(ignored)),co
ntrol_center)control_cente
r
comm_tracedispatchlog(warn
,event(duplicate_bin_full,
req(0),bin(smart_bin3),tru
ck(none),note(ignored)),co
ntrol_center)control_cente
r
comm_tracedispatchlog(warn
,event(duplicate_bin_full,
req(0),bin(smart_bin3),tru
ck(none),note(ignored)),co
ntrol_center)control_cente
r
comm_tracedispatchlog(warn
,event(duplicate_bin_full,
req(0),bin(smart_bin3),tru
ck(none),note(ignored)),co
ntrol_center)control_cente
r
comm_tracedispatchlog(warn
,event(duplicate_bin_full,
req(0),bin(smart_bin3),tru
ck(none),note(ignored)),co
ntrol_center)control_cente
r
comm_tracedispatchlog(info
,event(request_opened,req(
3),bin(smart_bin3),truck(n
one),note(accepted)),contr
ol_center)control_center
[RX CORE] to=logger from=c
ontrol_center msg=send_mes
sage(log(warn,event(duplic
ate_bin_full,req(0),bin(sm
art_bin3),truck(none),note
(ignored)),control_center)
,control_center)
comm_tracedispatchlog(warn
,event(duplicate_bin_full,
req(0),bin(smart_bin3),tru
ck(none),note(ignored)),co
ntrol_center)control_cente
r
comm_tracedispatchlog(warn
,event(duplicate_bin_full,
req(0),bin(smart_bin3),tru
ck(none),note(ignored)),co
ntrol_center)control_cente
r
comm_tracedispatchlog(warn
,event(duplicate_bin_full,
req(0),bin(smart_bin3),tru
ck(none),note(ignored)),co
ntrol_center)control_cente
r
comm_tracedispatchlog(warn
,event(duplicate_bin_full,
req(0),bin(smart_bin3),tru
ck(none),note(ignored)),co
ntrol_center)control_cente
r
comm_tracedispatchlog(warn
,event(duplicate_bin_full,
req(0),bin(smart_bin3),tru
ck(none),note(ignored)),co
ntrol_center)control_cente
r
comm_tracedispatchlog(warn
,event(duplicate_bin_full,
req(0),bin(smart_bin3),tru
ck(none),note(ignored)),co
ntrol_center)control_cente
r
comm_tracedispatchlog(warn
,event(duplicate_bin_full,
req(0),bin(smart_bin3),tru
ck(none),note(ignored)),co
ntrol_center)control_cente
r
comm_tracedispatchlog(warn
,event(duplicate_bin_full,
req(0),bin(smart_bin3),tru
ck(none),note(ignored)),co
ntrol_center)control_cente
r
[RX CORE] to=logger from=c
ontrol_center msg=send_mes
sage(log(warn,event(duplic
ate_bin_full,req(0),bin(sm
art_bin3),truck(none),note
(ignored)),control_center)
,control_center)
comm_tracedispatchlog(warn
,event(duplicate_bin_full,
req(0),bin(smart_bin3),tru
ck(none),note(ignored)),co
ntrol_center)control_cente
r
comm_tracedispatchlog(warn
,event(duplicate_bin_full,
req(0),bin(smart_bin3),tru
ck(none),note(ignored)),co
ntrol_center)control_cente
r
comm_tracedispatchlog(warn
,event(duplicate_bin_full,
req(0),bin(smart_bin3),tru
ck(none),note(ignored)),co
ntrol_center)control_cente
r
comm_tracedispatchlog(warn
,event(duplicate_bin_full,
req(0),bin(smart_bin3),tru
ck(none),note(ignored)),co
ntrol_center)control_cente
r
comm_tracedispatchlog(warn
,event(duplicate_bin_full,
req(0),bin(smart_bin3),tru
ck(none),note(ignored)),co
ntrol_center)control_cente
r
comm_tracedispatchlog(warn
,event(duplicate_bin_full,
req(0),bin(smart_bin3),tru
ck(none),note(ignored)),co
ntrol_center)control_cente
r
comm_tracedispatchlog(warn
,event(duplicate_bin_full,
req(0),bin(smart_bin3),tru
ck(none),note(ignored)),co
ntrol_center)control_cente
r
comm_tracedispatchlog(warn
,event(duplicate_bin_full,
req(0),bin(smart_bin3),tru
ck(none),note(ignored)),co
ntrol_center)control_cente
r
[RX CORE] to=logger from=c
ontrol_center msg=send_mes
sage(log(warn,event(duplic
ate_bin_full,req(0),bin(sm
art_bin3),truck(none),note
(ignored)),control_center)
,control_center)
comm_tracedispatchlog(warn
,event(duplicate_bin_full,
req(0),bin(smart_bin3),tru
ck(none),note(ignored)),co
ntrol_center)control_cente
r
comm_tracedispatchlog(warn
,event(duplicate_bin_full,
req(0),bin(smart_bin3),tru
ck(none),note(ignored)),co
ntrol_center)control_cente
r
comm_tracedispatchlog(warn
,event(duplicate_bin_full,
req(0),bin(smart_bin3),tru
ck(none),note(ignored)),co
ntrol_center)control_cente
r
comm_tracedispatchlog(warn
,event(duplicate_bin_full,
req(0),bin(smart_bin3),tru
ck(none),note(ignored)),co
ntrol_center)control_cente
r
comm_tracedispatchlog(warn
,event(duplicate_bin_full,
req(0),bin(smart_bin3),tru
ck(none),note(ignored)),co
ntrol_center)control_cente
r
comm_tracedispatchlog(warn
,event(duplicate_bin_full,
req(0),bin(smart_bin3),tru
ck(none),note(ignored)),co
ntrol_center)control_cente
r
comm_tracedispatchlog(warn
,event(duplicate_bin_full,
req(0),bin(smart_bin3),tru
ck(none),note(ignored)),co
ntrol_center)control_cente
r
comm_tracedispatchlog(warn
,event(duplicate_bin_full,
req(0),bin(smart_bin3),tru
ck(none),note(ignored)),co
ntrol_center)control_cente
r
[RX CORE] to=logger from=c
ontrol_center msg=send_mes
sage(log(warn,event(duplic
ate_bin_full,req(0),bin(sm
art_bin3),truck(none),note
(ignored)),control_center)
,control_center)
comm_tracedispatchlog(warn
,event(duplicate_bin_full,
req(0),bin(smart_bin3),tru
ck(none),note(ignored)),co
ntrol_center)control_cente
r
comm_tracedispatchlog(warn
,event(duplicate_bin_full,
req(0),bin(smart_bin3),tru
ck(none),note(ignored)),co
ntrol_center)control_cente
r
comm_tracedispatchlog(warn
,event(duplicate_bin_full,
req(0),bin(smart_bin3),tru
ck(none),note(ignored)),co
ntrol_center)control_cente
r
comm_tracedispatchlog(warn
,event(duplicate_bin_full,
req(0),bin(smart_bin3),tru
ck(none),note(ignored)),co
ntrol_center)control_cente
r
comm_tracedispatchlog(warn
,event(duplicate_bin_full,
req(0),bin(smart_bin3),tru
ck(none),note(ignored)),co
ntrol_center)control_cente
r
comm_tracedispatchlog(warn
,event(duplicate_bin_full,
req(0),bin(smart_bin3),tru
ck(none),note(ignored)),co
ntrol_center)control_cente
r
comm_tracedispatchlog(warn
,event(duplicate_bin_full,
req(0),bin(smart_bin3),tru
ck(none),note(ignored)),co
ntrol_center)control_cente
r
comm_tracedispatchlog(warn
,event(duplicate_bin_full,
req(0),bin(smart_bin3),tru
ck(none),note(ignored)),co
ntrol_center)control_cente
r
[RX CORE] to=logger from=c
ontrol_center msg=send_mes
sage(log(warn,event(duplic
ate_bin_full,req(0),bin(sm
art_bin3),truck(none),note
(ignored)),control_center)
,control_center)
comm_tracedispatchlog(warn
,event(duplicate_bin_full,
req(0),bin(smart_bin3),tru
ck(none),note(ignored)),co
ntrol_center)control_cente
r
comm_tracedispatchlog(warn
,event(duplicate_bin_full,
req(0),bin(smart_bin3),tru
ck(none),note(ignored)),co
ntrol_center)control_cente
r
comm_tracedispatchlog(warn
,event(duplicate_bin_full,
req(0),bin(smart_bin3),tru
ck(none),note(ignored)),co
ntrol_center)control_cente
r
comm_tracedispatchlog(warn
,event(duplicate_bin_full,
req(0),bin(smart_bin3),tru
ck(none),note(ignored)),co
ntrol_center)control_cente
r
comm_tracedispatchlog(warn
,event(duplicate_bin_full,
req(0),bin(smart_bin3),tru
ck(none),note(ignored)),co
ntrol_center)control_cente
r
comm_tracedispatchlog(warn
,event(duplicate_bin_full,
req(0),bin(smart_bin3),tru
ck(none),note(ignored)),co
ntrol_center)control_cente
r
comm_tracedispatchlog(warn
,event(duplicate_bin_full,
req(0),bin(smart_bin3),tru
ck(none),note(ignored)),co
ntrol_center)control_cente
r
comm_tracedispatchlog(warn
,event(duplicate_bin_full,
req(0),bin(smart_bin3),tru
ck(none),note(ignored)),co
ntrol_center)control_cente
r
[RX CORE] to=logger from=c
ontrol_center msg=send_mes
sage(log(warn,event(duplic
ate_bin_full,req(0),bin(sm
art_bin3),truck(none),note
(ignored)),control_center)
,control_center)
comm_tracedispatchlog(warn
,event(duplicate_bin_full,
req(0),bin(smart_bin3),tru
ck(none),note(ignored)),co
ntrol_center)control_cente
r
comm_tracedispatchlog(warn
,event(duplicate_bin_full,
req(0),bin(smart_bin3),tru
ck(none),note(ignored)),co
ntrol_center)control_cente
r
comm_tracedispatchlog(warn
,event(duplicate_bin_full,
req(0),bin(smart_bin3),tru
ck(none),note(ignored)),co
ntrol_center)control_cente
r
comm_tracedispatchlog(warn
,event(duplicate_bin_full,
req(0),bin(smart_bin3),tru
ck(none),note(ignored)),co
ntrol_center)control_cente
r
comm_tracedispatchlog(warn
,event(duplicate_bin_full,
req(0),bin(smart_bin3),tru
ck(none),note(ignored)),co
ntrol_center)control_cente
r
comm_tracedispatchlog(warn
,event(duplicate_bin_full,
req(0),bin(smart_bin3),tru
ck(none),note(ignored)),co
ntrol_center)control_cente
r
comm_tracedispatchlog(warn
,event(duplicate_bin_full,
req(0),bin(smart_bin3),tru
ck(none),note(ignored)),co
ntrol_center)control_cente
r
comm_tracedispatchlog(warn
,event(duplicate_bin_full,
req(0),bin(smart_bin3),tru
ck(none),note(ignored)),co
ntrol_center)control_cente
r
comm_tracedispatchlog(info
,event(request_opened,req(
3),bin(smart_bin3),truck(n
one),note(accepted)),contr
ol_center)control_center
[RX CORE] to=logger from=c
ontrol_center msg=send_mes
sage(log(warn,event(duplic
ate_bin_full,req(0),bin(sm
art_bin3),truck(none),note
(ignored)),control_center)
,control_center)
comm_tracedispatchlog(warn
,event(duplicate_bin_full,
req(0),bin(smart_bin3),tru
ck(none),note(ignored)),co
ntrol_center)control_cente
r
comm_tracedispatchlog(warn
,event(duplicate_bin_full,
req(0),bin(smart_bin3),tru
ck(none),note(ignored)),co
ntrol_center)control_cente
r
comm_tracedispatchlog(warn
,event(duplicate_bin_full,
req(0),bin(smart_bin3),tru
ck(none),note(ignored)),co
ntrol_center)control_cente
r
comm_tracedispatchlog(warn
,event(duplicate_bin_full,
req(0),bin(smart_bin3),tru
ck(none),note(ignored)),co
ntrol_center)control_cente
r
comm_tracedispatchlog(warn
,event(duplicate_bin_full,
req(0),bin(smart_bin3),tru
ck(none),note(ignored)),co
ntrol_center)control_cente
r
comm_tracedispatchlog(warn
,event(duplicate_bin_full,
req(0),bin(smart_bin3),tru
ck(none),note(ignored)),co
ntrol_center)control_cente
r
comm_tracedispatchlog(warn
,event(duplicate_bin_full,
req(0),bin(smart_bin3),tru
ck(none),note(ignored)),co
ntrol_center)control_cente
r
comm_tracedispatchlog(warn
,event(duplicate_bin_full,
req(0),bin(smart_bin3),tru
ck(none),note(ignored)),co
ntrol_center)control_cente
r
[RX CORE] to=logger from=c
ontrol_center msg=send_mes
sage(log(warn,event(duplic
ate_bin_full,req(0),bin(sm
art_bin3),truck(none),note
(ignored)),control_center)
,control_center)
comm_tracedispatchlog(warn
,event(duplicate_bin_full,
req(0),bin(smart_bin3),tru
ck(none),note(ignored)),co
ntrol_center)control_cente
r
comm_tracedispatchlog(warn
,event(duplicate_bin_full,
req(0),bin(smart_bin3),tru
ck(none),note(ignored)),co
ntrol_center)control_cente
r
comm_tracedispatchlog(warn
,event(duplicate_bin_full,
req(0),bin(smart_bin3),tru
ck(none),note(ignored)),co
ntrol_center)control_cente
r
comm_tracedispatchlog(warn
,event(duplicate_bin_full,
req(0),bin(smart_bin3),tru
ck(none),note(ignored)),co
ntrol_center)control_cente
r
comm_tracedispatchlog(warn
,event(duplicate_bin_full,
req(0),bin(smart_bin3),tru
ck(none),note(ignored)),co
ntrol_center)control_cente
r
comm_tracedispatchlog(warn
,event(duplicate_bin_full,
req(0),bin(smart_bin3),tru
ck(none),note(ignored)),co
ntrol_center)control_cente
r
comm_tracedispatchlog(warn
,event(duplicate_bin_full,
req(0),bin(smart_bin3),tru
ck(none),note(ignored)),co
ntrol_center)control_cente
r
comm_tracedispatchlog(warn
,event(duplicate_bin_full,
req(0),bin(smart_bin3),tru
ck(none),note(ignored)),co
ntrol_center)control_cente
r
comm_tracedispatchlog(info
,event(request_opened,req(
3),bin(smart_bin3),truck(n
one),note(accepted)),contr
ol_center)control_center
comm_tracedispatchlog(info
,event(request_opened,req(
3),bin(smart_bin3),truck(n
one),note(accepted)),contr
ol_center)control_center
[RX CORE] to=logger from=c
ontrol_center msg=send_mes
sage(log(info,event(assign
ment_acked,req(1),bin(smar
t_bin1),truck(truck1),note
(awaiting_completion)),con
trol_center),control_cente
r)
comm_tracedispatchlog(info
,event(assignment_acked,re
q(1),bin(smart_bin1),truck
(truck1),note(awaiting_com
pletion)),control_center)c
ontrol_center
comm_tracedispatchlog(info
,event(assignment_acked,re
q(1),bin(smart_bin1),truck
(truck1),note(awaiting_com
pletion)),control_center)c
ontrol_center
comm_tracedispatchlog(info
,event(assignment_acked,re
q(1),bin(smart_bin1),truck
(truck1),note(awaiting_com
pletion)),control_center)c
ontrol_center
comm_tracedispatchlog(info
,event(assignment_acked,re
q(1),bin(smart_bin1),truck
(truck1),note(awaiting_com
pletion)),control_center)c
ontrol_center
comm_tracedispatchlog(info
,event(assignment_acked,re
q(1),bin(smart_bin1),truck
(truck1),note(awaiting_com
pletion)),control_center)c
ontrol_center
comm_tracedispatchlog(info
,event(assignment_acked,re
q(1),bin(smart_bin1),truck
(truck1),note(awaiting_com
pletion)),control_center)c
ontrol_center
comm_tracedispatchlog(info
,event(assignment_acked,re
q(1),bin(smart_bin1),truck
(truck1),note(awaiting_com
pletion)),control_center)c
ontrol_center
comm_tracedispatchlog(info
,event(assignment_acked,re
q(1),bin(smart_bin1),truck
(truck1),note(awaiting_com
pletion)),control_center)c
ontrol_center
[RX CORE] to=logger from=c
ontrol_center msg=send_mes
sage(log(info,collection_c
omplete,smart_bin1),contro
l_center)
comm_tracedispatchlog(info
,collection_complete,smart
_bin1)control_center
[RX CORE] to=logger from=c
ontrol_center msg=send_mes
sage(log(info,event(reset_
sent,req(1),bin(smart_bin1
),truck(truck1),note(await
ing_reset_ack)),control_ce
nter),control_center)
comm_tracedispatchlog(info
,event(reset_sent,req(1),b
in(smart_bin1),truck(truck
1),note(awaiting_reset_ack
)),control_center)control_
center
comm_tracedispatchlog(info
,event(reset_sent,req(1),b
in(smart_bin1),truck(truck
1),note(awaiting_reset_ack
)),control_center)control_
center
comm_tracedispatchlog(info
,event(reset_sent,req(1),b
in(smart_bin1),truck(truck
1),note(awaiting_reset_ack
)),control_center)control_
center
comm_tracedispatchlog(info
,event(reset_sent,req(1),b
in(smart_bin1),truck(truck
1),note(awaiting_reset_ack
)),control_center)control_
center
comm_tracedispatchlog(info
,event(reset_sent,req(1),b
in(smart_bin1),truck(truck
1),note(awaiting_reset_ack
)),control_center)control_
center
comm_tracedispatchlog(info
,event(reset_sent,req(1),b
in(smart_bin1),truck(truck
1),note(awaiting_reset_ack
)),control_center)control_
center
comm_tracedispatchlog(info
,event(reset_sent,req(1),b
in(smart_bin1),truck(truck
1),note(awaiting_reset_ack
)),control_center)control_
center
comm_tracedispatchlog(info
,event(reset_sent,req(1),b
in(smart_bin1),truck(truck
1),note(awaiting_reset_ack
)),control_center)control_
center
[RX CORE] to=logger from=s
mart_bin1 msg=send_message
(log(info,bin_reset,smart_
bin1),smart_bin1)
comm_tracedispatchlog(info
,bin_reset,smart_bin1)smar
t_bin1
comm_tracedispatchlog(info
,bin_reset,smart_bin1)smar
t_bin1
comm_tracedispatchlog(info
,bin_reset,smart_bin1)smar
t_bin1
comm_tracedispatchlog(info
,bin_reset,smart_bin1)smar
t_bin1
comm_tracedispatchlog(info
,bin_reset,smart_bin1)smar
t_bin1
comm_tracedispatchlog(info
,bin_reset,smart_bin1)smar
t_bin1
comm_tracedispatchlog(info
,bin_reset,smart_bin1)smar
t_bin1
comm_tracedispatchlog(info
,bin_reset,smart_bin1)smar
t_bin1
[RX CORE] to=logger from=s
mart_bin1 msg=send_message
(log(info,level_update,sma
rt_bin1),smart_bin1)
comm_tracedispatchlog(info
,level_update,smart_bin1)s
mart_bin1
comm_tracedispatchlog(info
,level_update,smart_bin1)s
mart_bin1
comm_tracedispatchlog(info
,level_update,smart_bin1)s
mart_bin1
comm_tracedispatchlog(info
,level_update,smart_bin1)s
mart_bin1
comm_tracedispatchlog(info
,level_update,smart_bin1)s
mart_bin1
comm_tracedispatchlog(info
,level_update,smart_bin1)s
mart_bin1
comm_tracedispatchlog(info
,level_update,smart_bin1)s
mart_bin1
comm_tracedispatchlog(info
,level_update,smart_bin1)s
mart_bin1
[RX CORE] to=logger from=s
mart_bin1 msg=send_message
(log(info,level_update,sma
rt_bin1),smart_bin1)
comm_tracedispatchlog(info
,level_update,smart_bin1)s
mart_bin1
comm_tracedispatchlog(info
,level_update,smart_bin1)s
mart_bin1
comm_tracedispatchlog(info
,level_update,smart_bin1)s
mart_bin1
comm_tracedispatchlog(info
,level_update,smart_bin1)s
mart_bin1
comm_tracedispatchlog(info
,level_update,smart_bin1)s
mart_bin1
comm_tracedispatchlog(info
,level_update,smart_bin1)s
mart_bin1
comm_tracedispatchlog(info
,level_update,smart_bin1)s
mart_bin1
comm_tracedispatchlog(info
,level_update,smart_bin1)s
mart_bin1
[RX CORE] to=logger from=s
mart_bin1 msg=send_message
(log(info,level_update,sma
rt_bin1),smart_bin1)
comm_tracedispatchlog(info
,level_update,smart_bin1)s
mart_bin1
comm_tracedispatchlog(info
,level_update,smart_bin1)s
mart_bin1
comm_tracedispatchlog(info
,level_update,smart_bin1)s
mart_bin1
comm_tracedispatchlog(info
,level_update,smart_bin1)s
mart_bin1
comm_tracedispatchlog(info
,level_update,smart_bin1)s
mart_bin1
comm_tracedispatchlog(info
,level_update,smart_bin1)s
mart_bin1
comm_tracedispatchlog(info
,level_update,smart_bin1)s
mart_bin1
comm_tracedispatchlog(info
,level_update,smart_bin1)s
mart_bin1
[RX CORE] to=logger from=s
mart_bin1 msg=send_message
(log(info,level_update,sma
rt_bin1),smart_bin1)
comm_tracedispatchlog(info
,level_update,smart_bin1)s
mart_bin1
comm_tracedispatchlog(info
,level_update,smart_bin1)s
mart_bin1
comm_tracedispatchlog(info
,level_update,smart_bin1)s
mart_bin1
comm_tracedispatchlog(info
,level_update,smart_bin1)s
mart_bin1
comm_tracedispatchlog(info
,level_update,smart_bin1)s
mart_bin1
comm_tracedispatchlog(info
,level_update,smart_bin1)s
mart_bin1
comm_tracedispatchlog(info
,level_update,smart_bin1)s
mart_bin1
comm_tracedispatchlog(info
,level_update,smart_bin1)s
mart_bin1
comm_tracedispatchlog(info
,collection_complete,smart
_bin1)control_center
[RX CORE] to=logger from=s
mart_bin1 msg=send_message
(log(info,level_update,sma
rt_bin1),smart_bin1)
comm_tracedispatchlog(info
,level_update,smart_bin1)s
mart_bin1
comm_tracedispatchlog(info
,level_update,smart_bin1)s
mart_bin1
comm_tracedispatchlog(info
,level_update,smart_bin1)s
mart_bin1
comm_tracedispatchlog(info
,level_update,smart_bin1)s
mart_bin1
comm_tracedispatchlog(info
,level_update,smart_bin1)s
mart_bin1
comm_tracedispatchlog(info
,level_update,smart_bin1)s
mart_bin1
comm_tracedispatchlog(info
,level_update,smart_bin1)s
mart_bin1
comm_tracedispatchlog(info
,level_update,smart_bin1)s
mart_bin1
[RX CORE] to=logger from=s
mart_bin1 msg=send_message
(log(info,bin_full,smart_b
in1),smart_bin1)
comm_tracedispatchlog(info
,bin_full,smart_bin1)smart
_bin1
comm_tracedispatchlog(info
,bin_full,smart_bin1)smart
_bin1
comm_tracedispatchlog(info
,bin_full,smart_bin1)smart
_bin1
comm_tracedispatchlog(info
,bin_full,smart_bin1)smart
_bin1
comm_tracedispatchlog(info
,bin_full,smart_bin1)smart
_bin1
comm_tracedispatchlog(info
,bin_full,smart_bin1)smart
_bin1
comm_tracedispatchlog(info
,bin_full,smart_bin1)smart
_bin1
comm_tracedispatchlog(info
,bin_full,smart_bin1)smart
_bin1
comm_tracedispatchlog(info
,collection_complete,smart
_bin1)control_center
comm_tracedispatchlog(info
,collection_complete,smart
_bin1)control_center
comm_tracedispatchlog(info
,collection_complete,smart
_bin1)control_center
comm_tracedispatchlog(info
,collection_complete,smart
_bin1)control_center
comm_tracedispatchlog(info
,collection_complete,smart
_bin1)control_center
comm_tracedispatchlog(info
,collection_complete,smart
_bin1)control_center

