SICStus 4.6.0 (x86_64-linu
x-glibc2.17): Mon Apr  6 0
9:23:37 PDT 2020
Licensed to studentSP4.6cc
.univaq.it
---------- Opened 127.0.0.
1 '$stream'(12313132602937
6)
---------- Opened 127.0.0.
1 '$stream'(12313129903059
2)
---------- Opened 127.0.0.
1 '$stream'(12313132613550
4)
---------- Opened 127.0.0.
1 '$stream'(12313132613572
8)
---------- Opened 127.0.0.
1 '$stream'(12313132604961
6)
---------- Opened 127.0.0.
1 '$stream'(12313132628976
0)
---------- Opened 127.0.0.
1 '$stream'(12313132623854
4)
---------- Opened 127.0.0.
1 '$stream'(12313132577427
2)

