SICStus 4.6.0 (x86_64-linu
x-glibc2.17): Mon Apr  6 0
9:23:37 PDT 2020
Licensed to studentSP4.6cc
.univaq.it
---------- Opened 127.0.0.
1 '$stream'(13356413768454
4)
---------- Opened 127.0.0.
1 '$stream'(13356412586553
6)
---------- Opened 127.0.0.
1 '$stream'(13356413779067
2)
---------- Opened 127.0.0.
1 '$stream'(13356413779089
6)
---------- Opened 127.0.0.
1 '$stream'(13356413782628
8)
---------- Opened 127.0.0.
1 '$stream'(13356413794492
8)
---------- Opened 127.0.0.
1 '$stream'(13356410691060
8)
---------- Opened 127.0.0.
1 '$stream'(13356410746172
8)

