comm_tracedispatchlog(info
,level_update,smart_bin3)s
mart_bin3
comm_tracedispatchlog(info
,level_update,smart_bin3)s
mart_bin3
comm_tracedispatchlog(info
,level_update,smart_bin3)s
mart_bin3
comm_tracedispatchlog(info
,event(request_closed,req(
8),bin(smart_bin1),truck(t
ruck2),note(reset_acked)),
control_center)control_cen
ter
[RX CORE] to=logger from=s
mart_bin1 msg=send_message
(log(info,level_update,sma
rt_bin1),smart_bin1)
comm_tracedispatchlog(info
,level_update,smart_bin1)s
mart_bin1
comm_tracedispatchlog(info
,level_update,smart_bin1)s
mart_bin1
comm_tracedispatchlog(info
,level_update,smart_bin1)s
mart_bin1
comm_tracedispatchlog(info
,level_update,smart_bin1)s
mart_bin1
comm_tracedispatchlog(info
,level_update,smart_bin1)s
mart_bin1
comm_tracedispatchlog(info
,level_update,smart_bin1)s
mart_bin1
comm_tracedispatchlog(info
,level_update,smart_bin1)s
mart_bin1
comm_tracedispatchlog(info
,level_update,smart_bin1)s
mart_bin1
comm_tracedispatchlog(info
,event(request_closed,req(
8),bin(smart_bin1),truck(t
ruck2),note(reset_acked)),
control_center)control_cen
ter
[RX CORE] to=logger from=s
mart_bin2 msg=send_message
(log(info,level_update,sma
rt_bin2),smart_bin2)
comm_tracedispatchlog(info
,level_update,smart_bin2)s
mart_bin2
comm_tracedispatchlog(info
,level_update,smart_bin2)s
mart_bin2
comm_tracedispatchlog(info
,level_update,smart_bin2)s
mart_bin2
comm_tracedispatchlog(info
,level_update,smart_bin2)s
mart_bin2
comm_tracedispatchlog(info
,level_update,smart_bin2)s
mart_bin2
comm_tracedispatchlog(info
,level_update,smart_bin2)s
mart_bin2
comm_tracedispatchlog(info
,level_update,smart_bin2)s
mart_bin2
comm_tracedispatchlog(info
,level_update,smart_bin2)s
mart_bin2
[RX CORE] to=logger from=s
mart_bin2 msg=send_message
(log(info,bin_full,smart_b
in2),smart_bin2)
comm_tracedispatchlog(info
,bin_full,smart_bin2)smart
_bin2
[RX CORE] to=logger from=s
mart_bin3 msg=send_message
(log(info,level_update,sma
rt_bin3),smart_bin3)
comm_tracedispatchlog(info
,level_update,smart_bin3)s
mart_bin3
comm_tracedispatchlog(info
,level_update,smart_bin3)s
mart_bin3
comm_tracedispatchlog(info
,level_update,smart_bin3)s
mart_bin3
comm_tracedispatchlog(info
,level_update,smart_bin3)s
mart_bin3
comm_tracedispatchlog(info
,level_update,smart_bin3)s
mart_bin3
comm_tracedispatchlog(info
,level_update,smart_bin3)s
mart_bin3
comm_tracedispatchlog(info
,level_update,smart_bin3)s
mart_bin3
comm_tracedispatchlog(info
,level_update,smart_bin3)s
mart_bin3
comm_tracedispatchlog(info
,bin_full,smart_bin2)smart
_bin2
[RX CORE] to=logger from=s
mart_bin3 msg=send_message
(log(info,bin_full,smart_b
in3),smart_bin3)
comm_tracedispatchlog(info
,bin_full,smart_bin3)smart
_bin3
comm_tracedispatchlog(info
,bin_full,smart_bin3)smart
_bin3
comm_tracedispatchlog(info
,bin_full,smart_bin3)smart
_bin3
comm_tracedispatchlog(info
,bin_full,smart_bin3)smart
_bin3
comm_tracedispatchlog(info
,bin_full,smart_bin3)smart
_bin3
comm_tracedispatchlog(info
,bin_full,smart_bin3)smart
_bin3
comm_tracedispatchlog(info
,bin_full,smart_bin3)smart
_bin3
comm_tracedispatchlog(info
,bin_full,smart_bin3)smart
_bin3
comm_tracedispatchlog(info
,bin_full,smart_bin2)smart
_bin2
[RX CORE] to=logger from=c
ontrol_center msg=send_mes
sage(log(info,event(reques
t_opened,req(9),bin(smart_
bin2),truck(none),note(acc
epted)),control_center),co
ntrol_center)
comm_tracedispatchlog(info
,event(request_opened,req(
9),bin(smart_bin2),truck(n
one),note(accepted)),contr
ol_center)control_center
comm_tracedispatchlog(info
,event(request_opened,req(
9),bin(smart_bin2),truck(n
one),note(accepted)),contr
ol_center)control_center
comm_tracedispatchlog(info
,event(request_opened,req(
9),bin(smart_bin2),truck(n
one),note(accepted)),contr
ol_center)control_center
comm_tracedispatchlog(info
,event(request_opened,req(
9),bin(smart_bin2),truck(n
one),note(accepted)),contr
ol_center)control_center
comm_tracedispatchlog(info
,event(request_opened,req(
9),bin(smart_bin2),truck(n
one),note(accepted)),contr
ol_center)control_center
comm_tracedispatchlog(info
,event(request_opened,req(
9),bin(smart_bin2),truck(n
one),note(accepted)),contr
ol_center)control_center
comm_tracedispatchlog(info
,event(request_opened,req(
9),bin(smart_bin2),truck(n
one),note(accepted)),contr
ol_center)control_center
comm_tracedispatchlog(info
,event(request_opened,req(
9),bin(smart_bin2),truck(n
one),note(accepted)),contr
ol_center)control_center
comm_tracedispatchlog(info
,bin_full,smart_bin2)smart
_bin2
[RX CORE] to=logger from=c
ontrol_center msg=send_mes
sage(log(info,event(pickup
_request_sent,req(9),bin(s
mart_bin2),truck(truck1),n
ote(awaiting_reply)),contr
ol_center),control_center)
comm_tracedispatchlog(info
,event(pickup_request_sent
,req(9),bin(smart_bin2),tr
uck(truck1),note(awaiting_
reply)),control_center)con
trol_center
comm_tracedispatchlog(info
,event(pickup_request_sent
,req(9),bin(smart_bin2),tr
uck(truck1),note(awaiting_
reply)),control_center)con
trol_center
comm_tracedispatchlog(info
,event(pickup_request_sent
,req(9),bin(smart_bin2),tr
uck(truck1),note(awaiting_
reply)),control_center)con
trol_center
comm_tracedispatchlog(info
,event(pickup_request_sent
,req(9),bin(smart_bin2),tr
uck(truck1),note(awaiting_
reply)),control_center)con
trol_center
comm_tracedispatchlog(info
,event(pickup_request_sent
,req(9),bin(smart_bin2),tr
uck(truck1),note(awaiting_
reply)),control_center)con
trol_center
comm_tracedispatchlog(info
,event(pickup_request_sent
,req(9),bin(smart_bin2),tr
uck(truck1),note(awaiting_
reply)),control_center)con
trol_center
comm_tracedispatchlog(info
,event(pickup_request_sent
,req(9),bin(smart_bin2),tr
uck(truck1),note(awaiting_
reply)),control_center)con
trol_center

