SICStus 4.6.0 (x86_64-linu
x-glibc2.17): Mon Apr  6 0
9:23:37 PDT 2020
Licensed to studentSP4.6cc
.univaq.it
---------- Opened 127.0.0.
1 '$stream'(12570373726163
2)
---------- Opened 127.0.0.
1 '$stream'(12570372544262
4)
---------- Opened 127.0.0.
1 '$stream'(12570373736776
0)
---------- Opened 127.0.0.
1 '$stream'(12570373736798
4)
---------- Opened 127.0.0.
1 '$stream'(12570373740363
2)
---------- Opened 127.0.0.
1 '$stream'(12570373723470
4)
---------- Opened 127.0.0.
1 '$stream'(12570373738891
2)
---------- Opened 127.0.0.
1 '$stream'(12570370706636
8)

