SICStus 4.6.0 (x86_64-linu
x-glibc2.17): Mon Apr  6 0
9:23:37 PDT 2020
Licensed to studentSP4.6cc
.univaq.it
---------- Opened 127.0.0.
1 '$stream'(12638764998611
2)
---------- Opened 127.0.0.
1 '$stream'(12638763816710
4)
---------- Opened 127.0.0.
1 '$stream'(12638765009224
0)
---------- Opened 127.0.0.
1 '$stream'(12638765009246
4)
---------- Opened 127.0.0.
1 '$stream'(12638765000652
8)
---------- Opened 127.0.0.
1 '$stream'(12638764966252
8)
---------- Opened 127.0.0.
1 '$stream'(12638761921217
6)
---------- Opened 127.0.0.
1 '$stream'(12638761968433
6)

