SICStus 4.6.0 (x86_64-linu
x-glibc2.17): Mon Apr  6 0
9:23:37 PDT 2020
Licensed to studentSP4.6cc
.univaq.it
---------- Opened 127.0.0.
1 '$stream'(13168639356064
0)
---------- Opened 127.0.0.
1 '$stream'(13168636637344
0)
---------- Opened 127.0.0.
1 '$stream'(13168639385017
6)
---------- Opened 127.0.0.
1 '$stream'(13168634500908
8)
---------- Opened 127.0.0.
1 '$stream'(13168639358081
6)
---------- Opened 127.0.0.
1 '$stream'(13168639349035
2)
---------- Opened 127.0.0.
1 '$stream'(13168639379060
8)
---------- Opened 127.0.0.
1 '$stream'(13168639323684
8)

