SICStus 4.6.0 (x86_64-linu
x-glibc2.17): Mon Apr  6 0
9:23:37 PDT 2020
Licensed to studentSP4.6cc
.univaq.it
---------- Opened 127.0.0.
1 '$stream'(13312441314464
0)
---------- Opened 127.0.0.
1 '$stream'(13312440132563
2)
---------- Opened 127.0.0.
1 '$stream'(13312441325076
8)
---------- Opened 127.0.0.
1 '$stream'(13312441325099
2)
---------- Opened 127.0.0.
1 '$stream'(13312441316502
4)
---------- Opened 127.0.0.
1 '$stream'(13312441328659
2)
---------- Opened 127.0.0.
1 '$stream'(13312441307452
8)
---------- Opened 127.0.0.
1 '$stream'(13312441340497
6)

