SICStus 4.6.0 (x86_64-linu
x-glibc2.17): Mon Apr  6 0
9:23:37 PDT 2020
Licensed to studentSP4.6cc
.univaq.it
---------- Opened 127.0.0.
1 '$stream'(13304229287072
0)
---------- Opened 127.0.0.
1 '$stream'(13304226531897
6)
---------- Opened 127.0.0.
1 '$stream'(13304229297684
8)
---------- Opened 127.0.0.
1 '$stream'(13304229297707
2)
---------- Opened 127.0.0.
1 '$stream'(13304229289110
4)
---------- Opened 127.0.0.
1 '$stream'(13304229301267
2)
---------- Opened 127.0.0.
1 '$stream'(13304229280043
2)
---------- Opened 127.0.0.
1 '$stream'(13304229313105
6)

