_normal
[STEP EXIT] prendi_action_
normal
[STEP ENTER] controlla_vit
a
[STEP EXIT] controlla_vita
[STEP EXIT] internal
[STEP ENTER] external
[STEP ENTER] forced_monito
r_tick
[STEP EXIT] forced_monitor
_tick
[STEP ENTER] poll_flow_que
ue
[STEP EXIT] poll_flow_queu
e
[STEP ENTER] ricmess
[STEP EXIT] ricmess
[STEP ENTER] processa_eve
[STEP EXIT] processa_eve
[STEP ENTER] examine_mul
[STEP EXIT] examine_mul
[STEP ENTER] keep_action
[STEP EXIT] keep_action
[STEP ENTER] blocco_constr
[STEP EXIT] blocco_constr
[STEP ENTER] execute_do_ac
tion_propose
[STEP EXIT] execute_do_act
ion_propose
[STEP ENTER] controlla_mes
saggi_freq
[CORE WARN] step failed: c
ontrolla_messaggi_freq err
=error(existence_error(pro
cedure,user:controlla_mess
aggi_freq/0),existence_err
or($@(user:controlla_messa
ggi_freq,134376374208428),
0,procedure,user:controlla
_messaggi_freq/0,0))
[STEP EXIT] controlla_mess
aggi_freq
[STEP ENTER] svuota_coda_p
riority
[STEP EXIT] svuota_coda_pr
iority
[STEP ENTER] prendi_action
_normal
[STEP EXIT] prendi_action_
normal
[STEP ENTER] controlla_vit
a
[STEP EXIT] controlla_vita
[STEP EXIT] external
[STEP ENTER] forced_monito
r_tick
[STEP EXIT] forced_monitor
_tick
[STEP ENTER] side_goal
[STEP EXIT] side_goal
[CORE LOOP]
[STEP ENTER] internal
[STEP ENTER] forced_monito
r_tick
[STEP EXIT] forced_monitor
_tick
[STEP ENTER] poll_flow_que
ue
[STEP EXIT] poll_flow_queu
e
[STEP ENTER] ricmess
[STEP EXIT] ricmess
[STEP ENTER] ev_int
[STEP EXIT] ev_int
[STEP ENTER] ev_goal
[STEP EXIT] ev_goal
[STEP ENTER] ev_int0
[STEP EXIT] ev_int0
[STEP ENTER] ev_int2
[STEP EXIT] ev_int2
[STEP ENTER] svuota_coda_p
riority
[STEP EXIT] svuota_coda_pr
iority
[STEP ENTER] scatena
[STEP EXIT] scatena
[STEP ENTER] keep_action
[STEP EXIT] keep_action
[STEP ENTER] blocco_constr
[STEP EXIT] blocco_constr
[STEP ENTER] execute_do_ac
tion_propose
[STEP EXIT] execute_do_act
ion_propose
[STEP ENTER] controlla_mes
saggi_freq
[CORE WARN] step failed: c
ontrolla_messaggi_freq err
=error(existence_error(pro
cedure,user:controlla_mess
aggi_freq/0),existence_err
or($@(user:controlla_messa
ggi_freq,134376374208428),
0,procedure,user:controlla
_messaggi_freq/0,0))
[STEP EXIT] controlla_mess
aggi_freq
[STEP ENTER] prendi_action
_normal
[STEP EXIT] prendi_action_
normal
[STEP ENTER] controlla_vit
a
[STEP EXIT] controlla_vita
[STEP EXIT] internal
[STEP ENTER] external
[STEP ENTER] forced_monito
r_tick
[STEP EXIT] forced_monitor
_tick
[STEP ENTER] poll_flow_que
ue
[STEP EXIT] poll_flow_queu
e
[STEP ENTER] ricmess
[STEP EXIT] ricmess
[STEP ENTER] processa_eve
[STEP EXIT] processa_eve
[STEP ENTER] examine_mul
[STEP EXIT] examine_mul
[STEP ENTER] keep_action
[STEP EXIT] keep_action
[STEP ENTER] blocco_constr
[STEP EXIT] blocco_constr
[STEP ENTER] execute_do_ac
tion_propose
[STEP EXIT] execute_do_act
ion_propose
[STEP ENTER] controlla_mes
saggi_freq
[CORE WARN] step failed: c
ontrolla_messaggi_freq err
=error(existence_error(pro
cedure,user:controlla_mess
aggi_freq/0),existence_err
or($@(user:controlla_messa
ggi_freq,134376374208428),
0,procedure,user:controlla
_messaggi_freq/0,0))
[STEP EXIT] controlla_mess
aggi_freq
[STEP ENTER] svuota_coda_p
riority
[STEP EXIT] svuota_coda_pr
iority
[STEP ENTER] prendi_action
_normal
[STEP EXIT] prendi_action_
normal
[STEP ENTER] controlla_vit
a
[STEP EXIT] controlla_vita
[STEP EXIT] external
[STEP ENTER] forced_monito
r_tick
[STEP EXIT] forced_monitor
_tick
[STEP ENTER] side_goal
[STEP EXIT] side_goal
[CORE LOOP]
[STEP ENTER] internal
[STEP ENTER] forced_monito
r_tick
[STEP EXIT] forced_monitor
_tick
[STEP ENTER] poll_flow_que
ue
[STEP EXIT] poll_flow_queu
e
[STEP ENTER] ricmess
[STEP EXIT] ricmess
[STEP ENTER] ev_int
[STEP EXIT] ev_int
[STEP ENTER] ev_goal
[STEP EXIT] ev_goal
[STEP ENTER] ev_int0
[STEP EXIT] ev_int0
[STEP ENTER] ev_int2
[STEP EXIT] ev_int2
[STEP ENTER] svuota_coda_p
riority
[STEP EXIT] svuota_coda_pr
iority
[STEP ENTER] scatena
[STEP EXIT] scatena
[STEP ENTER] keep_action
[STEP EXIT] keep_action
[STEP ENTER] blocco_constr
[STEP EXIT] blocco_constr
[STEP ENTER] execute_do_ac
tion_propose
[STEP EXIT] execute_do_act
ion_propose
[STEP ENTER] controlla_mes
saggi_freq
[CORE WARN] step failed: c
ontrolla_messaggi_freq err
=error(existence_error(pro
cedure,user:controlla_mess
aggi_freq/0),existence_err
or($@(user:controlla_messa
ggi_freq,134376374208428),
0,procedure,user:controlla
_messaggi_freq/0,0))
[STEP EXIT] controlla_mess
aggi_freq
[STEP ENTER] prendi_action
_normal
[STEP EXIT] prendi_action_
normal
[STEP ENTER] controlla_vit
a
[STEP EXIT] controlla_vita
[STEP EXIT] internal
[STEP ENTER] external
[STEP ENTER] forced_monito
r_tick
[STEP EXIT] forced_monitor
_tick
[STEP ENTER] poll_flow_que
ue
[STEP EXIT] poll_flow_queu
e
[STEP ENTER] ricmess
[STEP EXIT] ricmess
[STEP ENTER] processa_eve
[STEP EXIT] processa_eve
[STEP ENTER] examine_mul
[STEP EXIT] examine_mul
[STEP ENTER] keep_action
[STEP EXIT] keep_action
[STEP ENTER] blocco_constr
[STEP EXIT] blocco_constr
[STEP ENTER] execute_do_ac
tion_propose
[STEP EXIT] execute_do_act
ion_propose
[STEP ENTER] controlla_mes
saggi_freq
[CORE WARN] step failed: c
ontrolla_messaggi_freq err
=error(existence_error(pro
cedure,user:controlla_mess
aggi_freq/0),existence_err
or($@(user:controlla_messa
ggi_freq,134376374208428),
0,procedure,user:controlla
_messaggi_freq/0,0))
[STEP EXIT] controlla_mess
aggi_freq
[STEP ENTER] svuota_coda_p
riority
[STEP EXIT] svuota_coda_pr
iority
[STEP ENTER] prendi_action
_normal
[STEP EXIT] prendi_action_
normal
[STEP ENTER] controlla_vit
a
[STEP EXIT] controlla_vita
[STEP EXIT] external
[STEP ENTER] forced_monito
r_tick
[STEP EXIT] forced_monitor
_tick
[STEP ENTER] side_goal
[STEP EXIT] side_goal
[CORE LOOP]
[STEP ENTER] internal
[STEP ENTER] forced_monito
r_tick
[STEP EXIT] forced_monitor
_tick
[STEP ENTER] poll_flow_que
ue
[STEP EXIT] poll_flow_queu
e
[STEP ENTER] ricmess
[STEP EXIT] ricmess
[STEP ENTER] ev_int
[STEP EXIT] ev_int
[STEP ENTER] ev_goal
[STEP EXIT] ev_goal
[STEP ENTER] ev_int0
[STEP EXIT] ev_int0
[STEP ENTER] ev_int2
[STEP EXIT] ev_int2
[STEP ENTER] svuota_coda_p
riority
[STEP EXIT] svuota_coda_pr
iority
[STEP ENTER] scatena
[STEP EXIT] scatena
[STEP ENTER] keep_action
[STEP EXIT] keep_action
[STEP ENTER] blocco_constr
[STEP EXIT] blocco_constr
[STEP ENTER] execute_do_ac
tion_propose
[STEP EXIT] execute_do_act
ion_propose
[STEP ENTER] controlla_mes
saggi_freq
[CORE WARN] step failed: c
ontrolla_messaggi_freq err
=error(existence_error(pro
cedure,user:controlla_mess
aggi_freq/0),existence_err
or($@(user:controlla_messa
ggi_freq,134376374208428),
0,procedure,user:controlla
_messaggi_freq/0,0))
[STEP EXIT] controlla_mess
aggi_freq
[STEP ENTER] prendi_action
_normal
[STEP EXIT] prendi_action_
normal
[STEP ENTER] controlla_vit
a
[STEP EXIT] controlla_vita
[STEP EXIT] internal
[STEP ENTER] external
[STEP ENTER] forced_monito
r_tick
[STEP EXIT] forced_monitor
_tick
[STEP ENTER] poll_flow_que
ue
[STEP EXIT] poll_flow_queu
e
[STEP ENTER] ricmess
[STEP EXIT] ricmess
[STEP ENTER] processa_eve
[STEP EXIT] processa_eve
[STEP ENTER] examine_mul
[STEP EXIT] examine_mul
[STEP ENTER] keep_action
[STEP EXIT] keep_action
[STEP ENTER] blocco_constr
[STEP EXIT] blocco_constr
[STEP ENTER] execute_do_ac
tion_propose
[STEP EXIT] execute_do_act
ion_propose
[STEP ENTER] controlla_mes
saggi_freq
[CORE WARN] step failed: c
ontrolla_messaggi_freq err
=error(existence_error(pro
cedure,user:controlla_mess
aggi_freq/0),existence_err
or($@(user:controlla_messa
ggi_freq,134376374208428),
0,procedure,user:controlla
_messaggi_freq/0,0))
[STEP EXIT] controlla_mess
aggi_freq
[STEP ENTER] svuota_coda_p
riority
[STEP EXIT] svuota_coda_pr
iority
[STEP ENTER] prendi_action
_normal
[STEP EXIT] prendi_action_
normal
[STEP ENTER] controlla_vit
a
[STEP EXIT] controlla_vita
[STEP EXIT] external
[STEP ENTER] forced_monito
r_tick
[STEP EXIT] forced_monitor
_tick
[STEP ENTER] side_goal
[STEP EXIT] side_goal
[CORE LOOP]
[STEP ENTER] internal
[STEP ENTER] forced_monito
r_tick
[STEP EXIT] forced_monitor
_tick
[STEP ENTER] poll_flow_que
ue
[STEP EXIT] poll_flow_queu
e
[STEP ENTER] ricmess
[STEP EXIT] ricmess
[STEP ENTER] ev_int
[STEP EXIT] ev_int
[STEP ENTER] ev_goal
[STEP EXIT] ev_goal
[STEP ENTER] ev_int0
[STEP EXIT] ev_int0
[STEP ENTER] ev_int2
[STEP EXIT] ev_int2
[STEP ENTER] svuota_coda_p
riority
[STEP EXIT] svuota_coda_pr
iority
[STEP ENTER] scatena
[STEP EXIT] scatena
[STEP ENTER] keep_action
[STEP EXIT] keep_action
[STEP ENTER] blocco_constr
[STEP EXIT] blocco_constr
[STEP ENTER] execute_do_ac
tion_propose
[STEP EXIT] execute_do_act
ion_propose
[STEP ENTER] controlla_mes
saggi_freq
[CORE WARN] step failed: c
ontrolla_messaggi_freq err
=error(existence_error(pro
cedure,user:controlla_mess
aggi_freq/0),existence_err
or($@(user:controlla_messa
ggi_freq,134376374208428),
0,procedure,user:controlla
_messaggi_freq/0,0))
[STEP EXIT] controlla_mess
aggi_freq
[STEP ENTER] prendi_action
_normal
[STEP EXIT] prendi_action_
normal
[STEP ENTER] controlla_vit
a
[STEP EXIT] controlla_vita
[STEP EXIT] internal
[STEP ENTER] external
[STEP ENTER] forced_monito
r_tick
[STEP EXIT] forced_monitor
_tick
[STEP ENTER] poll_flow_que
ue
[STEP EXIT] poll_flow_queu
e
[STEP ENTER] ricmess
[STEP EXIT] ricmess
[STEP ENTER] processa_eve
[STEP EXIT] processa_eve
[STEP ENTER] examine_mul
[STEP EXIT] examine_mul
[STEP ENTER] keep_action
[STEP EXIT] keep_action
[STEP ENTER] blocco_constr
[STEP EXIT] blocco_constr
[STEP ENTER] execute_do_ac
tion_propose
[STEP EXIT] execute_do_act
ion_propose
[STEP ENTER] controlla_mes
saggi_freq
[CORE WARN] step failed: c
ontrolla_messaggi_freq err
=error(existence_error(pro
cedure,user:controlla_mess
aggi_freq/0),existence_err
or($@(user:controlla_messa
ggi_freq,134376374208428),
0,procedure,user:controlla
_messaggi_freq/0,0))
[STEP EXIT] controlla_mess
aggi_freq
[STEP ENTER] svuota_coda_p
riority
[STEP EXIT] svuota_coda_pr
iority
[STEP ENTER] prendi_action
_normal
[STEP EXIT] prendi_action_
normal
[STEP ENTER] controlla_vit
a
[STEP EXIT] controlla_vita
[STEP EXIT] external
[STEP ENTER] forced_monito
r_tick
[STEP EXIT] forced_monitor
_tick
[STEP ENTER] side_goal
[STEP EXIT] side_goal
[CORE LOOP]
[STEP ENTER] internal
[STEP ENTER] forced_monito
r_tick
[STEP EXIT] forced_monitor
_tick
[STEP ENTER] poll_flow_que
ue
[STEP EXIT] poll_flow_queu
e
[STEP ENTER] ricmess
[STEP EXIT] ricmess
[STEP ENTER] ev_int
[STEP EXIT] ev_int
[STEP ENTER] ev_goal
[STEP EXIT] ev_goal
[STEP ENTER] ev_int0
[STEP EXIT] ev_int0
[STEP ENTER] ev_int2
[STEP EXIT] ev_int2
[STEP ENTER] svuota_coda_p
riority
[STEP EXIT] svuota_coda_pr
iority
[STEP ENTER] scatena
[STEP EXIT] scatena
[STEP ENTER] keep_action
[STEP EXIT] keep_action
[STEP ENTER] blocco_constr
[STEP EXIT] blocco_constr
[STEP ENTER] execute_do_ac
tion_propose
[STEP EXIT] execute_do_act
ion_propose
[STEP ENTER] controlla_mes
saggi_freq
[CORE WARN] step failed: c
ontrolla_messaggi_freq err
=error(existence_error(pro
cedure,user:controlla_mess
aggi_freq/0),existence_err
or($@(user:controlla_messa
ggi_freq,134376374208428),
0,procedure,user:controlla
_messaggi_freq/0,0))
[STEP EXIT] controlla_mess
aggi_freq
[STEP ENTER] prendi_action
_normal
[STEP EXIT] prendi_action_
normal
[STEP ENTER] controlla_vit
a
[STEP EXIT] controlla_vita
[STEP EXIT] internal
[STEP ENTER] external
[STEP ENTER] forced_monito
r_tick
[STEP EXIT] forced_monitor
_tick
[STEP ENTER] poll_flow_que
ue
[STEP EXIT] poll_flow_queu
e
[STEP ENTER] ricmess
[STEP EXIT] ricmess
[STEP ENTER] processa_eve
[STEP EXIT] processa_eve
[STEP ENTER] examine_mul
[STEP EXIT] examine_mul
[STEP ENTER] keep_action
[STEP EXIT] keep_action
[STEP ENTER] blocco_constr
[STEP EXIT] blocco_constr
[STEP ENTER] execute_do_ac
tion_propose
[STEP EXIT] execute_do_act
ion_propose
[STEP ENTER] controlla_mes
saggi_freq
[CORE WARN] step failed: c
ontrolla_messaggi_freq err
=error(existence_error(pro
cedure,user:controlla_mess
aggi_freq/0),existence_err
or($@(user:controlla_messa
ggi_freq,134376374208428),
0,procedure,user:controlla
_messaggi_freq/0,0))
[STEP EXIT] controlla_mess
aggi_freq
[STEP ENTER] svuota_coda_p
riority
[STEP EXIT] svuota_coda_pr
iority
[STEP ENTER] prendi_action
_normal
[STEP EXIT] prendi_action_
normal
[STEP ENTER] controlla_vit
a
[STEP EXIT] controlla_vita
[STEP EXIT] external
[STEP ENTER] forced_monito
r_tick
[STEP EXIT] forced_monitor
_tick
[STEP ENTER] side_goal
[STEP EXIT] side_goal
[CORE LOOP]
[STEP ENTER] internal
[STEP ENTER] forced_monito
r_tick
[STEP EXIT] forced_monitor
_tick
[STEP ENTER] poll_flow_que
ue
[STEP EXIT] poll_flow_queu
e
[STEP ENTER] ricmess
[STEP EXIT] ricmess
[STEP ENTER] ev_int
[STEP EXIT] ev_int
[STEP ENTER] ev_goal
[STEP EXIT] ev_goal
[STEP ENTER] ev_int0
[STEP EXIT] ev_int0
[STEP ENTER] ev_int2
[STEP EXIT] ev_int2
[STEP ENTER] svuota_coda_p
riority
[STEP EXIT] svuota_coda_pr
iority
[STEP ENTER] scatena
[STEP EXIT] scatena
[STEP ENTER] keep_action
[STEP EXIT] keep_action
[STEP ENTER] blocco_constr
[STEP EXIT] blocco_constr
[STEP ENTER] execute_do_ac
tion_propose
[STEP EXIT] execute_do_act
ion_propose
[STEP ENTER] controlla_mes
saggi_freq
[CORE WARN] step failed: c
ontrolla_messaggi_freq err
=error(existence_error(pro
cedure,user:controlla_mess
aggi_freq/0),existence_err
or($@(user:controlla_messa
ggi_freq,134376374208428),
0,procedure,user:controlla
_messaggi_freq/0,0))
[STEP EXIT] controlla_mess
aggi_freq
[STEP ENTER] prendi_action
_normal
[STEP EXIT] prendi_action_
normal
[STEP ENTER] controlla_vit
a
[STEP EXIT] controlla_vita
[STEP EXIT] internal
[STEP ENTER] external
[STEP ENTER] forced_monito
r_tick
[STEP EXIT] forced_monitor
_tick
[STEP ENTER] poll_flow_que
ue
[STEP EXIT] poll_flow_queu
e
[STEP ENTER] ricmess
[STEP EXIT] ricmess
[STEP ENTER] processa_eve
[STEP EXIT] processa_eve
[STEP ENTER] examine_mul
[STEP EXIT] examine_mul
[STEP ENTER] keep_action
[STEP EXIT] keep_action
[STEP ENTER] blocco_constr
[STEP EXIT] blocco_constr
[STEP ENTER] execute_do_ac
tion_propose
[STEP EXIT] execute_do_act
ion_propose
[STEP ENTER] controlla_mes
saggi_freq
[CORE WARN] step failed: c
ontrolla_messaggi_freq err
=error(existence_error(pro
cedure,user:controlla_mess
aggi_freq/0),existence_err
or($@(user:controlla_messa
ggi_freq,134376374208428),
0,procedure,user:controlla
_messaggi_freq/0,0))
[STEP EXIT] controlla_mess
aggi_freq
[STEP ENTER] svuota_coda_p
riority
[STEP EXIT] svuota_coda_pr
iority
[STEP ENTER] prendi_action
_normal
[STEP EXIT] prendi_action_
normal
[STEP ENTER] controlla_vit
a
[STEP EXIT] controlla_vita
[STEP EXIT] external
[STEP ENTER] forced_monito
r_tick
[STEP EXIT] forced_monitor
_tick
[STEP ENTER] side_goal
[STEP EXIT] side_goal
[CORE LOOP]
[STEP ENTER] internal
[STEP ENTER] forced_monito
r_tick
[STEP EXIT] forced_monitor
_tick
[STEP ENTER] poll_flow_que
ue
[STEP EXIT] poll_flow_queu
e
[STEP ENTER] ricmess
[STEP EXIT] ricmess
[STEP ENTER] ev_int
[STEP EXIT] ev_int
[STEP ENTER] ev_goal
[STEP EXIT] ev_goal
[STEP ENTER] ev_int0
[STEP EXIT] ev_int0
[STEP ENTER] ev_int2
[STEP EXIT] ev_int2
[STEP ENTER] svuota_coda_p
riority
[STEP EXIT] svuota_coda_pr
iority
[STEP ENTER] scatena
[STEP EXIT] scatena
[STEP ENTER] keep_action
[STEP EXIT] keep_action
[STEP ENTER] blocco_constr
[STEP EXIT] blocco_constr
[STEP ENTER] execute_do_ac
tion_propose
[STEP EXIT] execute_do_act
ion_propose
[STEP ENTER] controlla_mes
saggi_freq
[CORE WARN] step failed: c
ontrolla_messaggi_freq err
=error(existence_error(pro
cedure,user:controlla_mess
aggi_freq/0),existence_err
or($@(user:controlla_messa
ggi_freq,134376374208428),
0,procedure,user:controlla
_messaggi_freq/0,0))
[STEP EXIT] controlla_mess
aggi_freq
[STEP ENTER] prendi_action
_normal
[STEP EXIT] prendi_action_
normal
[STEP ENTER] controlla_vit
a
[STEP EXIT] controlla_vita
[STEP EXIT] internal
[STEP ENTER] external
[STEP ENTER] forced_monito
r_tick
[STEP EXIT] forced_monitor
_tick
[STEP ENTER] poll_flow_que
ue
[STEP EXIT] poll_flow_queu
e
[STEP ENTER] ricmess
[STEP EXIT] ricmess
[STEP ENTER] processa_eve
[STEP EXIT] processa_eve
[STEP ENTER] examine_mul
[STEP EXIT] examine_mul
[STEP ENTER] keep_action
[STEP EXIT] keep_action
[STEP ENTER] blocco_constr
[STEP EXIT] blocco_constr
[STEP ENTER] execute_do_ac
tion_propose
[STEP EXIT] execute_do_act
ion_propose
[STEP ENTER] controlla_mes
saggi_freq
[CORE WARN] step failed: c
ontrolla_messaggi_freq err
=error(existence_error(pro
cedure,user:controlla_mess
aggi_freq/0),existence_err
or($@(user:controlla_messa
ggi_freq,134376374208428),
0,procedure,user:controlla
_messaggi_freq/0,0))
[STEP EXIT] controlla_mess
aggi_freq
[STEP ENTER] svuota_coda_p
riority
[STEP EXIT] svuota_coda_pr
iority
[STEP ENTER] prendi_action
_normal
[STEP EXIT] prendi_action_
normal
[STEP ENTER] controlla_vit
a
[STEP EXIT] controlla_vita
[STEP EXIT] external
[STEP ENTER] forced_monito
r_tick
[STEP EXIT] forced_monitor
_tick
[STEP ENTER] side_goal
[STEP EXIT] side_goal
[CORE LOOP]
[STEP ENTER] internal
[STEP ENTER] forced_monito
r_tick
[STEP EXIT] forced_monitor
_tick
[STEP ENTER] poll_flow_que
ue
[STEP EXIT] poll_flow_queu
e
[STEP ENTER] ricmess
[STEP EXIT] ricmess
[STEP ENTER] ev_int
[STEP EXIT] ev_int
[STEP ENTER] ev_goal
[STEP EXIT] ev_goal
[STEP ENTER] ev_int0
[STEP EXIT] ev_int0
[STEP ENTER] ev_int2
[STEP EXIT] ev_int2
[STEP ENTER] svuota_coda_p
riority
[STEP EXIT] svuota_coda_pr
iority
[STEP ENTER] scatena
[STEP EXIT] scatena
[STEP ENTER] keep_action
[STEP EXIT] keep_action
[STEP ENTER] blocco_constr
[STEP EXIT] blocco_constr
[STEP ENTER] execute_do_ac
tion_propose
[STEP EXIT] execute_do_act
ion_propose
[STEP ENTER] controlla_mes
saggi_freq
[CORE WARN] step failed: c
ontrolla_messaggi_freq err
=error(existence_error(pro
cedure,user:controlla_mess
aggi_freq/0),existence_err
or($@(user:controlla_messa
ggi_freq,134376374208428),
0,procedure,user:controlla
_messaggi_freq/0,0))
[STEP EXIT] controlla_mess
aggi_freq
[STEP ENTER] prendi_action
_normal
[STEP EXIT] prendi_action_
normal
[STEP ENTER] controlla_vit
a
[STEP EXIT] controlla_vita
[STEP EXIT] internal
[STEP ENTER] external
[STEP ENTER] forced_monito
r_tick
[STEP EXIT] forced_monitor
_tick
[STEP ENTER] poll_flow_que
ue
[STEP EXIT] poll_flow_queu
e
[STEP ENTER] ricmess
[STEP EXIT] ricmess
[STEP ENTER] processa_eve
[STEP EXIT] processa_eve
[STEP ENTER] examine_mul
[STEP EXIT] examine_mul
[STEP ENTER] keep_action
[STEP EXIT] keep_action
[STEP ENTER] blocco_constr
[STEP EXIT] blocco_constr
[STEP ENTER] execute_do_ac
tion_propose
[STEP EXIT] execute_do_act
ion_propose
[STEP ENTER] controlla_mes
saggi_freq
[CORE WARN] step failed: c
ontrolla_messaggi_freq err
=error(existence_error(pro
cedure,user:controlla_mess
aggi_freq/0),existence_err
or($@(user:controlla_messa
ggi_freq,134376374208428),
0,procedure,user:controlla
_messaggi_freq/0,0))
[STEP EXIT] controlla_mess
aggi_freq
[STEP ENTER] svuota_coda_p
riority
[STEP EXIT] svuota_coda_pr
iority
[STEP ENTER] prendi_action
_normal
[STEP EXIT] prendi_action_
normal
[STEP ENTER] controlla_vit
a
[STEP EXIT] controlla_vita
[STEP EXIT] external
[STEP ENTER] forced_monito
r_tick
[STEP EXIT] forced_monitor
_tick
[STEP ENTER] side_goal
[STEP EXIT] side_goal
[CORE LOOP]
[STEP ENTER] internal
[STEP ENTER] forced_monito
r_tick
[STEP EXIT] forced_monitor
_tick
[STEP ENTER] poll_flow_que
ue
[STEP EXIT] poll_flow_queu
e
[STEP ENTER] ricmess
[STEP EXIT] ricmess
[STEP ENTER] ev_int
[STEP EXIT] ev_int
[STEP ENTER] ev_goal
[STEP EXIT] ev_goal
[STEP ENTER] ev_int0
[STEP EXIT] ev_int0
[STEP ENTER] ev_int2
[STEP EXIT] ev_int2
[STEP ENTER] svuota_coda_p
riority
[STEP EXIT] svuota_coda_pr
iority
[STEP ENTER] scatena
[STEP EXIT] scatena
[STEP ENTER] keep_action
[STEP EXIT] keep_action
[STEP ENTER] blocco_constr
[STEP EXIT] blocco_constr
[STEP ENTER] execute_do_ac
tion_propose
[STEP EXIT] execute_do_act
ion_propose
[STEP ENTER] controlla_mes
saggi_freq
[CORE WARN] step failed: c
ontrolla_messaggi_freq err
=error(existence_error(pro
cedure,user:controlla_mess
aggi_freq/0),existence_err
or($@(user:controlla_messa
ggi_freq,134376374208428),
0,procedure,user:controlla
_messaggi_freq/0,0))
[STEP EXIT] controlla_mess
aggi_freq
[STEP ENTER] prendi_action
_normal
[STEP EXIT] prendi_action_
normal
[STEP ENTER] controlla_vit
a
[STEP EXIT] controlla_vita
[STEP EXIT] internal
[STEP ENTER] external
[STEP ENTER] forced_monito
r_tick
[STEP EXIT] forced_monitor
_tick
[STEP ENTER] poll_flow_que
ue
[STEP EXIT] poll_flow_queu
e
[STEP ENTER] ricmess
[STEP EXIT] ricmess
[STEP ENTER] processa_eve
[STEP EXIT] processa_eve
[STEP ENTER] examine_mul
[STEP EXIT] examine_mul
[STEP ENTER] keep_action
[STEP EXIT] keep_action
[STEP ENTER] blocco_constr
[STEP EXIT] blocco_constr
[STEP ENTER] execute_do_ac
tion_propose
[STEP EXIT] execute_do_act
ion_propose
[STEP ENTER] controlla_mes
saggi_freq
[CORE WARN] step failed: c
ontrolla_messaggi_freq err
=error(existence_error(pro
cedure,user:controlla_mess
aggi_freq/0),existence_err
or($@(user:controlla_messa
ggi_freq,134376374208428),
0,procedure,user:controlla
_messaggi_freq/0,0))
[STEP EXIT] controlla_mess
aggi_freq
[STEP ENTER] svuota_coda_p
riority
[STEP EXIT] svuota_coda_pr
iority
[STEP ENTER] prendi_action
_normal
[STEP EXIT] prendi_action_
normal
[STEP ENTER] controlla_vit
a
[STEP EXIT] controlla_vita
[STEP EXIT] external
[STEP ENTER] forced_monito
r_tick
[STEP EXIT] forced_monitor
_tick
[STEP ENTER] side_goal
[STEP EXIT] side_goal
[CORE LOOP]
[STEP ENTER] internal
[STEP ENTER] forced_monito
r_tick
[STEP EXIT] forced_monitor
_tick
[STEP ENTER] poll_flow_que
ue
[STEP EXIT] poll_flow_queu
e
[STEP ENTER] ricmess
[STEP EXIT] ricmess
[STEP ENTER] ev_int
[STEP EXIT] ev_int
[STEP ENTER] ev_goal
[STEP EXIT] ev_goal
[STEP ENTER] ev_int0
[STEP EXIT] ev_int0
[STEP ENTER] ev_int2
[STEP EXIT] ev_int2
[STEP ENTER] svuota_coda_p
riority
[STEP EXIT] svuota_coda_pr
iority
[STEP ENTER] scatena
[STEP EXIT] scatena
[STEP ENTER] keep_action
[STEP EXIT] keep_action
[STEP ENTER] blocco_constr
[STEP EXIT] blocco_constr
[STEP ENTER] execute_do_ac
tion_propose
[STEP EXIT] execute_do_act
ion_propose
[STEP ENTER] controlla_mes
saggi_freq
[CORE WARN] step failed: c
ontrolla_messaggi_freq err
=error(existence_error(pro
cedure,user:controlla_mess
aggi_freq/0),existence_err
or($@(user:controlla_messa
ggi_freq,134376374208428),
0,procedure,user:controlla
_messaggi_freq/0,0))
[STEP EXIT] controlla_mess
aggi_freq
[STEP ENTER] prendi_action
_normal
[STEP EXIT] prendi_action_
normal
[STEP ENTER] controlla_vit
a
[STEP EXIT] controlla_vita
[STEP EXIT] internal
[STEP ENTER] external
[STEP ENTER] forced_monito
r_tick
[STEP EXIT] forced_monitor
_tick
[STEP ENTER] poll_flow_que
ue
[STEP EXIT] poll_flow_queu
e
[STEP ENTER] ricmess
[STEP EXIT] ricmess
[STEP ENTER] processa_eve
[STEP EXIT] processa_eve
[STEP ENTER] examine_mul
[STEP EXIT] examine_mul
[STEP ENTER] keep_action
[STEP EXIT] keep_action
[STEP ENTER] blocco_constr
[STEP EXIT] blocco_constr
[STEP ENTER] execute_do_ac
tion_propose
[STEP EXIT] execute_do_act
ion_propose
[STEP ENTER] controlla_mes
saggi_freq
[CORE WARN] step failed: c
ontrolla_messaggi_freq err
=error(existence_error(pro
cedure,user:controlla_mess
aggi_freq/0),existence_err
or($@(user:controlla_messa
ggi_freq,134376374208428),
0,procedure,user:controlla
_messaggi_freq/0,0))
[STEP EXIT] controlla_mess
aggi_freq
[STEP ENTER] svuota_coda_p
riority
[STEP EXIT] svuota_coda_pr
iority
[STEP ENTER] prendi_action
_normal
[STEP EXIT] prendi_action_
normal
[STEP ENTER] controlla_vit
a
[STEP EXIT] controlla_vita
[STEP EXIT] external
[STEP ENTER] forced_monito
r_tick
[STEP EXIT] forced_monitor
_tick
[STEP ENTER] side_goal
[STEP EXIT] side_goal
[CORE LOOP]
[STEP ENTER] internal
[STEP ENTER] forced_monito
r_tick
[STEP EXIT] forced_monitor
_tick
[STEP ENTER] poll_flow_que
ue
[STEP EXIT] poll_flow_queu
e
[STEP ENTER] ricmess
[STEP EXIT] ricmess
[STEP ENTER] ev_int
[STEP EXIT] ev_int
[STEP ENTER] ev_goal
[STEP EXIT] ev_goal
[STEP ENTER] ev_int0
[STEP EXIT] ev_int0
[STEP ENTER] ev_int2
[STEP EXIT] ev_int2
[STEP ENTER] svuota_coda_p
riority
[STEP EXIT] svuota_coda_pr
iority
[STEP ENTER] scatena
[STEP EXIT] scatena
[STEP ENTER] keep_action
[STEP EXIT] keep_action
[STEP ENTER] blocco_constr
[STEP EXIT] blocco_constr
[STEP ENTER] execute_do_ac
tion_propose
[STEP EXIT] execute_do_act
ion_propose
[STEP ENTER] controlla_mes
saggi_freq
[CORE WARN] step failed: c
ontrolla_messaggi_freq err
=error(existence_error(pro
cedure,user:controlla_mess
aggi_freq/0),existence_err
or($@(user:controlla_messa
ggi_freq,134376374208428),
0,procedure,user:controlla
_messaggi_freq/0,0))
[STEP EXIT] controlla_mess
aggi_freq
[STEP ENTER] prendi_action
_normal
[STEP EXIT] prendi_action_
normal
[STEP ENTER] controlla_vit
a
[STEP EXIT] controlla_vita
[STEP EXIT] internal
[STEP ENTER] external
[STEP ENTER] forced_monito
r_tick
[STEP EXIT] forced_monitor
_tick
[STEP ENTER] poll_flow_que
ue
[STEP EXIT] poll_flow_queu
e
[STEP ENTER] ricmess
[STEP EXIT] ricmess
[STEP ENTER] processa_eve
[STEP EXIT] processa_eve
[STEP ENTER] examine_mul
[STEP EXIT] examine_mul
[STEP ENTER] keep_action
[STEP EXIT] keep_action
[STEP ENTER] blocco_constr
[STEP EXIT] blocco_constr
[STEP ENTER] execute_do_ac
tion_propose
[STEP EXIT] execute_do_act
ion_propose
[STEP ENTER] controlla_mes
saggi_freq
[CORE WARN] step failed: c
ontrolla_messaggi_freq err
=error(existence_error(pro
cedure,user:controlla_mess
aggi_freq/0),existence_err
or($@(user:controlla_messa
ggi_freq,134376374208428),
0,procedure,user:controlla
_messaggi_freq/0,0))
[STEP EXIT] controlla_mess
aggi_freq
[STEP ENTER] svuota_coda_p
riority
[STEP EXIT] svuota_coda_pr
iority
[STEP ENTER] prendi_action
_normal
[STEP EXIT] prendi_action_
normal
[STEP ENTER] controlla_vit
a
[STEP EXIT] controlla_vita
[STEP EXIT] external
[STEP ENTER] forced_monito
r_tick
[STEP EXIT] forced_monitor
_tick
[STEP ENTER] side_goal
[STEP EXIT] side_goal
[CORE LOOP]
[STEP ENTER] internal
[STEP ENTER] forced_monito
r_tick
[STEP EXIT] forced_monitor
_tick
[STEP ENTER] poll_flow_que
ue
[STEP EXIT] poll_flow_queu
e
[STEP ENTER] ricmess
[STEP EXIT] ricmess
[STEP ENTER] ev_int
[STEP EXIT] ev_int
[STEP ENTER] ev_goal
[STEP EXIT] ev_goal
[STEP ENTER] ev_int0
[STEP EXIT] ev_int0
[STEP ENTER] ev_int2
[STEP EXIT] ev_int2
[STEP ENTER] svuota_coda_p
riority
[STEP EXIT] svuota_coda_pr
iority
[STEP ENTER] scatena
[STEP EXIT] scatena
[STEP ENTER] keep_action
[STEP EXIT] keep_action
[STEP ENTER] blocco_constr
[STEP EXIT] blocco_constr
[STEP ENTER] execute_do_ac
tion_propose
[STEP EXIT] execute_do_act
ion_propose
[STEP ENTER] controlla_mes
saggi_freq
[CORE WARN] step failed: c
ontrolla_messaggi_freq err
=error(existence_error(pro
cedure,user:controlla_mess
aggi_freq/0),existence_err
or($@(user:controlla_messa
ggi_freq,134376374208428),
0,procedure,user:controlla
_messaggi_freq/0,0))
[STEP EXIT] controlla_mess
aggi_freq
[STEP ENTER] prendi_action
_normal
[STEP EXIT] prendi_action_
normal
[STEP ENTER] controlla_vit
a
[STEP EXIT] controlla_vita
[STEP EXIT] internal
[STEP ENTER] external
[STEP ENTER] forced_monito
r_tick
[STEP EXIT] forced_monitor
_tick
[STEP ENTER] poll_flow_que
ue
[STEP EXIT] poll_flow_queu
e
[STEP ENTER] ricmess
[STEP EXIT] ricmess
[STEP ENTER] processa_eve
[STEP EXIT] processa_eve
[STEP ENTER] examine_mul
[STEP EXIT] examine_mul
[STEP ENTER] keep_action
[STEP EXIT] keep_action
[STEP ENTER] blocco_constr
[STEP EXIT] blocco_constr
[STEP ENTER] execute_do_ac
tion_propose
[STEP EXIT] execute_do_act
ion_propose
[STEP ENTER] controlla_mes
saggi_freq
[CORE WARN] step failed: c
ontrolla_messaggi_freq err
=error(existence_error(pro
cedure,user:controlla_mess
aggi_freq/0),existence_err
or($@(user:controlla_messa
ggi_freq,134376374208428),
0,procedure,user:controlla
_messaggi_freq/0,0))
[STEP EXIT] controlla_mess
aggi_freq
[STEP ENTER] svuota_coda_p
riority
[STEP EXIT] svuota_coda_pr
iority
[STEP ENTER] prendi_action
_normal
[STEP EXIT] prendi_action_
normal
[STEP ENTER] controlla_vit
a
[STEP EXIT] controlla_vita
[STEP EXIT] external
[STEP ENTER] forced_monito
r_tick
[STEP EXIT] forced_monitor
_tick
[STEP ENTER] side_goal
[STEP EXIT] side_goal
[CORE LOOP]
[STEP ENTER] internal
[STEP ENTER] forced_monito
r_tick
[STEP EXIT] forced_monitor
_tick
[STEP ENTER] poll_flow_que
ue
[STEP EXIT] poll_flow_queu
e
[STEP ENTER] ricmess
[STEP EXIT] ricmess
[STEP ENTER] ev_int
[STEP EXIT] ev_int
[STEP ENTER] ev_goal
[STEP EXIT] ev_goal
[STEP ENTER] ev_int0
[STEP EXIT] ev_int0
[STEP ENTER] ev_int2
[STEP EXIT] ev_int2
[STEP ENTER] svuota_coda_p
riority
[STEP EXIT] svuota_coda_pr
iority
[STEP ENTER] scatena
[STEP EXIT] scatena
[STEP ENTER] keep_action
[STEP EXIT] keep_action
[STEP ENTER] blocco_constr
[STEP EXIT] blocco_constr
[STEP ENTER] execute_do_ac
tion_propose
[STEP EXIT] execute_do_act
ion_propose
[STEP ENTER] controlla_mes
saggi_freq
[CORE WARN] step failed: c
ontrolla_messaggi_freq err
=error(existence_error(pro
cedure,user:controlla_mess
aggi_freq/0),existence_err
or($@(user:controlla_messa
ggi_freq,134376374208428),
0,procedure,user:controlla
_messaggi_freq/0,0))
[STEP EXIT] controlla_mess
aggi_freq
[STEP ENTER] prendi_action
_normal
[STEP EXIT] prendi_action_
normal
[STEP ENTER] controlla_vit
a
[STEP EXIT] controlla_vita
[STEP EXIT] internal
[STEP ENTER] external
[STEP ENTER] forced_monito
r_tick
[STEP EXIT] forced_monitor
_tick
[STEP ENTER] poll_flow_que
ue
[STEP EXIT] poll_flow_queu
e
[STEP ENTER] ricmess
[STEP EXIT] ricmess
[STEP ENTER] processa_eve
[STEP EXIT] processa_eve
[STEP ENTER] examine_mul
[STEP EXIT] examine_mul
[STEP ENTER] keep_action
[STEP EXIT] keep_action
[STEP ENTER] blocco_constr
[STEP EXIT] blocco_constr
[STEP ENTER] execute_do_ac
tion_propose
[STEP EXIT] execute_do_act
ion_propose
[STEP ENTER] controlla_mes
saggi_freq
[CORE WARN] step failed: c
ontrolla_messaggi_freq err
=error(existence_error(pro
cedure,user:controlla_mess
aggi_freq/0),existence_err
or($@(user:controlla_messa
ggi_freq,134376374208428),
0,procedure,user:controlla
_messaggi_freq/0,0))
[STEP EXIT] controlla_mess
aggi_freq
[STEP ENTER] svuota_coda_p
riority
[STEP EXIT] svuota_coda_pr
iority
[STEP ENTER] prendi_action
_normal
[STEP EXIT] prendi_action_
normal
[STEP ENTER] controlla_vit
a
[STEP EXIT] controlla_vita
[STEP EXIT] external
[STEP ENTER] forced_monito
r_tick
[STEP EXIT] forced_monitor
_tick
[STEP ENTER] side_goal
[STEP EXIT] side_goal
[CORE LOOP]
[STEP ENTER] internal
[STEP ENTER] forced_monito
r_tick
[STEP EXIT] forced_monitor
_tick
[STEP ENTER] poll_flow_que
ue
[STEP EXIT] poll_flow_queu
e
[STEP ENTER] ricmess
[STEP EXIT] ricmess
[STEP ENTER] ev_int
[STEP EXIT] ev_int
[STEP ENTER] ev_goal
[STEP EXIT] ev_goal
[STEP ENTER] ev_int0
[STEP EXIT] ev_int0
[STEP ENTER] ev_int2
[STEP EXIT] ev_int2
[STEP ENTER] svuota_coda_p
riority
[STEP EXIT] svuota_coda_pr
iority
[STEP ENTER] scatena
[STEP EXIT] scatena
[STEP ENTER] keep_action
[STEP EXIT] keep_action
[STEP ENTER] blocco_constr
[STEP EXIT] blocco_constr
[STEP ENTER] execute_do_ac
tion_propose
[STEP EXIT] execute_do_act
ion_propose
[STEP ENTER] controlla_mes
saggi_freq
[CORE WARN] step failed: c
ontrolla_messaggi_freq err
=error(existence_error(pro
cedure,user:controlla_mess
aggi_freq/0),existence_err
or($@(user:controlla_messa
ggi_freq,134376374208428),
0,procedure,user:controlla
_messaggi_freq/0,0))
[STEP EXIT] controlla_mess
aggi_freq
[STEP ENTER] prendi_action
_normal
[STEP EXIT] prendi_action_
normal
[STEP ENTER] controlla_vit
a
[STEP EXIT] controlla_vita
[STEP EXIT] internal
[STEP ENTER] external
[STEP ENTER] forced_monito
r_tick
[STEP EXIT] forced_monitor
_tick
[STEP ENTER] poll_flow_que
ue
[STEP EXIT] poll_flow_queu
e
[STEP ENTER] ricmess
[STEP EXIT] ricmess
[STEP ENTER] processa_eve
[STEP EXIT] processa_eve
[STEP ENTER] examine_mul
[STEP EXIT] examine_mul
[STEP ENTER] keep_action
[STEP EXIT] keep_action
[STEP ENTER] blocco_constr
[STEP EXIT] blocco_constr
[STEP ENTER] execute_do_ac
tion_propose
[STEP EXIT] execute_do_act
ion_propose
[STEP ENTER] controlla_mes
saggi_freq
[CORE WARN] step failed: c
ontrolla_messaggi_freq err
=error(existence_error(pro
cedure,user:controlla_mess
aggi_freq/0),existence_err
or($@(user:controlla_messa
ggi_freq,134376374208428),
0,procedure,user:controlla
_messaggi_freq/0,0))
[STEP EXIT] controlla_mess
aggi_freq
[STEP ENTER] svuota_coda_p
riority
[STEP EXIT] svuota_coda_pr
iority
[STEP ENTER] prendi_action
_normal
[STEP EXIT] prendi_action_
normal
[STEP ENTER] controlla_vit
a
[STEP EXIT] controlla_vita
[STEP EXIT] external
[STEP ENTER] forced_monito
r_tick
[STEP EXIT] forced_monitor
_tick
[STEP ENTER] side_goal
[STEP EXIT] side_goal
[CORE LOOP]
[STEP ENTER] internal
[STEP ENTER] forced_monito
r_tick
[STEP EXIT] forced_monitor
_tick
[STEP ENTER] poll_flow_que
ue
[STEP EXIT] poll_flow_queu
e
[STEP ENTER] ricmess
[STEP EXIT] ricmess
[STEP ENTER] ev_int
[STEP EXIT] ev_int
[STEP ENTER] ev_goal
[STEP EXIT] ev_goal
[STEP ENTER] ev_int0
[STEP EXIT] ev_int0
[STEP ENTER] ev_int2
[STEP EXIT] ev_int2
[STEP ENTER] svuota_coda_p
riority
[STEP EXIT] svuota_coda_pr
iority
[STEP ENTER] scatena
[STEP EXIT] scatena
[STEP ENTER] keep_action
[STEP EXIT] keep_action
[STEP ENTER] blocco_constr
[STEP EXIT] blocco_constr
[STEP ENTER] execute_do_ac
tion_propose
[STEP EXIT] execute_do_act
ion_propose
[STEP ENTER] controlla_mes
saggi_freq
[CORE WARN] step failed: c
ontrolla_messaggi_freq err
=error(existence_error(pro
cedure,user:controlla_mess
aggi_freq/0),existence_err
or($@(user:controlla_messa
ggi_freq,134376374208428),
0,procedure,user:controlla
_messaggi_freq/0,0))
[STEP EXIT] controlla_mess
aggi_freq
[STEP ENTER] prendi_action
_normal
[STEP EXIT] prendi_action_
normal
[STEP ENTER] controlla_vit
a
[STEP EXIT] controlla_vita
[STEP EXIT] internal
[STEP ENTER] external
[STEP ENTER] forced_monito
r_tick
[STEP EXIT] forced_monitor
_tick
[STEP ENTER] poll_flow_que
ue
[STEP EXIT] poll_flow_queu
e
[STEP ENTER] ricmess
[STEP EXIT] ricmess
[STEP ENTER] processa_eve
[STEP EXIT] processa_eve
[STEP ENTER] examine_mul
[STEP EXIT] examine_mul
[STEP ENTER] keep_action
[STEP EXIT] keep_action
[STEP ENTER] blocco_constr
[STEP EXIT] blocco_constr
[STEP ENTER] execute_do_ac
tion_propose
[STEP EXIT] execute_do_act
ion_propose
[STEP ENTER] controlla_mes
saggi_freq
[CORE WARN] step failed: c
ontrolla_messaggi_freq err
=error(existence_error(pro
cedure,user:controlla_mess
aggi_freq/0),existence_err
or($@(user:controlla_messa
ggi_freq,134376374208428),
0,procedure,user:controlla
_messaggi_freq/0,0))
[STEP EXIT] controlla_mess
aggi_freq
[STEP ENTER] svuota_coda_p
riority
[STEP EXIT] svuota_coda_pr
iority
[STEP ENTER] prendi_action
_normal
[STEP EXIT] prendi_action_
normal
[STEP ENTER] controlla_vit
a
[STEP EXIT] controlla_vita
[STEP EXIT] external
[STEP ENTER] forced_monito
r_tick
[STEP EXIT] forced_monitor
_tick
[STEP ENTER] side_goal
[STEP EXIT] side_goal
[CORE LOOP]
[STEP ENTER] internal
[STEP ENTER] forced_monito
r_tick
[STEP EXIT] forced_monitor
_tick
[STEP ENTER] poll_flow_que
ue
[STEP EXIT] poll_flow_queu
e
[STEP ENTER] ricmess
[STEP EXIT] ricmess
[STEP ENTER] ev_int
[STEP EXIT] ev_int
[STEP ENTER] ev_goal
[STEP EXIT] ev_goal
[STEP ENTER] ev_int0
[STEP EXIT] ev_int0
[STEP ENTER] ev_int2
[STEP EXIT] ev_int2
[STEP ENTER] svuota_coda_p
riority
[STEP EXIT] svuota_coda_pr
iority
[STEP ENTER] scatena
[STEP EXIT] scatena
[STEP ENTER] keep_action
[STEP EXIT] keep_action
[STEP ENTER] blocco_constr
[STEP EXIT] blocco_constr
[STEP ENTER] execute_do_ac
tion_propose
[STEP EXIT] execute_do_act
ion_propose
[STEP ENTER] controlla_mes
saggi_freq
[CORE WARN] step failed: c
ontrolla_messaggi_freq err
=error(existence_error(pro
cedure,user:controlla_mess
aggi_freq/0),existence_err
or($@(user:controlla_messa
ggi_freq,134376374208428),
0,procedure,user:controlla
_messaggi_freq/0,0))
[STEP EXIT] controlla_mess
aggi_freq
[STEP ENTER] prendi_action
_normal
[STEP EXIT] prendi_action_
normal
[STEP ENTER] controlla_vit
a
[STEP EXIT] controlla_vita
[STEP EXIT] internal
[STEP ENTER] external
[STEP ENTER] forced_monito
r_tick
[STEP EXIT] forced_monitor
_tick
[STEP ENTER] poll_flow_que
ue
[STEP EXIT] poll_flow_queu
e
[STEP ENTER] ricmess
[STEP EXIT] ricmess
[STEP ENTER] processa_eve
[STEP EXIT] processa_eve
[STEP ENTER] examine_mul
[STEP EXIT] examine_mul
[STEP ENTER] keep_action
[STEP EXIT] keep_action
[STEP ENTER] blocco_constr
[STEP EXIT] blocco_constr
[STEP ENTER] execute_do_ac
tion_propose
[STEP EXIT] execute_do_act
ion_propose
[STEP ENTER] controlla_mes
saggi_freq
[CORE WARN] step failed: c
ontrolla_messaggi_freq err
=error(existence_error(pro
cedure,user:controlla_mess
aggi_freq/0),existence_err
or($@(user:controlla_messa
ggi_freq,134376374208428),
0,procedure,user:controlla
_messaggi_freq/0,0))
[STEP EXIT] controlla_mess
aggi_freq
[STEP ENTER] svuota_coda_p
riority
[STEP EXIT] svuota_coda_pr
iority
[STEP ENTER] prendi_action
_normal
[STEP EXIT] prendi_action_
normal
[STEP ENTER] controlla_vit
a
[STEP EXIT] controlla_vita
[STEP EXIT] external
[STEP ENTER] forced_monito
r_tick
[STEP EXIT] forced_monitor
_tick
[STEP ENTER] side_goal
[STEP EXIT] side_goal
[CORE LOOP]
[STEP ENTER] internal
[STEP ENTER] forced_monito
r_tick
[STEP EXIT] forced_monitor
_tick
[STEP ENTER] poll_flow_que
ue
[STEP EXIT] poll_flow_queu
e
[STEP ENTER] ricmess
[STEP EXIT] ricmess
[STEP ENTER] ev_int
[STEP EXIT] ev_int
[STEP ENTER] ev_goal
[STEP EXIT] ev_goal
[STEP ENTER] ev_int0
[STEP EXIT] ev_int0
[STEP ENTER] ev_int2
[STEP EXIT] ev_int2
[STEP ENTER] svuota_coda_p
riority
[STEP EXIT] svuota_coda_pr
iority
[STEP ENTER] scatena
[STEP EXIT] scatena
[STEP ENTER] keep_action
[STEP EXIT] keep_action
[STEP ENTER] blocco_constr
[STEP EXIT] blocco_constr
[STEP ENTER] execute_do_ac
tion_propose
[STEP EXIT] execute_do_act
ion_propose
[STEP ENTER] controlla_mes
saggi_freq
[CORE WARN] step failed: c
ontrolla_messaggi_freq err
=error(existence_error(pro
cedure,user:controlla_mess
aggi_freq/0),existence_err
or($@(user:controlla_messa
ggi_freq,134376374208428),
0,procedure,user:controlla
_messaggi_freq/0,0))
[STEP EXIT] controlla_mess
aggi_freq
[STEP ENTER] prendi_action
_normal
[STEP EXIT] prendi_action_
normal
[STEP ENTER] controlla_vit
a
[STEP EXIT] controlla_vita
[STEP EXIT] internal
[STEP ENTER] external
[STEP ENTER] forced_monito
r_tick
[STEP EXIT] forced_monitor
_tick
[STEP ENTER] poll_flow_que
ue
[STEP EXIT] poll_flow_queu
e
[STEP ENTER] ricmess
[STEP EXIT] ricmess
[STEP ENTER] processa_eve
[STEP EXIT] processa_eve
[STEP ENTER] examine_mul
[STEP EXIT] examine_mul
[STEP ENTER] keep_action
[STEP EXIT] keep_action
[STEP ENTER] blocco_constr
[STEP EXIT] blocco_constr
[STEP ENTER] execute_do_ac
tion_propose
[STEP EXIT] execute_do_act
ion_propose
[STEP ENTER] controlla_mes
saggi_freq
[CORE WARN] step failed: c
ontrolla_messaggi_freq err
=error(existence_error(pro
cedure,user:controlla_mess
aggi_freq/0),existence_err
or($@(user:controlla_messa
ggi_freq,134376374208428),
0,procedure,user:controlla
_messaggi_freq/0,0))
[STEP EXIT] controlla_mess
aggi_freq
[STEP ENTER] svuota_coda_p
riority
[STEP EXIT] svuota_coda_pr
iority
[STEP ENTER] prendi_action
_normal
[STEP EXIT] prendi_action_
normal
[STEP ENTER] controlla_vit
a
[STEP EXIT] controlla_vita
[STEP EXIT] external
[STEP ENTER] forced_monito
r_tick
[STEP EXIT] forced_monitor
_tick
[STEP ENTER] side_goal
[STEP EXIT] side_goal
[CORE LOOP]

