SICStus 4.6.0 (x86_64-linu
x-glibc2.17): Mon Apr  6 0
9:23:37 PDT 2020
Licensed to studentSP4.6cc
.univaq.it
---------- Opened 127.0.0.
1 '$stream'(13180035526201
6)
---------- Opened 127.0.0.
1 '$stream'(13180032771027
2)
---------- Opened 127.0.0.
1 '$stream'(13180035536814
4)
---------- Opened 127.0.0.
1 '$stream'(13180035536836
8)
---------- Opened 127.0.0.
1 '$stream'(13180035528219
2)
---------- Opened 127.0.0.
1 '$stream'(13180035528241
6)
---------- Opened 127.0.0.
1 '$stream'(13180035519172
8)
---------- Opened 127.0.0.
1 '$stream'(13180035552214
4)

