SICStus 4.6.0 (x86_64-linu
x-glibc2.17): Mon Apr  6 0
9:23:37 PDT 2020
Licensed to studentSP4.6cc
.univaq.it
---------- Opened 127.0.0.
1 '$stream'(13759135529734
4)
---------- Opened 127.0.0.
1 '$stream'(13759132774560
0)
---------- Opened 127.0.0.
1 '$stream'(13759135540347
2)
---------- Opened 127.0.0.
1 '$stream'(13759135540369
6)
---------- Opened 127.0.0.
1 '$stream'(13759135531772
8)
---------- Opened 127.0.0.
1 '$stream'(13759135543929
6)
---------- Opened 127.0.0.
1 '$stream'(13759135522705
6)
---------- Opened 127.0.0.
1 '$stream'(13759135555768
0)

