SICStus 4.6.0 (x86_64-linu
x-glibc2.17): Mon Apr  6 0
9:23:37 PDT 2020
Licensed to studentSP4.6cc
.univaq.it
---------- Opened 127.0.0.
1 '$stream'(12406084306899
2)
---------- Opened 127.0.0.
1 '$stream'(12406081551724
8)
---------- Opened 127.0.0.
1 '$stream'(12406084317512
0)
---------- Opened 127.0.0.
1 '$stream'(12406084317534
4)
---------- Opened 127.0.0.
1 '$stream'(12406084308937
6)
---------- Opened 127.0.0.
1 '$stream'(12406084328731
2)
---------- Opened 127.0.0.
1 '$stream'(12406084299891
2)
---------- Opened 127.0.0.
1 '$stream'(12406084332932
8)

