ty_token_2026)truck1
[CC] autonomous cycle
[CC] autonomous cycle
[CC] autonomous cycle
comm_tracedispatchjob_refu
se(truck1,smart_bin2,10,ci
ty_token_2026)truck1
[CC] autonomous cycle
[CC] autonomous cycle
[CC] autonomous cycle
comm_tracedispatchjob_refu
se(truck1,smart_bin2,10,ci
ty_token_2026)truck1
[CC] autonomous cycle
[CC] autonomous cycle
[CC] autonomous cycle
[CC] autonomous cycle
comm_tracedispatchjob_refu
se(truck1,smart_bin2,10,ci
ty_token_2026)truck1
[CC] autonomous cycle
[CC] autonomous cycle
[CC] autonomous cycle
comm_tracedispatchjob_refu
se(truck1,smart_bin2,10,ci
ty_token_2026)truck1
[CC] autonomous cycle
[CC] autonomous cycle
[CC] autonomous cycle
comm_tracedispatchjob_refu
se(truck1,smart_bin2,10,ci
ty_token_2026)truck1
[CC] autonomous cycle
[CC] autonomous cycle
[CC] autonomous cycle
[CC] autonomous cycle
comm_tracedispatchjob_refu
se(truck1,smart_bin2,10,ci
ty_token_2026)truck1
[CC] autonomous cycle
[CC] autonomous cycle
[CC] autonomous cycle
comm_tracedispatchjob_refu
se(truck1,smart_bin2,10,ci
ty_token_2026)truck1
[CC] autonomous cycle
[CC] autonomous cycle
[CC] autonomous cycle
[RX CORE] to=control_cente
r from=truck1 msg=send_mes
sage(job_refuse(truck1,sma
rt_bin2,10,city_token_2026
),truck1)
comm_tracedispatchjob_refu
se(truck1,smart_bin2,10,ci
ty_token_2026)truck1
[CC] autonomous cycle
[CC] autonomous cycle
[CC] autonomous cycle
[CC] autonomous cycle
comm_tracedispatchjob_refu
se(truck1,smart_bin2,10,ci
ty_token_2026)truck1
[CC] autonomous cycle
[CC] autonomous cycle
[CC] autonomous cycle
comm_tracedispatchjob_refu
se(truck1,smart_bin2,10,ci
ty_token_2026)truck1
[CC] autonomous cycle
[CC] autonomous cycle
[CC] autonomous cycle
comm_tracedispatchjob_refu
se(truck1,smart_bin2,10,ci
ty_token_2026)truck1
[CC] autonomous cycle
[CC] autonomous cycle
[CC] autonomous cycle
[CC] autonomous cycle
comm_tracedispatchjob_refu
se(truck1,smart_bin2,10,ci
ty_token_2026)truck1
[CC] autonomous cycle
[CC] autonomous cycle
[CC] autonomous cycle
comm_tracedispatchjob_refu
se(truck1,smart_bin2,10,ci
ty_token_2026)truck1
[CC] autonomous cycle
[CC] autonomous cycle
[CC] autonomous cycle
comm_tracedispatchjob_refu
se(truck1,smart_bin2,10,ci
ty_token_2026)truck1
[CC] autonomous cycle
[CC] autonomous cycle
[CC] autonomous cycle
[CC] autonomous cycle
comm_tracedispatchjob_refu
se(truck1,smart_bin2,10,ci
ty_token_2026)truck1
[CC] autonomous cycle
[CC] autonomous cycle
[CC] autonomous cycle
[RX CORE] to=control_cente
r from=truck1 msg=send_mes
sage(job_refuse(truck1,sma
rt_bin2,10,city_token_2026
),truck1)
comm_tracedispatchjob_refu
se(truck1,smart_bin2,10,ci
ty_token_2026)truck1
[CC] autonomous cycle
[CC] autonomous cycle
[CC] autonomous cycle
comm_tracedispatchjob_refu
se(truck1,smart_bin2,10,ci
ty_token_2026)truck1
[CC] autonomous cycle
[CC] autonomous cycle
[CC] autonomous cycle
[CC] autonomous cycle
comm_tracedispatchjob_refu
se(truck1,smart_bin2,10,ci
ty_token_2026)truck1
[CC] autonomous cycle
[CC] autonomous cycle
[CC] autonomous cycle
comm_tracedispatchjob_refu
se(truck1,smart_bin2,10,ci
ty_token_2026)truck1
[CC] autonomous cycle
[CC] autonomous cycle
[CC] autonomous cycle
comm_tracedispatchjob_refu
se(truck1,smart_bin2,10,ci
ty_token_2026)truck1
[CC] autonomous cycle
[CC] autonomous cycle
[CC] autonomous cycle
[CC] autonomous cycle
comm_tracedispatchjob_refu
se(truck1,smart_bin2,10,ci
ty_token_2026)truck1
[CC] autonomous cycle
[CC] autonomous cycle
[CC] autonomous cycle
comm_tracedispatchjob_refu
se(truck1,smart_bin2,10,ci
ty_token_2026)truck1
[CC] autonomous cycle
[CC] autonomous cycle
[CC] autonomous cycle
comm_tracedispatchjob_refu
se(truck1,smart_bin2,10,ci
ty_token_2026)truck1
[CC] autonomous cycle
[CC] autonomous cycle
[CC] autonomous cycle
[CC] autonomous cycle
[RX CORE] to=control_cente
r from=truck1 msg=send_mes
sage(job_refuse(truck1,sma
rt_bin2,10,city_token_2026
),truck1)
comm_tracedispatchjob_refu
se(truck1,smart_bin2,10,ci
ty_token_2026)truck1
[CC] autonomous cycle
[CC] autonomous cycle
[CC] autonomous cycle
comm_tracedispatchjob_refu
se(truck1,smart_bin2,10,ci
ty_token_2026)truck1
[CC] autonomous cycle
[CC] autonomous cycle
[CC] autonomous cycle
comm_tracedispatchjob_refu
se(truck1,smart_bin2,10,ci
ty_token_2026)truck1
[CC] autonomous cycle
[CC] autonomous cycle
[CC] autonomous cycle
[CC] autonomous cycle
comm_tracedispatchjob_refu
se(truck1,smart_bin2,10,ci
ty_token_2026)truck1
[CC] autonomous cycle
[CC] autonomous cycle
[CC] autonomous cycle
comm_tracedispatchjob_refu
se(truck1,smart_bin2,10,ci
ty_token_2026)truck1
[CC] autonomous cycle
[CC] autonomous cycle
[CC] autonomous cycle
comm_tracedispatchjob_refu
se(truck1,smart_bin2,10,ci
ty_token_2026)truck1
[CC] autonomous cycle
[CC] autonomous cycle
[CC] autonomous cycle
[CC] autonomous cycle
comm_tracedispatchjob_refu
se(truck1,smart_bin2,10,ci
ty_token_2026)truck1
[CC] autonomous cycle
[CC] autonomous cycle
[CC] autonomous cycle
comm_tracedispatchjob_refu
se(truck1,smart_bin2,10,ci
ty_token_2026)truck1
[CC] autonomous cycle
[CC] autonomous cycle
[CC] autonomous cycle
[RX CORE] to=control_cente
r from=truck1 msg=send_mes
sage(job_refuse(truck1,sma
rt_bin2,10,city_token_2026
),truck1)
comm_tracedispatchjob_refu
se(truck1,smart_bin2,10,ci
ty_token_2026)truck1
[CC] autonomous cycle
[CC] autonomous cycle
[CC] autonomous cycle
[CC] autonomous cycle
comm_tracedispatchjob_refu
se(truck1,smart_bin2,10,ci
ty_token_2026)truck1
[CC] autonomous cycle
[CC] autonomous cycle
[CC] autonomous cycle
comm_tracedispatchjob_refu
se(truck1,smart_bin2,10,ci
ty_token_2026)truck1
[CC] autonomous cycle
[CC] autonomous cycle
[CC] autonomous cycle
comm_tracedispatchjob_refu
se(truck1,smart_bin2,10,ci
ty_token_2026)truck1
[CC] autonomous cycle
[CC] autonomous cycle
[CC] autonomous cycle
[CC] autonomous cycle
comm_tracedispatchjob_refu
se(truck1,smart_bin2,10,ci
ty_token_2026)truck1
[CC] autonomous cycle
[CC] autonomous cycle
[CC] autonomous cycle
comm_tracedispatchjob_refu
se(truck1,smart_bin2,10,ci
ty_token_2026)truck1
[CC] autonomous cycle
[CC] autonomous cycle
[CC] autonomous cycle
comm_tracedispatchjob_refu
se(truck1,smart_bin2,10,ci
ty_token_2026)truck1
[CC] autonomous cycle
[CC] autonomous cycle
[CC] autonomous cycle
[CC] autonomous cycle
comm_tracedispatchjob_refu
se(truck1,smart_bin2,10,ci
ty_token_2026)truck1
[CC] autonomous cycle
[CC] autonomous cycle
[CC] autonomous cycle
comm_tracedispatchjob_acce
pt(truck3,smart_bin3,9,cit
y_token_2026)truck3
[RX CORE] to=control_cente
r from=truck1 msg=send_mes
sage(job_refuse(truck1,sma
rt_bin2,10,city_token_2026
),truck1)
comm_tracedispatchjob_refu
se(truck1,smart_bin2,10,ci
ty_token_2026)truck1
[CC] autonomous cycle
[CC] autonomous cycle
[CC] autonomous cycle
comm_tracedispatchjob_refu
se(truck1,smart_bin2,10,ci
ty_token_2026)truck1
[CC] autonomous cycle
[CC] autonomous cycle
[CC] autonomous cycle
[CC] autonomous cycle
comm_tracedispatchjob_refu
se(truck1,smart_bin2,10,ci
ty_token_2026)truck1
[CC] autonomous cycle
[CC] autonomous cycle
[CC] autonomous cycle
comm_tracedispatchjob_refu
se(truck1,smart_bin2,10,ci
ty_token_2026)truck1
[CC] autonomous cycle
[CC] autonomous cycle
[CC] autonomous cycle
comm_tracedispatchjob_refu
se(truck1,smart_bin2,10,ci
ty_token_2026)truck1
[CC] autonomous cycle
[CC] autonomous cycle
[CC] autonomous cycle
[CC] autonomous cycle
comm_tracedispatchjob_refu
se(truck1,smart_bin2,10,ci
ty_token_2026)truck1
[CC] autonomous cycle
[CC] autonomous cycle
[CC] autonomous cycle
comm_tracedispatchjob_refu
se(truck1,smart_bin2,10,ci
ty_token_2026)truck1
[CC] autonomous cycle
[CC] autonomous cycle
[CC] autonomous cycle
comm_tracedispatchjob_refu
se(truck1,smart_bin2,10,ci
ty_token_2026)truck1
[CC] autonomous cycle
[CC] autonomous cycle
[CC] autonomous cycle
[CC] autonomous cycle
[RX CORE] to=control_cente
r from=truck1 msg=send_mes
sage(job_refuse(truck1,sma
rt_bin2,10,city_token_2026
),truck1)
comm_tracedispatchjob_refu
se(truck1,smart_bin2,10,ci
ty_token_2026)truck1
[CC] autonomous cycle
[CC] autonomous cycle
[CC] autonomous cycle
comm_tracedispatchjob_refu
se(truck1,smart_bin2,10,ci
ty_token_2026)truck1
[CC] autonomous cycle
[CC] autonomous cycle
[CC] autonomous cycle
comm_tracedispatchjob_refu
se(truck1,smart_bin2,10,ci
ty_token_2026)truck1
[CC] autonomous cycle
[CC] autonomous cycle
[CC] autonomous cycle
[CC] autonomous cycle
comm_tracedispatchjob_refu
se(truck1,smart_bin2,10,ci
ty_token_2026)truck1
[CC] autonomous cycle
[CC] autonomous cycle
[CC] autonomous cycle
comm_tracedispatchjob_refu
se(truck1,smart_bin2,10,ci
ty_token_2026)truck1
[CC] autonomous cycle
[CC] autonomous cycle
[CC] autonomous cycle
comm_tracedispatchjob_refu
se(truck1,smart_bin2,10,ci
ty_token_2026)truck1
[CC] autonomous cycle
[CC] autonomous cycle
[CC] autonomous cycle
[CC] autonomous cycle
comm_tracedispatchjob_refu
se(truck1,smart_bin2,10,ci
ty_token_2026)truck1
[CC] autonomous cycle
[CC] autonomous cycle
[CC] autonomous cycle
comm_tracedispatchjob_refu
se(truck1,smart_bin2,10,ci
ty_token_2026)truck1
[CC] autonomous cycle
[CC] autonomous cycle
[CC] autonomous cycle
[RX CORE] to=control_cente
r from=truck1 msg=send_mes
sage(job_refuse(truck1,sma
rt_bin2,10,city_token_2026
),truck1)
comm_tracedispatchjob_refu
se(truck1,smart_bin2,10,ci
ty_token_2026)truck1
[CC] autonomous cycle
[CC] autonomous cycle
[CC] autonomous cycle
[CC] autonomous cycle
comm_tracedispatchjob_refu
se(truck1,smart_bin2,10,ci
ty_token_2026)truck1
[CC] autonomous cycle
[CC] autonomous cycle
[CC] autonomous cycle
comm_tracedispatchjob_refu
se(truck1,smart_bin2,10,ci
ty_token_2026)truck1
[CC] autonomous cycle
[CC] autonomous cycle
[CC] autonomous cycle
comm_tracedispatchjob_refu
se(truck1,smart_bin2,10,ci
ty_token_2026)truck1
[CC] autonomous cycle
[CC] autonomous cycle
[CC] autonomous cycle
[CC] autonomous cycle
comm_tracedispatchjob_refu
se(truck1,smart_bin2,10,ci
ty_token_2026)truck1
[CC] autonomous cycle
[CC] autonomous cycle
[CC] autonomous cycle
comm_tracedispatchjob_refu
se(truck1,smart_bin2,10,ci
ty_token_2026)truck1
[CC] autonomous cycle
[CC] autonomous cycle
[CC] autonomous cycle
comm_tracedispatchjob_refu
se(truck1,smart_bin2,10,ci
ty_token_2026)truck1
[CC] autonomous cycle
[CC] autonomous cycle
[CC] autonomous cycle
[CC] autonomous cycle
comm_tracedispatchjob_refu
se(truck1,smart_bin2,10,ci
ty_token_2026)truck1
[CC] autonomous cycle
[CC] autonomous cycle
[CC] autonomous cycle
[RX CORE] to=control_cente
r from=truck1 msg=send_mes
sage(job_refuse(truck1,sma
rt_bin2,10,city_token_2026
),truck1)
comm_tracedispatchjob_refu
se(truck1,smart_bin2,10,ci
ty_token_2026)truck1
[CC] autonomous cycle
[CC] autonomous cycle
[CC] autonomous cycle
comm_tracedispatchjob_refu
se(truck1,smart_bin2,10,ci
ty_token_2026)truck1
[CC] autonomous cycle
[CC] autonomous cycle
[CC] autonomous cycle
[CC] autonomous cycle
comm_tracedispatchjob_refu
se(truck1,smart_bin2,10,ci
ty_token_2026)truck1
[CC] autonomous cycle
[CC] autonomous cycle
[CC] autonomous cycle
comm_tracedispatchjob_refu
se(truck1,smart_bin2,10,ci
ty_token_2026)truck1
[CC] autonomous cycle
[CC] autonomous cycle
[CC] autonomous cycle
comm_tracedispatchjob_refu
se(truck1,smart_bin2,10,ci
ty_token_2026)truck1
[CC] autonomous cycle
[CC] autonomous cycle
[CC] autonomous cycle
[CC] autonomous cycle
comm_tracedispatchjob_refu
se(truck1,smart_bin2,10,ci
ty_token_2026)truck1
[CC] autonomous cycle
[CC] autonomous cycle
[CC] autonomous cycle
comm_tracedispatchjob_refu
se(truck1,smart_bin2,10,ci
ty_token_2026)truck1
[CC] autonomous cycle
[CC] autonomous cycle
[CC] autonomous cycle
comm_tracedispatchjob_refu
se(truck1,smart_bin2,10,ci
ty_token_2026)truck1
[CC] autonomous cycle
[CC] autonomous cycle
[CC] autonomous cycle
[CC] autonomous cycle
[RX CORE] to=control_cente
r from=truck1 msg=send_mes
sage(job_refuse(truck1,sma
rt_bin2,10,city_token_2026
),truck1)
comm_tracedispatchjob_refu
se(truck1,smart_bin2,10,ci
ty_token_2026)truck1
[CC] autonomous cycle
[CC] autonomous cycle
[CC] autonomous cycle
comm_tracedispatchjob_refu
se(truck1,smart_bin2,10,ci
ty_token_2026)truck1
[CC] autonomous cycle
[CC] autonomous cycle
[CC] autonomous cycle
comm_tracedispatchjob_refu
se(truck1,smart_bin2,10,ci
ty_token_2026)truck1
[CC] autonomous cycle
[CC] autonomous cycle
[CC] autonomous cycle
[CC] autonomous cycle
comm_tracedispatchjob_refu
se(truck1,smart_bin2,10,ci
ty_token_2026)truck1
[CC] autonomous cycle
[CC] autonomous cycle
[CC] autonomous cycle
comm_tracedispatchjob_refu
se(truck1,smart_bin2,10,ci
ty_token_2026)truck1
[CC] autonomous cycle
[CC] autonomous cycle
[CC] autonomous cycle
comm_tracedispatchjob_refu
se(truck1,smart_bin2,10,ci
ty_token_2026)truck1
[CC] autonomous cycle
[CC] autonomous cycle
[CC] autonomous cycle
[CC] autonomous cycle
comm_tracedispatchjob_refu
se(truck1,smart_bin2,10,ci
ty_token_2026)truck1
[CC] autonomous cycle
[CC] autonomous cycle
[CC] autonomous cycle
comm_tracedispatchjob_refu
se(truck1,smart_bin2,10,ci
ty_token_2026)truck1
[CC] autonomous cycle
[CC] autonomous cycle
[CC] autonomous cycle
comm_tracedispatchjob_acce
pt(truck3,smart_bin3,9,cit
y_token_2026)truck3
[RX CORE] to=control_cente
r from=truck1 msg=send_mes
sage(job_refuse(truck1,sma
rt_bin2,10,city_token_2026
),truck1)
comm_tracedispatchjob_refu
se(truck1,smart_bin2,10,ci
ty_token_2026)truck1
[CC] autonomous cycle
[CC] autonomous cycle
[CC] autonomous cycle
[CC] autonomous cycle
comm_tracedispatchjob_refu
se(truck1,smart_bin2,10,ci
ty_token_2026)truck1
[CC] autonomous cycle
[CC] autonomous cycle
[CC] autonomous cycle
comm_tracedispatchjob_refu
se(truck1,smart_bin2,10,ci
ty_token_2026)truck1
[CC] autonomous cycle
[CC] autonomous cycle
[CC] autonomous cycle
comm_tracedispatchjob_refu
se(truck1,smart_bin2,10,ci
ty_token_2026)truck1
[CC] autonomous cycle
[CC] autonomous cycle
[CC] autonomous cycle
[CC] autonomous cycle
comm_tracedispatchjob_refu
se(truck1,smart_bin2,10,ci
ty_token_2026)truck1
[CC] autonomous cycle
[CC] autonomous cycle
[CC] autonomous cycle
comm_tracedispatchjob_refu
se(truck1,smart_bin2,10,ci
ty_token_2026)truck1
[CC] autonomous cycle
[CC] autonomous cycle
[CC] autonomous cycle
comm_tracedispatchjob_refu
se(truck1,smart_bin2,10,ci
ty_token_2026)truck1
[CC] autonomous cycle
[CC] autonomous cycle
[CC] autonomous cycle
[CC] autonomous cycle
comm_tracedispatchjob_refu
se(truck1,smart_bin2,10,ci
ty_token_2026)truck1
[CC] autonomous cycle
[CC] autonomous cycle
[CC] autonomous cycle
[RX CORE] to=control_cente
r from=smart_bin1 msg=send
_message(reset_ack(smart_b
in1,8,city_token_2026),sma
rt_bin1)
comm_tracedispatchreset_ac
k(smart_bin1,8,city_token_
2026)smart_bin1
[CC] autonomous cycle
[CC] autonomous cycle
[CC] autonomous cycle
comm_tracedispatchreset_ac
k(smart_bin1,8,city_token_
2026)smart_bin1
[CC] autonomous cycle
[CC] autonomous cycle
[CC] autonomous cycle
[CC] autonomous cycle
comm_tracedispatchreset_ac
k(smart_bin1,8,city_token_
2026)smart_bin1
[CC] autonomous cycle
[CC] autonomous cycle
[CC] autonomous cycle
comm_tracedispatchreset_ac
k(smart_bin1,8,city_token_
2026)smart_bin1
[CC] autonomous cycle
[CC] autonomous cycle
[CC] autonomous cycle
comm_tracedispatchreset_ac
k(smart_bin1,8,city_token_
2026)smart_bin1
[CC] autonomous cycle
[CC] autonomous cycle
[CC] autonomous cycle
[CC] autonomous cycle
comm_tracedispatchreset_ac
k(smart_bin1,8,city_token_
2026)smart_bin1
[CC] autonomous cycle
[CC] autonomous cycle
[CC] autonomous cycle
comm_tracedispatchreset_ac
k(smart_bin1,8,city_token_
2026)smart_bin1
[CC] autonomous cycle
[CC] autonomous cycle
[CC] autonomous cycle
comm_tracedispatchreset_ac
k(smart_bin1,8,city_token_
2026)smart_bin1
[CC] autonomous cycle
[CC] autonomous cycle
[CC] autonomous cycle
[CC] autonomous cycle
[RX CORE] to=control_cente
r from=smart_bin1 msg=send
_message(reset_ack(smart_b
in1,8,city_token_2026),sma
rt_bin1)
comm_tracedispatchreset_ac
k(smart_bin1,8,city_token_
2026)smart_bin1
[CC] autonomous cycle
[CC] autonomous cycle
[CC] autonomous cycle
comm_tracedispatchreset_ac
k(smart_bin1,8,city_token_
2026)smart_bin1
[CC] autonomous cycle
[CC] autonomous cycle
[CC] autonomous cycle
comm_tracedispatchreset_ac
k(smart_bin1,8,city_token_
2026)smart_bin1
[CC] autonomous cycle
[CC] autonomous cycle
[CC] autonomous cycle
[CC] autonomous cycle
comm_tracedispatchreset_ac
k(smart_bin1,8,city_token_
2026)smart_bin1
[CC] autonomous cycle
[CC] autonomous cycle
[CC] autonomous cycle
comm_tracedispatchreset_ac
k(smart_bin1,8,city_token_
2026)smart_bin1
[CC] autonomous cycle
[CC] autonomous cycle
[CC] autonomous cycle
comm_tracedispatchreset_ac
k(smart_bin1,8,city_token_
2026)smart_bin1
[CC] autonomous cycle
[CC] autonomous cycle
[CC] autonomous cycle
[CC] autonomous cycle
comm_tracedispatchreset_ac
k(smart_bin1,8,city_token_
2026)smart_bin1
[CC] autonomous cycle
[CC] autonomous cycle
[CC] autonomous cycle
comm_tracedispatchreset_ac
k(smart_bin1,8,city_token_
2026)smart_bin1
[CC] autonomous cycle
[CC] autonomous cycle
[CC] autonomous cycle
[RX CORE] to=control_cente
r from=smart_bin1 msg=send
_message(reset_ack(smart_b
in1,8,city_token_2026),sma
rt_bin1)
comm_tracedispatchreset_ac
k(smart_bin1,8,city_token_
2026)smart_bin1
[CC] autonomous cycle
[CC] autonomous cycle
[CC] autonomous cycle
[CC] autonomous cycle
comm_tracedispatchreset_ac
k(smart_bin1,8,city_token_
2026)smart_bin1
[CC] autonomous cycle
[CC] autonomous cycle
[CC] autonomous cycle
comm_tracedispatchreset_ac
k(smart_bin1,8,city_token_
2026)smart_bin1
[CC] autonomous cycle
[CC] autonomous cycle
[CC] autonomous cycle
comm_tracedispatchreset_ac
k(smart_bin1,8,city_token_
2026)smart_bin1
[CC] autonomous cycle
[CC] autonomous cycle
[CC] autonomous cycle
[CC] autonomous cycle
comm_tracedispatchreset_ac
k(smart_bin1,8,city_token_
2026)smart_bin1
[CC] autonomous cycle
[CC] autonomous cycle
[CC] autonomous cycle
comm_tracedispatchreset_ac
k(smart_bin1,8,city_token_
2026)smart_bin1
[CC] autonomous cycle
[CC] autonomous cycle
[CC] autonomous cycle
comm_tracedispatchreset_ac
k(smart_bin1,8,city_token_
2026)smart_bin1
[CC] autonomous cycle
[CC] autonomous cycle
[CC] autonomous cycle
[CC] autonomous cycle
comm_tracedispatchreset_ac
k(smart_bin1,8,city_token_
2026)smart_bin1
[CC] autonomous cycle
[CC] autonomous cycle
[CC] autonomous cycle
[RX CORE] to=control_cente
r from=smart_bin1 msg=send
_message(reset_ack(smart_b
in1,8,city_token_2026),sma
rt_bin1)
comm_tracedispatchreset_ac
k(smart_bin1,8,city_token_
2026)smart_bin1
[CC] autonomous cycle
[CC] autonomous cycle
[CC] autonomous cycle
comm_tracedispatchreset_ac
k(smart_bin1,8,city_token_
2026)smart_bin1
[CC] autonomous cycle
[CC] autonomous cycle
[CC] autonomous cycle
[CC] autonomous cycle
comm_tracedispatchreset_ac
k(smart_bin1,8,city_token_
2026)smart_bin1
[CC] autonomous cycle
[CC] autonomous cycle
[CC] autonomous cycle
comm_tracedispatchreset_ac
k(smart_bin1,8,city_token_
2026)smart_bin1
[CC] autonomous cycle
[CC] autonomous cycle
[CC] autonomous cycle
comm_tracedispatchreset_ac
k(smart_bin1,8,city_token_
2026)smart_bin1
[CC] autonomous cycle
[CC] autonomous cycle
[CC] autonomous cycle
[CC] autonomous cycle
comm_tracedispatchreset_ac
k(smart_bin1,8,city_token_
2026)smart_bin1
[CC] autonomous cycle
[CC] autonomous cycle
[CC] autonomous cycle
comm_tracedispatchreset_ac
k(smart_bin1,8,city_token_
2026)smart_bin1
[CC] autonomous cycle
[CC] autonomous cycle
[CC] autonomous cycle
comm_tracedispatchreset_ac
k(smart_bin1,8,city_token_
2026)smart_bin1
[CC] autonomous cycle
[CC] autonomous cycle
[CC] autonomous cycle
[CC] autonomous cycle
comm_tracedispatchjob_acce
pt(truck3,smart_bin3,9,cit
y_token_2026)truck3
[RX CORE] to=control_cente
r from=smart_bin1 msg=send
_message(bin_full(smart_bi
n1,city_token_2026),smart_
bin1)
comm_tracedispatchbin_full
(smart_bin1,city_token_202
6)smart_bin1
[CC] bin_full received fro
m smart_bin1
[CC] candidates for smart_
bin1: [truck1,truck2,truck
3]
[CC] dispatch req(11)-smar
t_bin1 -> truck1
[CC] autonomous cycle
[CC] autonomous cycle
[CC] autonomous cycle
comm_tracedispatchbin_full
(smart_bin1,city_token_202
6)smart_bin1
[CC] autonomous cycle
[CC] autonomous cycle
[CC] autonomous cycle
comm_tracedispatchbin_full
(smart_bin1,city_token_202
6)smart_bin1
[CC] autonomous cycle
[CC] autonomous cycle
[CC] autonomous cycle
[CC] autonomous cycle
comm_tracedispatchbin_full
(smart_bin1,city_token_202
6)smart_bin1
[CC] autonomous cycle
[CC] autonomous cycle
[CC] autonomous cycle
comm_tracedispatchbin_full
(smart_bin1,city_token_202
6)smart_bin1
[CC] autonomous cycle
[CC] autonomous cycle
[CC] autonomous cycle
comm_tracedispatchbin_full
(smart_bin1,city_token_202
6)smart_bin1
[CC] autonomous cycle
[CC] autonomous cycle
[CC] autonomous cycle
[CC] autonomous cycle
comm_tracedispatchbin_full
(smart_bin1,city_token_202
6)smart_bin1
[CC] autonomous cycle
[CC] autonomous cycle
[CC] autonomous cycle
comm_tracedispatchbin_full
(smart_bin1,city_token_202
6)smart_bin1
[CC] autonomous cycle
[CC] autonomous cycle
[CC] autonomous cycle
[RX CORE] to=control_cente
r from=smart_bin1 msg=send
_message(reset_ack(smart_b
in1,8,city_token_2026),sma
rt_bin1)
comm_tracedispatchreset_ac
k(smart_bin1,8,city_token_
2026)smart_bin1
[CC] autonomous cycle
[CC] autonomous cycle
[CC] autonomous cycle
[CC] autonomous cycle
comm_tracedispatchreset_ac
k(smart_bin1,8,city_token_
2026)smart_bin1
[CC] autonomous cycle
[CC] autonomous cycle
[CC] autonomous cycle
comm_tracedispatchreset_ac
k(smart_bin1,8,city_token_
2026)smart_bin1
[CC] autonomous cycle
[CC] autonomous cycle
[CC] autonomous cycle
comm_tracedispatchreset_ac
k(smart_bin1,8,city_token_
2026)smart_bin1
[CC] autonomous cycle
[CC] autonomous cycle
[CC] autonomous cycle
[CC] autonomous cycle
comm_tracedispatchreset_ac
k(smart_bin1,8,city_token_
2026)smart_bin1
[CC] autonomous cycle
[CC] autonomous cycle
[CC] autonomous cycle
comm_tracedispatchreset_ac
k(smart_bin1,8,city_token_
2026)smart_bin1
[CC] autonomous cycle
[CC] autonomous cycle
[CC] autonomous cycle
comm_tracedispatchreset_ac
k(smart_bin1,8,city_token_
2026)smart_bin1
[CC] autonomous cycle
[CC] autonomous cycle
[CC] autonomous cycle
[CC] autonomous cycle
comm_tracedispatchreset_ac
k(smart_bin1,8,city_token_
2026)smart_bin1
[CC] autonomous cycle
[CC] autonomous cycle
[CC] autonomous cycle
[RX CORE] to=control_cente
r from=smart_bin1 msg=send
_message(reset_ack(smart_b
in1,8,city_token_2026),sma
rt_bin1)
comm_tracedispatchreset_ac
k(smart_bin1,8,city_token_
2026)smart_bin1
[CC] autonomous cycle
[CC] autonomous cycle
[CC] autonomous cycle
comm_tracedispatchreset_ac
k(smart_bin1,8,city_token_
2026)smart_bin1
[CC] autonomous cycle
[CC] autonomous cycle
[CC] autonomous cycle
[CC] autonomous cycle
comm_tracedispatchreset_ac
k(smart_bin1,8,city_token_
2026)smart_bin1
[CC] autonomous cycle
[CC] autonomous cycle
[CC] autonomous cycle
comm_tracedispatchreset_ac
k(smart_bin1,8,city_token_
2026)smart_bin1
[CC] autonomous cycle
[CC] autonomous cycle
[CC] autonomous cycle
comm_tracedispatchreset_ac
k(smart_bin1,8,city_token_
2026)smart_bin1
[CC] autonomous cycle
[CC] autonomous cycle
[CC] autonomous cycle
[CC] autonomous cycle
comm_tracedispatchreset_ac
k(smart_bin1,8,city_token_
2026)smart_bin1
[CC] autonomous cycle
[CC] autonomous cycle
[CC] autonomous cycle
comm_tracedispatchreset_ac
k(smart_bin1,8,city_token_
2026)smart_bin1
[CC] autonomous cycle
[CC] autonomous cycle
[CC] autonomous cycle
comm_tracedispatchreset_ac
k(smart_bin1,8,city_token_
2026)smart_bin1
[CC] autonomous cycle
[CC] autonomous cycle
[CC] autonomous cycle
[CC] autonomous cycle
[RX CORE] to=control_cente
r from=smart_bin1 msg=send
_message(reset_ack(smart_b
in1,8,city_token_2026),sma
rt_bin1)
comm_tracedispatchreset_ac
k(smart_bin1,8,city_token_
2026)smart_bin1
[CC] autonomous cycle
[CC] autonomous cycle
[CC] autonomous cycle
comm_tracedispatchreset_ac
k(smart_bin1,8,city_token_
2026)smart_bin1
[CC] autonomous cycle
[CC] autonomous cycle
[CC] autonomous cycle
comm_tracedispatchreset_ac
k(smart_bin1,8,city_token_
2026)smart_bin1
[CC] autonomous cycle
[CC] autonomous cycle
[CC] autonomous cycle
[CC] autonomous cycle
comm_tracedispatchreset_ac
k(smart_bin1,8,city_token_
2026)smart_bin1
[CC] autonomous cycle
[CC] autonomous cycle
[CC] autonomous cycle
comm_tracedispatchreset_ac
k(smart_bin1,8,city_token_
2026)smart_bin1
[CC] autonomous cycle
[CC] autonomous cycle
[CC] autonomous cycle
comm_tracedispatchreset_ac
k(smart_bin1,8,city_token_
2026)smart_bin1
[CC] autonomous cycle
[CC] autonomous cycle
[CC] autonomous cycle
[CC] autonomous cycle
comm_tracedispatchreset_ac
k(smart_bin1,8,city_token_
2026)smart_bin1
[CC] autonomous cycle
[CC] autonomous cycle
[CC] autonomous cycle
comm_tracedispatchreset_ac
k(smart_bin1,8,city_token_
2026)smart_bin1
[CC] autonomous cycle
[CC] autonomous cycle
[CC] autonomous cycle
[RX CORE] to=control_cente
r from=smart_bin1 msg=send
_message(reset_ack(smart_b
in1,8,city_token_2026),sma
rt_bin1)
comm_tracedispatchreset_ac
k(smart_bin1,8,city_token_
2026)smart_bin1
[CC] autonomous cycle
[CC] autonomous cycle
[CC] autonomous cycle
[CC] autonomous cycle
comm_tracedispatchreset_ac
k(smart_bin1,8,city_token_
2026)smart_bin1
[CC] autonomous cycle
[CC] autonomous cycle
[CC] autonomous cycle
comm_tracedispatchreset_ac
k(smart_bin1,8,city_token_
2026)smart_bin1
[CC] autonomous cycle
[CC] autonomous cycle
[CC] autonomous cycle
comm_tracedispatchreset_ac
k(smart_bin1,8,city_token_
2026)smart_bin1
[CC] autonomous cycle
[CC] autonomous cycle
[CC] autonomous cycle
[CC] autonomous cycle
comm_tracedispatchreset_ac
k(smart_bin1,8,city_token_
2026)smart_bin1
[CC] autonomous cycle
[CC] autonomous cycle
[CC] autonomous cycle
comm_tracedispatchreset_ac
k(smart_bin1,8,city_token_
2026)smart_bin1
[CC] autonomous cycle
[CC] autonomous cycle
[CC] autonomous cycle
comm_tracedispatchreset_ac
k(smart_bin1,8,city_token_
2026)smart_bin1
[CC] autonomous cycle
[CC] autonomous cycle
[CC] autonomous cycle
[CC] autonomous cycle
comm_tracedispatchreset_ac
k(smart_bin1,8,city_token_
2026)smart_bin1
[CC] autonomous cycle
[CC] autonomous cycle
[CC] autonomous cycle
[RX CORE] to=control_cente
r from=smart_bin1 msg=send
_message(reset_ack(smart_b
in1,8,city_token_2026),sma
rt_bin1)
comm_tracedispatchreset_ac
k(smart_bin1,8,city_token_
2026)smart_bin1
[RX CORE] to=control_cente
r from=smart_bin1 msg=send
_message(reset_ack(smart_b
in1,8,city_token_2026),sma
rt_bin1)
comm_tracedispatchreset_ac
k(smart_bin1,8,city_token_
2026)smart_bin1
[CC] autonomous cycle
[CC] autonomous cycle
[CC] autonomous cycle
comm_tracedispatchreset_ac
k(smart_bin1,8,city_token_
2026)smart_bin1
[CC] autonomous cycle
[CC] autonomous cycle
[CC] autonomous cycle
[CC] autonomous cycle
comm_tracedispatchreset_ac
k(smart_bin1,8,city_token_
2026)smart_bin1
[CC] autonomous cycle
[CC] autonomous cycle
[CC] autonomous cycle
comm_tracedispatchreset_ac
k(smart_bin1,8,city_token_
2026)smart_bin1
[CC] autonomous cycle
[CC] autonomous cycle
[CC] autonomous cycle
comm_tracedispatchreset_ac
k(smart_bin1,8,city_token_
2026)smart_bin1
[CC] autonomous cycle
[CC] autonomous cycle
[CC] autonomous cycle
[CC] autonomous cycle
comm_tracedispatchreset_ac
k(smart_bin1,8,city_token_
2026)smart_bin1
[CC] autonomous cycle
[CC] autonomous cycle
[CC] autonomous cycle
comm_tracedispatchreset_ac
k(smart_bin1,8,city_token_
2026)smart_bin1
[CC] autonomous cycle
[CC] autonomous cycle
[CC] autonomous cycle
comm_tracedispatchreset_ac
k(smart_bin1,8,city_token_
2026)smart_bin1
[CC] autonomous cycle
[CC] autonomous cycle
[CC] autonomous cycle
[CC] autonomous cycle
[RX CORE] to=control_cente
r from=smart_bin1 msg=send
_message(reset_ack(smart_b
in1,8,city_token_2026),sma
rt_bin1)
comm_tracedispatchreset_ac
k(smart_bin1,8,city_token_
2026)smart_bin1
[CC] autonomous cycle
[CC] autonomous cycle
[CC] autonomous cycle
comm_tracedispatchreset_ac
k(smart_bin1,8,city_token_
2026)smart_bin1
[CC] autonomous cycle
[CC] autonomous cycle
[CC] autonomous cycle
comm_tracedispatchreset_ac
k(smart_bin1,8,city_token_
2026)smart_bin1
[CC] autonomous cycle
[CC] autonomous cycle
[CC] autonomous cycle
[CC] autonomous cycle
comm_tracedispatchreset_ac
k(smart_bin1,8,city_token_
2026)smart_bin1
[CC] autonomous cycle
[CC] autonomous cycle
[CC] autonomous cycle
comm_tracedispatchreset_ac
k(smart_bin1,8,city_token_
2026)smart_bin1
[CC] autonomous cycle
[CC] autonomous cycle
[CC] autonomous cycle
comm_tracedispatchreset_ac
k(smart_bin1,8,city_token_
2026)smart_bin1
[CC] autonomous cycle
[CC] autonomous cycle
[CC] autonomous cycle
[CC] autonomous cycle
comm_tracedispatchreset_ac
k(smart_bin1,8,city_token_
2026)smart_bin1
[CC] autonomous cycle
[CC] autonomous cycle
[CC] autonomous cycle
comm_tracedispatchreset_ac
k(smart_bin1,8,city_token_
2026)smart_bin1
[CC] autonomous cycle
[CC] autonomous cycle
[CC] autonomous cycle
[RX CORE] to=control_cente
r from=smart_bin1 msg=send
_message(reset_ack(smart_b
in1,8,city_token_2026),sma
rt_bin1)
comm_tracedispatchreset_ac
k(smart_bin1,8,city_token_
2026)smart_bin1
[CC] autonomous cycle
[CC] autonomous cycle
[CC] autonomous cycle
[CC] autonomous cycle
comm_tracedispatchreset_ac
k(smart_bin1,8,city_token_
2026)smart_bin1
[CC] autonomous cycle
[CC] autonomous cycle
[CC] autonomous cycle
comm_tracedispatchreset_ac
k(smart_bin1,8,city_token_
2026)smart_bin1
[CC] autonomous cycle
[CC] autonomous cycle
[CC] autonomous cycle
comm_tracedispatchreset_ac
k(smart_bin1,8,city_token_
2026)smart_bin1
[CC] autonomous cycle
[CC] autonomous cycle
[CC] autonomous cycle
[CC] autonomous cycle
comm_tracedispatchreset_ac
k(smart_bin1,8,city_token_
2026)smart_bin1
[CC] autonomous cycle
[CC] autonomous cycle
[CC] autonomous cycle
comm_tracedispatchreset_ac
k(smart_bin1,8,city_token_
2026)smart_bin1
[CC] autonomous cycle
[CC] autonomous cycle
[CC] autonomous cycle
comm_tracedispatchreset_ac
k(smart_bin1,8,city_token_
2026)smart_bin1
[CC] autonomous cycle
[CC] autonomous cycle
[CC] autonomous cycle
[CC] autonomous cycle
comm_tracedispatchreset_ac
k(smart_bin1,8,city_token_
2026)smart_bin1
[CC] autonomous cycle
[CC] autonomous cycle
[CC] autonomous cycle
[RX CORE] to=control_cente
r from=smart_bin1 msg=send
_message(reset_ack(smart_b
in1,8,city_token_2026),sma
rt_bin1)
comm_tracedispatchreset_ac
k(smart_bin1,8,city_token_
2026)smart_bin1
[CC] autonomous cycle
[CC] autonomous cycle
[CC] autonomous cycle
comm_tracedispatchreset_ac
k(smart_bin1,8,city_token_
2026)smart_bin1
[CC] autonomous cycle
[CC] autonomous cycle
[CC] autonomous cycle
[CC] autonomous cycle
comm_tracedispatchreset_ac
k(smart_bin1,8,city_token_
2026)smart_bin1
[CC] autonomous cycle
[CC] autonomous cycle
[CC] autonomous cycle
comm_tracedispatchreset_ac
k(smart_bin1,8,city_token_
2026)smart_bin1
[CC] autonomous cycle
[CC] autonomous cycle
[CC] autonomous cycle
comm_tracedispatchreset_ac
k(smart_bin1,8,city_token_
2026)smart_bin1
[CC] autonomous cycle
[CC] autonomous cycle
[CC] autonomous cycle
[CC] autonomous cycle
comm_tracedispatchreset_ac
k(smart_bin1,8,city_token_
2026)smart_bin1
[CC] autonomous cycle
[CC] autonomous cycle
[CC] autonomous cycle
comm_tracedispatchreset_ac
k(smart_bin1,8,city_token_
2026)smart_bin1
[CC] autonomous cycle
[CC] autonomous cycle
[CC] autonomous cycle
comm_tracedispatchreset_ac
k(smart_bin1,8,city_token_
2026)smart_bin1
[CC] autonomous cycle
[CC] autonomous cycle
[CC] autonomous cycle
[CC] autonomous cycle
[RX CORE] to=control_cente
r from=smart_bin1 msg=send
_message(reset_ack(smart_b
in1,8,city_token_2026),sma
rt_bin1)
comm_tracedispatchreset_ac
k(smart_bin1,8,city_token_
2026)smart_bin1
[CC] autonomous cycle
[CC] autonomous cycle
[CC] autonomous cycle
comm_tracedispatchreset_ac
k(smart_bin1,8,city_token_
2026)smart_bin1
[CC] autonomous cycle
[CC] autonomous cycle
[CC] autonomous cycle
comm_tracedispatchreset_ac
k(smart_bin1,8,city_token_
2026)smart_bin1
[CC] autonomous cycle
[CC] autonomous cycle
[CC] autonomous cycle
[CC] autonomous cycle
comm_tracedispatchreset_ac
k(smart_bin1,8,city_token_
2026)smart_bin1
[CC] autonomous cycle
[CC] autonomous cycle
[CC] autonomous cycle
comm_tracedispatchreset_ac
k(smart_bin1,8,city_token_
2026)smart_bin1
[CC] autonomous cycle
[CC] autonomous cycle
[CC] autonomous cycle
comm_tracedispatchreset_ac
k(smart_bin1,8,city_token_
2026)smart_bin1
[CC] autonomous cycle
[CC] autonomous cycle
[CC] autonomous cycle
[CC] autonomous cycle
comm_tracedispatchreset_ac
k(smart_bin1,8,city_token_
2026)smart_bin1
[CC] autonomous cycle
[CC] autonomous cycle
[CC] autonomous cycle
comm_tracedispatchreset_ac
k(smart_bin1,8,city_token_
2026)smart_bin1
[CC] autonomous cycle
[CC] autonomous cycle
[CC] autonomous cycle
comm_tracedispatchreset_ac
k(smart_bin1,8,city_token_
2026)smart_bin1
[RX CORE] to=control_cente
r from=smart_bin1 msg=send
_message(reset_ack(smart_b
in1,8,city_token_2026),sma
rt_bin1)
comm_tracedispatchreset_ac
k(smart_bin1,8,city_token_
2026)smart_bin1
[CC] autonomous cycle
[CC] autonomous cycle
[CC] autonomous cycle
[CC] autonomous cycle
comm_tracedispatchreset_ac
k(smart_bin1,8,city_token_
2026)smart_bin1
[CC] autonomous cycle
[CC] autonomous cycle
[CC] autonomous cycle
comm_tracedispatchreset_ac
k(smart_bin1,8,city_token_
2026)smart_bin1
[CC] autonomous cycle
[CC] autonomous cycle
[CC] autonomous cycle
comm_tracedispatchreset_ac
k(smart_bin1,8,city_token_
2026)smart_bin1
[CC] autonomous cycle
[CC] autonomous cycle
[CC] autonomous cycle
[CC] autonomous cycle
comm_tracedispatchreset_ac
k(smart_bin1,8,city_token_
2026)smart_bin1
[CC] autonomous cycle
[CC] autonomous cycle
[CC] autonomous cycle
comm_tracedispatchreset_ac
k(smart_bin1,8,city_token_
2026)smart_bin1
[CC] autonomous cycle
[CC] autonomous cycle
[CC] autonomous cycle
comm_tracedispatchreset_ac
k(smart_bin1,8,city_token_
2026)smart_bin1
[CC] autonomous cycle
[CC] autonomous cycle
[CC] autonomous cycle
[CC] autonomous cycle
comm_tracedispatchreset_ac
k(smart_bin1,8,city_token_
2026)smart_bin1
[CC] autonomous cycle
[CC] autonomous cycle
[CC] autonomous cycle
[RX CORE] to=control_cente
r from=smart_bin1 msg=send
_message(reset_ack(smart_b
in1,8,city_token_2026),sma
rt_bin1)
comm_tracedispatchreset_ac
k(smart_bin1,8,city_token_
2026)smart_bin1
[CC] autonomous cycle
[CC] autonomous cycle
[CC] autonomous cycle
comm_tracedispatchreset_ac
k(smart_bin1,8,city_token_
2026)smart_bin1
[CC] autonomous cycle
[CC] autonomous cycle
[CC] autonomous cycle
[CC] autonomous cycle
comm_tracedispatchreset_ac
k(smart_bin1,8,city_token_
2026)smart_bin1
[CC] autonomous cycle
[CC] autonomous cycle
[CC] autonomous cycle
comm_tracedispatchreset_ac
k(smart_bin1,8,city_token_
2026)smart_bin1
[CC] autonomous cycle
[CC] autonomous cycle
[CC] autonomous cycle
comm_tracedispatchreset_ac
k(smart_bin1,8,city_token_
2026)smart_bin1
[CC] autonomous cycle
[CC] autonomous cycle
[CC] autonomous cycle
[CC] autonomous cycle
comm_tracedispatchreset_ac
k(smart_bin1,8,city_token_
2026)smart_bin1
[CC] autonomous cycle
[CC] autonomous cycle
[CC] autonomous cycle
comm_tracedispatchreset_ac
k(smart_bin1,8,city_token_
2026)smart_bin1
[CC] autonomous cycle
[CC] autonomous cycle
[CC] autonomous cycle
comm_tracedispatchreset_ac
k(smart_bin1,8,city_token_
2026)smart_bin1
[CC] autonomous cycle
[CC] autonomous cycle
[CC] autonomous cycle
[CC] autonomous cycle
[RX CORE] to=control_cente
r from=truck3 msg=send_mes
sage(assignment_ack(truck3
,smart_bin3,9,city_token_2
026),truck3)
comm_tracedispatchassignme
nt_ack(truck3,smart_bin3,9
,city_token_2026)truck3
[CC] autonomous cycle
[CC] autonomous cycle
[CC] autonomous cycle
comm_tracedispatchassignme
nt_ack(truck3,smart_bin3,9
,city_token_2026)truck3
[CC] autonomous cycle
[CC] autonomous cycle
[CC] autonomous cycle
comm_tracedispatchassignme
nt_ack(truck3,smart_bin3,9
,city_token_2026)truck3
[CC] autonomous cycle
[CC] autonomous cycle
[CC] autonomous cycle
[CC] autonomous cycle
comm_tracedispatchassignme
nt_ack(truck3,smart_bin3,9
,city_token_2026)truck3
[CC] autonomous cycle
[CC] autonomous cycle
[CC] autonomous cycle
comm_tracedispatchassignme
nt_ack(truck3,smart_bin3,9
,city_token_2026)truck3
[CC] autonomous cycle
[CC] autonomous cycle
[CC] autonomous cycle
comm_tracedispatchassignme
nt_ack(truck3,smart_bin3,9
,city_token_2026)truck3
[CC] autonomous cycle
[CC] autonomous cycle
[CC] autonomous cycle
[CC] autonomous cycle
comm_tracedispatchassignme
nt_ack(truck3,smart_bin3,9
,city_token_2026)truck3
[CC] autonomous cycle
[CC] autonomous cycle
[CC] autonomous cycle
comm_tracedispatchassignme
nt_ack(truck3,smart_bin3,9
,city_token_2026)truck3
[CC] autonomous cycle
[CC] autonomous cycle
[CC] autonomous cycle
[RX CORE] to=control_cente
r from=truck3 msg=send_mes
sage(collection_complete(s
mart_bin3,9,city_token_202
6),truck3)
comm_tracedispatchcollecti
on_complete(smart_bin3,9,c
ity_token_2026)truck3
[CC] autonomous cycle
[CC] autonomous cycle
[CC] autonomous cycle
[CC] autonomous cycle
comm_tracedispatchcollecti
on_complete(smart_bin3,9,c
ity_token_2026)truck3
[CC] autonomous cycle
[CC] autonomous cycle
[CC] autonomous cycle
comm_tracedispatchcollecti
on_complete(smart_bin3,9,c
ity_token_2026)truck3
[CC] autonomous cycle
[CC] autonomous cycle
[CC] autonomous cycle
comm_tracedispatchcollecti
on_complete(smart_bin3,9,c
ity_token_2026)truck3
[CC] autonomous cycle
[CC] autonomous cycle
[CC] autonomous cycle
[CC] autonomous cycle
comm_tracedispatchcollecti
on_complete(smart_bin3,9,c
ity_token_2026)truck3
[CC] autonomous cycle
[CC] autonomous cycle
[CC] autonomous cycle
comm_tracedispatchcollecti
on_complete(smart_bin3,9,c
ity_token_2026)truck3
[CC] autonomous cycle
[CC] autonomous cycle
[CC] autonomous cycle
comm_tracedispatchcollecti
on_complete(smart_bin3,9,c
ity_token_2026)truck3
[CC] autonomous cycle
[CC] autonomous cycle
[CC] autonomous cycle
[CC] autonomous cycle
comm_tracedispatchcollecti
on_complete(smart_bin3,9,c
ity_token_2026)truck3
[CC] autonomous cycle
[CC] autonomous cycle
[CC] autonomous cycle
[RX CORE] to=control_cente
r from=truck2 msg=send_mes
sage(job_refuse(truck2,sma
rt_bin2,10,city_token_2026
),truck2)
comm_tracedispatchjob_refu
se(truck2,smart_bin2,10,ci
ty_token_2026)truck2
[CC] candidates for smart_
bin2: [truck3]
[CC] dispatch req(10)-smar
t_bin2 -> truck3
[CC] autonomous cycle
[CC] autonomous cycle
[CC] autonomous cycle
comm_tracedispatchjob_refu
se(truck2,smart_bin2,10,ci
ty_token_2026)truck2
[CC] autonomous cycle
[CC] autonomous cycle
[CC] autonomous cycle
[CC] autonomous cycle
comm_tracedispatchjob_refu
se(truck2,smart_bin2,10,ci
ty_token_2026)truck2
[CC] autonomous cycle
[CC] autonomous cycle
[CC] autonomous cycle
comm_tracedispatchjob_refu
se(truck2,smart_bin2,10,ci
ty_token_2026)truck2
[CC] autonomous cycle
[CC] autonomous cycle
[CC] autonomous cycle
comm_tracedispatchjob_refu
se(truck2,smart_bin2,10,ci
ty_token_2026)truck2
[CC] autonomous cycle
[CC] autonomous cycle
[CC] autonomous cycle
[CC] autonomous cycle
comm_tracedispatchjob_refu
se(truck2,smart_bin2,10,ci
ty_token_2026)truck2
[CC] autonomous cycle
[CC] autonomous cycle
[CC] autonomous cycle
comm_tracedispatchjob_refu
se(truck2,smart_bin2,10,ci
ty_token_2026)truck2
[CC] autonomous cycle
[CC] autonomous cycle
[CC] autonomous cycle
comm_tracedispatchjob_refu
se(truck2,smart_bin2,10,ci
ty_token_2026)truck2
[CC] autonomous cycle
[CC] autonomous cycle
[CC] autonomous cycle
[CC] autonomous cycle
comm_tracedispatchreset_ac
k(smart_bin1,8,city_token_
2026)smart_bin1
[RX CORE] to=control_cente
r from=truck2 msg=send_mes
sage(job_refuse(truck2,sma
rt_bin2,10,city_token_2026
),truck2)
comm_tracedispatchjob_refu
se(truck2,smart_bin2,10,ci
ty_token_2026)truck2
[CC] autonomous cycle
[CC] autonomous cycle
[CC] autonomous cycle
comm_tracedispatchjob_refu
se(truck2,smart_bin2,10,ci
ty_token_2026)truck2
[CC] autonomous cycle
[CC] autonomous cycle
[CC] autonomous cycle
comm_tracedispatchjob_refu
se(truck2,smart_bin2,10,ci
ty_token_2026)truck2
[CC] autonomous cycle
[CC] autonomous cycle
[CC] autonomous cycle
[CC] autonomous cycle
comm_tracedispatchjob_refu
se(truck2,smart_bin2,10,ci
ty_token_2026)truck2
[CC] autonomous cycle
[CC] autonomous cycle
[CC] autonomous cycle
comm_tracedispatchjob_refu
se(truck2,smart_bin2,10,ci
ty_token_2026)truck2
[CC] autonomous cycle
[CC] autonomous cycle
[CC] autonomous cycle
comm_tracedispatchjob_refu
se(truck2,smart_bin2,10,ci
ty_token_2026)truck2
[CC] autonomous cycle
[CC] autonomous cycle
[CC] autonomous cycle
[CC] autonomous cycle
comm_tracedispatchjob_refu
se(truck2,smart_bin2,10,ci
ty_token_2026)truck2
[CC] autonomous cycle
[CC] autonomous cycle
[CC] autonomous cycle
comm_tracedispatchjob_refu
se(truck2,smart_bin2,10,ci
ty_token_2026)truck2
[CC] autonomous cycle
[CC] autonomous cycle
[CC] autonomous cycle
[RX CORE] to=control_cente
r from=truck2 msg=send_mes
sage(job_refuse(truck2,sma
rt_bin2,10,city_token_2026
),truck2)
comm_tracedispatchjob_refu
se(truck2,smart_bin2,10,ci
ty_token_2026)truck2
[CC] autonomous cycle
[CC] autonomous cycle
[CC] autonomous cycle
[CC] autonomous cycle
comm_tracedispatchjob_refu
se(truck2,smart_bin2,10,ci
ty_token_2026)truck2
[CC] autonomous cycle
[CC] autonomous cycle
[CC] autonomous cycle
comm_tracedispatchjob_refu
se(truck2,smart_bin2,10,ci
ty_token_2026)truck2
[CC] autonomous cycle
[CC] autonomous cycle
[CC] autonomous cycle
comm_tracedispatchjob_refu
se(truck2,smart_bin2,10,ci
ty_token_2026)truck2
[CC] autonomous cycle
[CC] autonomous cycle
[CC] autonomous cycle
[CC] autonomous cycle
comm_tracedispatchjob_refu
se(truck2,smart_bin2,10,ci
ty_token_2026)truck2
[CC] autonomous cycle
[CC] autonomous cycle
[CC] autonomous cycle
comm_tracedispatchjob_refu
se(truck2,smart_bin2,10,ci
ty_token_2026)truck2
[CC] autonomous cycle
[CC] autonomous cycle
[CC] autonomous cycle
comm_tracedispatchjob_refu
se(truck2,smart_bin2,10,ci
ty_token_2026)truck2
[CC] autonomous cycle
[CC] autonomous cycle
[CC] autonomous cycle
[CC] autonomous cycle
comm_tracedispatchjob_refu
se(truck2,smart_bin2,10,ci
ty_token_2026)truck2
[CC] autonomous cycle
[CC] autonomous cycle
[CC] autonomous cycle
[RX CORE] to=control_cente
r from=truck2 msg=send_mes
sage(job_refuse(truck2,sma
rt_bin2,10,city_token_2026
),truck2)
comm_tracedispatchjob_refu
se(truck2,smart_bin2,10,ci
ty_token_2026)truck2
[CC] autonomous cycle
[CC] autonomous cycle
[CC] autonomous cycle
comm_tracedispatchjob_refu
se(truck2,smart_bin2,10,ci
ty_token_2026)truck2
[CC] autonomous cycle
[CC] autonomous cycle
[CC] autonomous cycle
[CC] autonomous cycle
comm_tracedispatchjob_refu
se(truck2,smart_bin2,10,ci
ty_token_2026)truck2
[CC] autonomous cycle
[CC] autonomous cycle
[CC] autonomous cycle
comm_tracedispatchjob_refu
se(truck2,smart_bin2,10,ci
ty_token_2026)truck2
[CC] autonomous cycle
[CC] autonomous cycle
[CC] autonomous cycle
comm_tracedispatchjob_refu
se(truck2,smart_bin2,10,ci
ty_token_2026)truck2
[CC] autonomous cycle
[CC] autonomous cycle
[CC] autonomous cycle
[CC] autonomous cycle
comm_tracedispatchjob_refu
se(truck2,smart_bin2,10,ci
ty_token_2026)truck2
[CC] autonomous cycle
[CC] autonomous cycle
[CC] autonomous cycle
comm_tracedispatchjob_refu
se(truck2,smart_bin2,10,ci
ty_token_2026)truck2
[CC] autonomous cycle
[CC] autonomous cycle
[CC] autonomous cycle
comm_tracedispatchjob_refu
se(truck2,smart_bin2,10,ci
ty_token_2026)truck2
[CC] autonomous cycle
[CC] autonomous cycle
[CC] autonomous cycle
[CC] autonomous cycle
[RX CORE] to=control_cente
r from=truck2 msg=send_mes
sage(job_refuse(truck2,sma
rt_bin2,10,city_token_2026
),truck2)
comm_tracedispatchjob_refu
se(truck2,smart_bin2,10,ci
ty_token_2026)truck2
[CC] autonomous cycle
[CC] autonomous cycle
[CC] autonomous cycle
comm_tracedispatchjob_refu
se(truck2,smart_bin2,10,ci
ty_token_2026)truck2
[CC] autonomous cycle
[CC] autonomous cycle
[CC] autonomous cycle
comm_tracedispatchjob_refu
se(truck2,smart_bin2,10,ci
ty_token_2026)truck2
[CC] autonomous cycle
[CC] autonomous cycle
[CC] autonomous cycle
[CC] autonomous cycle
comm_tracedispatchjob_refu
se(truck2,smart_bin2,10,ci
ty_token_2026)truck2
[CC] autonomous cycle
[CC] autonomous cycle
[CC] autonomous cycle
comm_tracedispatchjob_refu
se(truck2,smart_bin2,10,ci
ty_token_2026)truck2
[CC] autonomous cycle
[CC] autonomous cycle
[CC] autonomous cycle
comm_tracedispatchjob_refu
se(truck2,smart_bin2,10,ci
ty_token_2026)truck2
[CC] autonomous cycle
[CC] autonomous cycle
[CC] autonomous cycle
[CC] autonomous cycle
comm_tracedispatchjob_refu
se(truck2,smart_bin2,10,ci
ty_token_2026)truck2
[CC] autonomous cycle
[CC] autonomous cycle
[CC] autonomous cycle
comm_tracedispatchjob_refu
se(truck2,smart_bin2,10,ci
ty_token_2026)truck2
[CC] autonomous cycle
[CC] autonomous cycle
[CC] autonomous cycle
[RX CORE] to=control_cente
r from=truck2 msg=send_mes
sage(job_refuse(truck2,sma
rt_bin2,10,city_token_2026
),truck2)
comm_tracedispatchjob_refu
se(truck2,smart_bin2,10,ci
ty_token_2026)truck2
[CC] autonomous cycle
[CC] autonomous cycle
[CC] autonomous cycle
[CC] autonomous cycle
comm_tracedispatchjob_refu
se(truck2,smart_bin2,10,ci
ty_token_2026)truck2
[CC] autonomous cycle
[CC] autonomous cycle
[CC] autonomous cycle
comm_tracedispatchjob_refu
se(truck2,smart_bin2,10,ci
ty_token_2026)truck2
[CC] autonomous cycle
[CC] autonomous cycle
[CC] autonomous cycle
comm_tracedispatchjob_refu
se(truck2,smart_bin2,10,ci
ty_token_2026)truck2
[CC] autonomous cycle
[CC] autonomous cycle
[CC] autonomous cycle
[CC] autonomous cycle
comm_tracedispatchjob_refu
se(truck2,smart_bin2,10,ci
ty_token_2026)truck2
[CC] autonomous cycle
[CC] autonomous cycle
[CC] autonomous cycle
comm_tracedispatchjob_refu
se(truck2,smart_bin2,10,ci
ty_token_2026)truck2
[CC] autonomous cycle
[CC] autonomous cycle
[CC] autonomous cycle

