SICStus 4.6.0 (x86_64-linu
x-glibc2.17): Mon Apr  6 0
9:23:37 PDT 2020
Licensed to studentSP4.6cc
.univaq.it
---------- Opened 127.0.0.
1 '$stream'(12755799082963
2)
---------- Opened 127.0.0.
1 '$stream'(12755796327788
8)
---------- Opened 127.0.0.
1 '$stream'(12755799093576
0)
---------- Opened 127.0.0.
1 '$stream'(12755799093598
4)
---------- Opened 127.0.0.
1 '$stream'(12755799084987
2)
---------- Opened 127.0.0.
1 '$stream'(12755799105960
0)
---------- Opened 127.0.0.
1 '$stream'(12755799088225
6)
---------- Opened 127.0.0.
1 '$stream'(12755799056904
0)

