[RX CORE] to=logger from=c
ontrol_center msg=send_mes
sage(log(warn,event(duplic
ate_bin_full,req(0),bin(sm
art_bin1),truck(none),note
(ignored)),control_center)
,control_center)
comm_tracedispatchlog(warn
,event(duplicate_bin_full,
req(0),bin(smart_bin1),tru
ck(none),note(ignored)),co
ntrol_center)control_cente
r
comm_tracedispatchlog(warn
,event(duplicate_bin_full,
req(0),bin(smart_bin1),tru
ck(none),note(ignored)),co
ntrol_center)control_cente
r
comm_tracedispatchlog(warn
,event(duplicate_bin_full,
req(0),bin(smart_bin1),tru
ck(none),note(ignored)),co
ntrol_center)control_cente
r
comm_tracedispatchlog(warn
,event(duplicate_bin_full,
req(0),bin(smart_bin1),tru
ck(none),note(ignored)),co
ntrol_center)control_cente
r
comm_tracedispatchlog(warn
,event(duplicate_bin_full,
req(0),bin(smart_bin1),tru
ck(none),note(ignored)),co
ntrol_center)control_cente
r
comm_tracedispatchlog(warn
,event(duplicate_bin_full,
req(0),bin(smart_bin1),tru
ck(none),note(ignored)),co
ntrol_center)control_cente
r
comm_tracedispatchlog(warn
,event(duplicate_bin_full,
req(0),bin(smart_bin1),tru
ck(none),note(ignored)),co
ntrol_center)control_cente
r
comm_tracedispatchlog(warn
,event(duplicate_bin_full,
req(0),bin(smart_bin1),tru
ck(none),note(ignored)),co
ntrol_center)control_cente
r
[RX CORE] to=logger from=c
ontrol_center msg=send_mes
sage(log(warn,event(duplic
ate_bin_full,req(0),bin(sm
art_bin1),truck(none),note
(ignored)),control_center)
,control_center)
comm_tracedispatchlog(warn
,event(duplicate_bin_full,
req(0),bin(smart_bin1),tru
ck(none),note(ignored)),co
ntrol_center)control_cente
r
comm_tracedispatchlog(warn
,event(duplicate_bin_full,
req(0),bin(smart_bin1),tru
ck(none),note(ignored)),co
ntrol_center)control_cente
r
comm_tracedispatchlog(warn
,event(duplicate_bin_full,
req(0),bin(smart_bin1),tru
ck(none),note(ignored)),co
ntrol_center)control_cente
r
comm_tracedispatchlog(warn
,event(duplicate_bin_full,
req(0),bin(smart_bin1),tru
ck(none),note(ignored)),co
ntrol_center)control_cente
r
comm_tracedispatchlog(warn
,event(duplicate_bin_full,
req(0),bin(smart_bin1),tru
ck(none),note(ignored)),co
ntrol_center)control_cente
r
comm_tracedispatchlog(warn
,event(duplicate_bin_full,
req(0),bin(smart_bin1),tru
ck(none),note(ignored)),co
ntrol_center)control_cente
r
comm_tracedispatchlog(warn
,event(duplicate_bin_full,
req(0),bin(smart_bin1),tru
ck(none),note(ignored)),co
ntrol_center)control_cente
r
comm_tracedispatchlog(warn
,event(duplicate_bin_full,
req(0),bin(smart_bin1),tru
ck(none),note(ignored)),co
ntrol_center)control_cente
r
[RX CORE] to=logger from=c
ontrol_center msg=send_mes
sage(log(warn,event(duplic
ate_bin_full,req(0),bin(sm
art_bin1),truck(none),note
(ignored)),control_center)
,control_center)
comm_tracedispatchlog(warn
,event(duplicate_bin_full,
req(0),bin(smart_bin1),tru
ck(none),note(ignored)),co
ntrol_center)control_cente
r
comm_tracedispatchlog(warn
,event(duplicate_bin_full,
req(0),bin(smart_bin1),tru
ck(none),note(ignored)),co
ntrol_center)control_cente
r
comm_tracedispatchlog(warn
,event(duplicate_bin_full,
req(0),bin(smart_bin1),tru
ck(none),note(ignored)),co
ntrol_center)control_cente
r
comm_tracedispatchlog(warn
,event(duplicate_bin_full,
req(0),bin(smart_bin1),tru
ck(none),note(ignored)),co
ntrol_center)control_cente
r
comm_tracedispatchlog(warn
,event(duplicate_bin_full,
req(0),bin(smart_bin1),tru
ck(none),note(ignored)),co
ntrol_center)control_cente
r
comm_tracedispatchlog(warn
,event(duplicate_bin_full,
req(0),bin(smart_bin1),tru
ck(none),note(ignored)),co
ntrol_center)control_cente
r
comm_tracedispatchlog(warn
,event(duplicate_bin_full,
req(0),bin(smart_bin1),tru
ck(none),note(ignored)),co
ntrol_center)control_cente
r
comm_tracedispatchlog(warn
,event(duplicate_bin_full,
req(0),bin(smart_bin1),tru
ck(none),note(ignored)),co
ntrol_center)control_cente
r
[RX CORE] to=logger from=c
ontrol_center msg=send_mes
sage(log(warn,event(duplic
ate_bin_full,req(0),bin(sm
art_bin1),truck(none),note
(ignored)),control_center)
,control_center)
comm_tracedispatchlog(warn
,event(duplicate_bin_full,
req(0),bin(smart_bin1),tru
ck(none),note(ignored)),co
ntrol_center)control_cente
r
comm_tracedispatchlog(warn
,event(duplicate_bin_full,
req(0),bin(smart_bin1),tru
ck(none),note(ignored)),co
ntrol_center)control_cente
r
comm_tracedispatchlog(warn
,event(duplicate_bin_full,
req(0),bin(smart_bin1),tru
ck(none),note(ignored)),co
ntrol_center)control_cente
r
comm_tracedispatchlog(warn
,event(duplicate_bin_full,
req(0),bin(smart_bin1),tru
ck(none),note(ignored)),co
ntrol_center)control_cente
r
comm_tracedispatchlog(warn
,event(duplicate_bin_full,
req(0),bin(smart_bin1),tru
ck(none),note(ignored)),co
ntrol_center)control_cente
r
comm_tracedispatchlog(warn
,event(duplicate_bin_full,
req(0),bin(smart_bin1),tru
ck(none),note(ignored)),co
ntrol_center)control_cente
r
comm_tracedispatchlog(warn
,event(duplicate_bin_full,
req(0),bin(smart_bin1),tru
ck(none),note(ignored)),co
ntrol_center)control_cente
r
comm_tracedispatchlog(warn
,event(duplicate_bin_full,
req(0),bin(smart_bin1),tru
ck(none),note(ignored)),co
ntrol_center)control_cente
r
[RX CORE] to=logger from=c
ontrol_center msg=send_mes
sage(log(warn,event(duplic
ate_bin_full,req(0),bin(sm
art_bin1),truck(none),note
(ignored)),control_center)
,control_center)
comm_tracedispatchlog(warn
,event(duplicate_bin_full,
req(0),bin(smart_bin1),tru
ck(none),note(ignored)),co
ntrol_center)control_cente
r
comm_tracedispatchlog(warn
,event(duplicate_bin_full,
req(0),bin(smart_bin1),tru
ck(none),note(ignored)),co
ntrol_center)control_cente
r
comm_tracedispatchlog(warn
,event(duplicate_bin_full,
req(0),bin(smart_bin1),tru
ck(none),note(ignored)),co
ntrol_center)control_cente
r
comm_tracedispatchlog(warn
,event(duplicate_bin_full,
req(0),bin(smart_bin1),tru
ck(none),note(ignored)),co
ntrol_center)control_cente
r
comm_tracedispatchlog(warn
,event(duplicate_bin_full,
req(0),bin(smart_bin1),tru
ck(none),note(ignored)),co
ntrol_center)control_cente
r
comm_tracedispatchlog(warn
,event(duplicate_bin_full,
req(0),bin(smart_bin1),tru
ck(none),note(ignored)),co
ntrol_center)control_cente
r
comm_tracedispatchlog(warn
,event(duplicate_bin_full,
req(0),bin(smart_bin1),tru
ck(none),note(ignored)),co
ntrol_center)control_cente
r
comm_tracedispatchlog(warn
,event(duplicate_bin_full,
req(0),bin(smart_bin1),tru
ck(none),note(ignored)),co
ntrol_center)control_cente
r
[RX CORE] to=logger from=c
ontrol_center msg=send_mes
sage(log(warn,event(duplic
ate_bin_full,req(0),bin(sm
art_bin1),truck(none),note
(ignored)),control_center)
,control_center)
comm_tracedispatchlog(warn
,event(duplicate_bin_full,
req(0),bin(smart_bin1),tru
ck(none),note(ignored)),co
ntrol_center)control_cente
r
comm_tracedispatchlog(warn
,event(duplicate_bin_full,
req(0),bin(smart_bin1),tru
ck(none),note(ignored)),co
ntrol_center)control_cente
r
comm_tracedispatchlog(warn
,event(duplicate_bin_full,
req(0),bin(smart_bin1),tru
ck(none),note(ignored)),co
ntrol_center)control_cente
r
comm_tracedispatchlog(warn
,event(duplicate_bin_full,
req(0),bin(smart_bin1),tru
ck(none),note(ignored)),co
ntrol_center)control_cente
r
comm_tracedispatchlog(warn
,event(duplicate_bin_full,
req(0),bin(smart_bin1),tru
ck(none),note(ignored)),co
ntrol_center)control_cente
r
comm_tracedispatchlog(warn
,event(duplicate_bin_full,
req(0),bin(smart_bin1),tru
ck(none),note(ignored)),co
ntrol_center)control_cente
r
comm_tracedispatchlog(warn
,event(duplicate_bin_full,
req(0),bin(smart_bin1),tru
ck(none),note(ignored)),co
ntrol_center)control_cente
r
comm_tracedispatchlog(warn
,event(duplicate_bin_full,
req(0),bin(smart_bin1),tru
ck(none),note(ignored)),co
ntrol_center)control_cente
r
comm_tracedispatchlog(warn
,event(duplicate_bin_full,
req(0),bin(smart_bin2),tru
ck(none),note(ignored)),co
ntrol_center)control_cente
r
[RX CORE] to=logger from=c
ontrol_center msg=send_mes
sage(log(warn,event(duplic
ate_bin_full,req(0),bin(sm
art_bin1),truck(none),note
(ignored)),control_center)
,control_center)
comm_tracedispatchlog(warn
,event(duplicate_bin_full,
req(0),bin(smart_bin1),tru
ck(none),note(ignored)),co
ntrol_center)control_cente
r
comm_tracedispatchlog(warn
,event(duplicate_bin_full,
req(0),bin(smart_bin1),tru
ck(none),note(ignored)),co
ntrol_center)control_cente
r
comm_tracedispatchlog(warn
,event(duplicate_bin_full,
req(0),bin(smart_bin1),tru
ck(none),note(ignored)),co
ntrol_center)control_cente
r
comm_tracedispatchlog(warn
,event(duplicate_bin_full,
req(0),bin(smart_bin1),tru
ck(none),note(ignored)),co
ntrol_center)control_cente
r
comm_tracedispatchlog(warn
,event(duplicate_bin_full,
req(0),bin(smart_bin1),tru
ck(none),note(ignored)),co
ntrol_center)control_cente
r
comm_tracedispatchlog(warn
,event(duplicate_bin_full,
req(0),bin(smart_bin1),tru
ck(none),note(ignored)),co
ntrol_center)control_cente
r
comm_tracedispatchlog(warn
,event(duplicate_bin_full,
req(0),bin(smart_bin1),tru
ck(none),note(ignored)),co
ntrol_center)control_cente
r
comm_tracedispatchlog(warn
,event(duplicate_bin_full,
req(0),bin(smart_bin1),tru
ck(none),note(ignored)),co
ntrol_center)control_cente
r
[RX CORE] to=logger from=c
ontrol_center msg=send_mes
sage(log(warn,event(duplic
ate_bin_full,req(0),bin(sm
art_bin1),truck(none),note
(ignored)),control_center)
,control_center)
comm_tracedispatchlog(warn
,event(duplicate_bin_full,
req(0),bin(smart_bin1),tru
ck(none),note(ignored)),co
ntrol_center)control_cente
r
comm_tracedispatchlog(warn
,event(duplicate_bin_full,
req(0),bin(smart_bin1),tru
ck(none),note(ignored)),co
ntrol_center)control_cente
r
comm_tracedispatchlog(warn
,event(duplicate_bin_full,
req(0),bin(smart_bin1),tru
ck(none),note(ignored)),co
ntrol_center)control_cente
r
comm_tracedispatchlog(warn
,event(duplicate_bin_full,
req(0),bin(smart_bin1),tru
ck(none),note(ignored)),co
ntrol_center)control_cente
r
comm_tracedispatchlog(warn
,event(duplicate_bin_full,
req(0),bin(smart_bin1),tru
ck(none),note(ignored)),co
ntrol_center)control_cente
r
comm_tracedispatchlog(warn
,event(duplicate_bin_full,
req(0),bin(smart_bin1),tru
ck(none),note(ignored)),co
ntrol_center)control_cente
r
comm_tracedispatchlog(warn
,event(duplicate_bin_full,
req(0),bin(smart_bin1),tru
ck(none),note(ignored)),co
ntrol_center)control_cente
r
comm_tracedispatchlog(warn
,event(duplicate_bin_full,
req(0),bin(smart_bin1),tru
ck(none),note(ignored)),co
ntrol_center)control_cente
r
[RX CORE] to=logger from=c
ontrol_center msg=send_mes
sage(log(warn,event(duplic
ate_bin_full,req(0),bin(sm
art_bin1),truck(none),note
(ignored)),control_center)
,control_center)
comm_tracedispatchlog(warn
,event(duplicate_bin_full,
req(0),bin(smart_bin1),tru
ck(none),note(ignored)),co
ntrol_center)control_cente
r
comm_tracedispatchlog(warn
,event(duplicate_bin_full,
req(0),bin(smart_bin1),tru
ck(none),note(ignored)),co
ntrol_center)control_cente
r
comm_tracedispatchlog(warn
,event(duplicate_bin_full,
req(0),bin(smart_bin1),tru
ck(none),note(ignored)),co
ntrol_center)control_cente
r
comm_tracedispatchlog(warn
,event(duplicate_bin_full,
req(0),bin(smart_bin1),tru
ck(none),note(ignored)),co
ntrol_center)control_cente
r
comm_tracedispatchlog(warn
,event(duplicate_bin_full,
req(0),bin(smart_bin1),tru
ck(none),note(ignored)),co
ntrol_center)control_cente
r
comm_tracedispatchlog(warn
,event(duplicate_bin_full,
req(0),bin(smart_bin1),tru
ck(none),note(ignored)),co
ntrol_center)control_cente
r
comm_tracedispatchlog(warn
,event(duplicate_bin_full,
req(0),bin(smart_bin1),tru
ck(none),note(ignored)),co
ntrol_center)control_cente
r
comm_tracedispatchlog(warn
,event(duplicate_bin_full,
req(0),bin(smart_bin1),tru
ck(none),note(ignored)),co
ntrol_center)control_cente
r
[RX CORE] to=logger from=c
ontrol_center msg=send_mes
sage(log(warn,event(duplic
ate_bin_full,req(0),bin(sm
art_bin1),truck(none),note
(ignored)),control_center)
,control_center)
comm_tracedispatchlog(warn
,event(duplicate_bin_full,
req(0),bin(smart_bin1),tru
ck(none),note(ignored)),co
ntrol_center)control_cente
r
comm_tracedispatchlog(warn
,event(duplicate_bin_full,
req(0),bin(smart_bin1),tru
ck(none),note(ignored)),co
ntrol_center)control_cente
r
comm_tracedispatchlog(warn
,event(duplicate_bin_full,
req(0),bin(smart_bin1),tru
ck(none),note(ignored)),co
ntrol_center)control_cente
r
comm_tracedispatchlog(warn
,event(duplicate_bin_full,
req(0),bin(smart_bin1),tru
ck(none),note(ignored)),co
ntrol_center)control_cente
r
comm_tracedispatchlog(warn
,event(duplicate_bin_full,
req(0),bin(smart_bin1),tru
ck(none),note(ignored)),co
ntrol_center)control_cente
r
comm_tracedispatchlog(warn
,event(duplicate_bin_full,
req(0),bin(smart_bin1),tru
ck(none),note(ignored)),co
ntrol_center)control_cente
r
comm_tracedispatchlog(warn
,event(duplicate_bin_full,
req(0),bin(smart_bin1),tru
ck(none),note(ignored)),co
ntrol_center)control_cente
r
comm_tracedispatchlog(warn
,event(duplicate_bin_full,
req(0),bin(smart_bin1),tru
ck(none),note(ignored)),co
ntrol_center)control_cente
r
[RX CORE] to=logger from=c
ontrol_center msg=send_mes
sage(log(warn,event(duplic
ate_bin_full,req(0),bin(sm
art_bin1),truck(none),note
(ignored)),control_center)
,control_center)
comm_tracedispatchlog(warn
,event(duplicate_bin_full,
req(0),bin(smart_bin1),tru
ck(none),note(ignored)),co
ntrol_center)control_cente
r
comm_tracedispatchlog(warn
,event(duplicate_bin_full,
req(0),bin(smart_bin1),tru
ck(none),note(ignored)),co
ntrol_center)control_cente
r
comm_tracedispatchlog(warn
,event(duplicate_bin_full,
req(0),bin(smart_bin1),tru
ck(none),note(ignored)),co
ntrol_center)control_cente
r
comm_tracedispatchlog(warn
,event(duplicate_bin_full,
req(0),bin(smart_bin1),tru
ck(none),note(ignored)),co
ntrol_center)control_cente
r
comm_tracedispatchlog(warn
,event(duplicate_bin_full,
req(0),bin(smart_bin1),tru
ck(none),note(ignored)),co
ntrol_center)control_cente
r
comm_tracedispatchlog(warn
,event(duplicate_bin_full,
req(0),bin(smart_bin1),tru
ck(none),note(ignored)),co
ntrol_center)control_cente
r
comm_tracedispatchlog(warn
,event(duplicate_bin_full,
req(0),bin(smart_bin1),tru
ck(none),note(ignored)),co
ntrol_center)control_cente
r
comm_tracedispatchlog(warn
,event(duplicate_bin_full,
req(0),bin(smart_bin1),tru
ck(none),note(ignored)),co
ntrol_center)control_cente
r
[RX CORE] to=logger from=c
ontrol_center msg=send_mes
sage(log(warn,event(duplic
ate_bin_full,req(0),bin(sm
art_bin1),truck(none),note
(ignored)),control_center)
,control_center)
comm_tracedispatchlog(warn
,event(duplicate_bin_full,
req(0),bin(smart_bin1),tru
ck(none),note(ignored)),co
ntrol_center)control_cente
r
comm_tracedispatchlog(warn
,event(duplicate_bin_full,
req(0),bin(smart_bin1),tru
ck(none),note(ignored)),co
ntrol_center)control_cente
r
comm_tracedispatchlog(warn
,event(duplicate_bin_full,
req(0),bin(smart_bin1),tru
ck(none),note(ignored)),co
ntrol_center)control_cente
r
comm_tracedispatchlog(warn
,event(duplicate_bin_full,
req(0),bin(smart_bin1),tru
ck(none),note(ignored)),co
ntrol_center)control_cente
r
comm_tracedispatchlog(warn
,event(duplicate_bin_full,
req(0),bin(smart_bin1),tru
ck(none),note(ignored)),co
ntrol_center)control_cente
r
comm_tracedispatchlog(warn
,event(duplicate_bin_full,
req(0),bin(smart_bin1),tru
ck(none),note(ignored)),co
ntrol_center)control_cente
r
comm_tracedispatchlog(warn
,event(duplicate_bin_full,
req(0),bin(smart_bin1),tru
ck(none),note(ignored)),co
ntrol_center)control_cente
r
comm_tracedispatchlog(warn
,event(duplicate_bin_full,
req(0),bin(smart_bin1),tru
ck(none),note(ignored)),co
ntrol_center)control_cente
r
comm_tracedispatchlog(warn
,event(duplicate_bin_full,
req(0),bin(smart_bin2),tru
ck(none),note(ignored)),co
ntrol_center)control_cente
r
[RX CORE] to=logger from=c
ontrol_center msg=send_mes
sage(log(warn,event(duplic
ate_bin_full,req(0),bin(sm
art_bin1),truck(none),note
(ignored)),control_center)
,control_center)
comm_tracedispatchlog(warn
,event(duplicate_bin_full,
req(0),bin(smart_bin1),tru
ck(none),note(ignored)),co
ntrol_center)control_cente
r
comm_tracedispatchlog(warn
,event(duplicate_bin_full,
req(0),bin(smart_bin1),tru
ck(none),note(ignored)),co
ntrol_center)control_cente
r
comm_tracedispatchlog(warn
,event(duplicate_bin_full,
req(0),bin(smart_bin1),tru
ck(none),note(ignored)),co
ntrol_center)control_cente
r
comm_tracedispatchlog(warn
,event(duplicate_bin_full,
req(0),bin(smart_bin1),tru
ck(none),note(ignored)),co
ntrol_center)control_cente
r
comm_tracedispatchlog(warn
,event(duplicate_bin_full,
req(0),bin(smart_bin1),tru
ck(none),note(ignored)),co
ntrol_center)control_cente
r
comm_tracedispatchlog(warn
,event(duplicate_bin_full,
req(0),bin(smart_bin1),tru
ck(none),note(ignored)),co
ntrol_center)control_cente
r
comm_tracedispatchlog(warn
,event(duplicate_bin_full,
req(0),bin(smart_bin1),tru
ck(none),note(ignored)),co
ntrol_center)control_cente
r
comm_tracedispatchlog(warn
,event(duplicate_bin_full,
req(0),bin(smart_bin1),tru
ck(none),note(ignored)),co
ntrol_center)control_cente
r
[RX CORE] to=logger from=c
ontrol_center msg=send_mes
sage(log(warn,event(duplic
ate_bin_full,req(0),bin(sm
art_bin1),truck(none),note
(ignored)),control_center)
,control_center)
comm_tracedispatchlog(warn
,event(duplicate_bin_full,
req(0),bin(smart_bin1),tru
ck(none),note(ignored)),co
ntrol_center)control_cente
r
comm_tracedispatchlog(warn
,event(duplicate_bin_full,
req(0),bin(smart_bin1),tru
ck(none),note(ignored)),co
ntrol_center)control_cente
r
comm_tracedispatchlog(warn
,event(duplicate_bin_full,
req(0),bin(smart_bin1),tru
ck(none),note(ignored)),co
ntrol_center)control_cente
r
comm_tracedispatchlog(warn
,event(duplicate_bin_full,
req(0),bin(smart_bin1),tru
ck(none),note(ignored)),co
ntrol_center)control_cente
r
comm_tracedispatchlog(warn
,event(duplicate_bin_full,
req(0),bin(smart_bin1),tru
ck(none),note(ignored)),co
ntrol_center)control_cente
r
comm_tracedispatchlog(warn
,event(duplicate_bin_full,
req(0),bin(smart_bin1),tru
ck(none),note(ignored)),co
ntrol_center)control_cente
r
comm_tracedispatchlog(warn
,event(duplicate_bin_full,
req(0),bin(smart_bin1),tru
ck(none),note(ignored)),co
ntrol_center)control_cente
r
comm_tracedispatchlog(warn
,event(duplicate_bin_full,
req(0),bin(smart_bin1),tru
ck(none),note(ignored)),co
ntrol_center)control_cente
r
[RX CORE] to=logger from=c
ontrol_center msg=send_mes
sage(log(warn,event(duplic
ate_bin_full,req(0),bin(sm
art_bin1),truck(none),note
(ignored)),control_center)
,control_center)
comm_tracedispatchlog(warn
,event(duplicate_bin_full,
req(0),bin(smart_bin1),tru
ck(none),note(ignored)),co
ntrol_center)control_cente
r
comm_tracedispatchlog(warn
,event(duplicate_bin_full,
req(0),bin(smart_bin1),tru
ck(none),note(ignored)),co
ntrol_center)control_cente
r
comm_tracedispatchlog(warn
,event(duplicate_bin_full,
req(0),bin(smart_bin1),tru
ck(none),note(ignored)),co
ntrol_center)control_cente
r
comm_tracedispatchlog(warn
,event(duplicate_bin_full,
req(0),bin(smart_bin1),tru
ck(none),note(ignored)),co
ntrol_center)control_cente
r
comm_tracedispatchlog(warn
,event(duplicate_bin_full,
req(0),bin(smart_bin1),tru
ck(none),note(ignored)),co
ntrol_center)control_cente
r
comm_tracedispatchlog(warn
,event(duplicate_bin_full,
req(0),bin(smart_bin1),tru
ck(none),note(ignored)),co
ntrol_center)control_cente
r
comm_tracedispatchlog(warn
,event(duplicate_bin_full,
req(0),bin(smart_bin1),tru
ck(none),note(ignored)),co
ntrol_center)control_cente
r
comm_tracedispatchlog(warn
,event(duplicate_bin_full,
req(0),bin(smart_bin1),tru
ck(none),note(ignored)),co
ntrol_center)control_cente
r
[RX CORE] to=logger from=c
ontrol_center msg=send_mes
sage(log(warn,event(duplic
ate_bin_full,req(0),bin(sm
art_bin1),truck(none),note
(ignored)),control_center)
,control_center)
comm_tracedispatchlog(warn
,event(duplicate_bin_full,
req(0),bin(smart_bin1),tru
ck(none),note(ignored)),co
ntrol_center)control_cente
r
comm_tracedispatchlog(warn
,event(duplicate_bin_full,
req(0),bin(smart_bin1),tru
ck(none),note(ignored)),co
ntrol_center)control_cente
r
comm_tracedispatchlog(warn
,event(duplicate_bin_full,
req(0),bin(smart_bin1),tru
ck(none),note(ignored)),co
ntrol_center)control_cente
r
comm_tracedispatchlog(warn
,event(duplicate_bin_full,
req(0),bin(smart_bin1),tru
ck(none),note(ignored)),co
ntrol_center)control_cente
r
comm_tracedispatchlog(warn
,event(duplicate_bin_full,
req(0),bin(smart_bin1),tru
ck(none),note(ignored)),co
ntrol_center)control_cente
r
comm_tracedispatchlog(warn
,event(duplicate_bin_full,
req(0),bin(smart_bin1),tru
ck(none),note(ignored)),co
ntrol_center)control_cente
r
comm_tracedispatchlog(warn
,event(duplicate_bin_full,
req(0),bin(smart_bin1),tru
ck(none),note(ignored)),co
ntrol_center)control_cente
r
comm_tracedispatchlog(warn
,event(duplicate_bin_full,
req(0),bin(smart_bin1),tru
ck(none),note(ignored)),co
ntrol_center)control_cente
r
[RX CORE] to=logger from=c
ontrol_center msg=send_mes
sage(log(warn,event(duplic
ate_bin_full,req(0),bin(sm
art_bin1),truck(none),note
(ignored)),control_center)
,control_center)
comm_tracedispatchlog(warn
,event(duplicate_bin_full,
req(0),bin(smart_bin1),tru
ck(none),note(ignored)),co
ntrol_center)control_cente
r
comm_tracedispatchlog(warn
,event(duplicate_bin_full,
req(0),bin(smart_bin1),tru
ck(none),note(ignored)),co
ntrol_center)control_cente
r
comm_tracedispatchlog(warn
,event(duplicate_bin_full,
req(0),bin(smart_bin1),tru
ck(none),note(ignored)),co
ntrol_center)control_cente
r
comm_tracedispatchlog(warn
,event(duplicate_bin_full,
req(0),bin(smart_bin1),tru
ck(none),note(ignored)),co
ntrol_center)control_cente
r
comm_tracedispatchlog(warn
,event(duplicate_bin_full,
req(0),bin(smart_bin1),tru
ck(none),note(ignored)),co
ntrol_center)control_cente
r
comm_tracedispatchlog(warn
,event(duplicate_bin_full,
req(0),bin(smart_bin1),tru
ck(none),note(ignored)),co
ntrol_center)control_cente
r
comm_tracedispatchlog(warn
,event(duplicate_bin_full,
req(0),bin(smart_bin1),tru
ck(none),note(ignored)),co
ntrol_center)control_cente
r
comm_tracedispatchlog(warn
,event(duplicate_bin_full,
req(0),bin(smart_bin1),tru
ck(none),note(ignored)),co
ntrol_center)control_cente
r
[RX CORE] to=logger from=c
ontrol_center msg=send_mes
sage(log(warn,event(duplic
ate_bin_full,req(0),bin(sm
art_bin1),truck(none),note
(ignored)),control_center)
,control_center)
comm_tracedispatchlog(warn
,event(duplicate_bin_full,
req(0),bin(smart_bin1),tru
ck(none),note(ignored)),co
ntrol_center)control_cente
r
comm_tracedispatchlog(warn
,event(duplicate_bin_full,
req(0),bin(smart_bin1),tru
ck(none),note(ignored)),co
ntrol_center)control_cente
r
comm_tracedispatchlog(warn
,event(duplicate_bin_full,
req(0),bin(smart_bin1),tru
ck(none),note(ignored)),co
ntrol_center)control_cente
r
comm_tracedispatchlog(warn
,event(duplicate_bin_full,
req(0),bin(smart_bin1),tru
ck(none),note(ignored)),co
ntrol_center)control_cente
r
comm_tracedispatchlog(warn
,event(duplicate_bin_full,
req(0),bin(smart_bin1),tru
ck(none),note(ignored)),co
ntrol_center)control_cente
r
comm_tracedispatchlog(warn
,event(duplicate_bin_full,
req(0),bin(smart_bin1),tru
ck(none),note(ignored)),co
ntrol_center)control_cente
r
comm_tracedispatchlog(warn
,event(duplicate_bin_full,
req(0),bin(smart_bin1),tru
ck(none),note(ignored)),co
ntrol_center)control_cente
r
comm_tracedispatchlog(warn
,event(duplicate_bin_full,
req(0),bin(smart_bin1),tru
ck(none),note(ignored)),co
ntrol_center)control_cente
r
[RX CORE] to=logger from=c
ontrol_center msg=send_mes
sage(log(warn,event(duplic
ate_bin_full,req(0),bin(sm
art_bin1),truck(none),note
(ignored)),control_center)
,control_center)
comm_tracedispatchlog(warn
,event(duplicate_bin_full,
req(0),bin(smart_bin1),tru
ck(none),note(ignored)),co
ntrol_center)control_cente
r
[RX CORE] to=logger from=c
ontrol_center msg=send_mes
sage(log(warn,event(duplic
ate_bin_full,req(0),bin(sm
art_bin1),truck(none),note
(ignored)),control_center)
,control_center)
comm_tracedispatchlog(warn
,event(duplicate_bin_full,
req(0),bin(smart_bin1),tru
ck(none),note(ignored)),co
ntrol_center)control_cente
r
comm_tracedispatchlog(warn
,event(duplicate_bin_full,
req(0),bin(smart_bin1),tru
ck(none),note(ignored)),co
ntrol_center)control_cente
r
comm_tracedispatchlog(warn
,event(duplicate_bin_full,
req(0),bin(smart_bin1),tru
ck(none),note(ignored)),co
ntrol_center)control_cente
r
comm_tracedispatchlog(warn
,event(duplicate_bin_full,
req(0),bin(smart_bin1),tru
ck(none),note(ignored)),co
ntrol_center)control_cente
r
comm_tracedispatchlog(warn
,event(duplicate_bin_full,
req(0),bin(smart_bin1),tru
ck(none),note(ignored)),co
ntrol_center)control_cente
r
comm_tracedispatchlog(warn
,event(duplicate_bin_full,
req(0),bin(smart_bin1),tru
ck(none),note(ignored)),co
ntrol_center)control_cente
r
comm_tracedispatchlog(warn
,event(duplicate_bin_full,
req(0),bin(smart_bin1),tru
ck(none),note(ignored)),co
ntrol_center)control_cente
r
comm_tracedispatchlog(warn
,event(duplicate_bin_full,
req(0),bin(smart_bin1),tru
ck(none),note(ignored)),co
ntrol_center)control_cente
r
comm_tracedispatchlog(warn
,event(duplicate_bin_full,
req(0),bin(smart_bin1),tru
ck(none),note(ignored)),co
ntrol_center)control_cente
r
[RX CORE] to=logger from=c
ontrol_center msg=send_mes
sage(log(warn,event(duplic
ate_bin_full,req(0),bin(sm
art_bin1),truck(none),note
(ignored)),control_center)
,control_center)
comm_tracedispatchlog(warn
,event(duplicate_bin_full,
req(0),bin(smart_bin1),tru
ck(none),note(ignored)),co
ntrol_center)control_cente
r
comm_tracedispatchlog(warn
,event(duplicate_bin_full,
req(0),bin(smart_bin1),tru
ck(none),note(ignored)),co
ntrol_center)control_cente
r
comm_tracedispatchlog(warn
,event(duplicate_bin_full,
req(0),bin(smart_bin1),tru
ck(none),note(ignored)),co
ntrol_center)control_cente
r
comm_tracedispatchlog(warn
,event(duplicate_bin_full,
req(0),bin(smart_bin1),tru
ck(none),note(ignored)),co
ntrol_center)control_cente
r
comm_tracedispatchlog(warn
,event(duplicate_bin_full,
req(0),bin(smart_bin1),tru
ck(none),note(ignored)),co
ntrol_center)control_cente
r
comm_tracedispatchlog(warn
,event(duplicate_bin_full,
req(0),bin(smart_bin1),tru
ck(none),note(ignored)),co
ntrol_center)control_cente
r
comm_tracedispatchlog(warn
,event(duplicate_bin_full,
req(0),bin(smart_bin1),tru
ck(none),note(ignored)),co
ntrol_center)control_cente
r
comm_tracedispatchlog(warn
,event(duplicate_bin_full,
req(0),bin(smart_bin1),tru
ck(none),note(ignored)),co
ntrol_center)control_cente
r
comm_tracedispatchlog(warn
,event(duplicate_bin_full,
req(0),bin(smart_bin1),tru
ck(none),note(ignored)),co
ntrol_center)control_cente
r
[RX CORE] to=logger from=c
ontrol_center msg=send_mes
sage(log(warn,event(duplic
ate_bin_full,req(0),bin(sm
art_bin1),truck(none),note
(ignored)),control_center)
,control_center)
comm_tracedispatchlog(warn
,event(duplicate_bin_full,
req(0),bin(smart_bin1),tru
ck(none),note(ignored)),co
ntrol_center)control_cente
r
comm_tracedispatchlog(warn
,event(duplicate_bin_full,
req(0),bin(smart_bin1),tru
ck(none),note(ignored)),co
ntrol_center)control_cente
r
comm_tracedispatchlog(warn
,event(duplicate_bin_full,
req(0),bin(smart_bin1),tru
ck(none),note(ignored)),co
ntrol_center)control_cente
r
comm_tracedispatchlog(warn
,event(duplicate_bin_full,
req(0),bin(smart_bin1),tru
ck(none),note(ignored)),co
ntrol_center)control_cente
r
comm_tracedispatchlog(warn
,event(duplicate_bin_full,
req(0),bin(smart_bin1),tru
ck(none),note(ignored)),co
ntrol_center)control_cente
r
comm_tracedispatchlog(warn
,event(duplicate_bin_full,
req(0),bin(smart_bin1),tru
ck(none),note(ignored)),co
ntrol_center)control_cente
r
comm_tracedispatchlog(warn
,event(duplicate_bin_full,
req(0),bin(smart_bin1),tru
ck(none),note(ignored)),co
ntrol_center)control_cente
r
comm_tracedispatchlog(warn
,event(duplicate_bin_full,
req(0),bin(smart_bin1),tru
ck(none),note(ignored)),co
ntrol_center)control_cente
r
comm_tracedispatchlog(warn
,event(duplicate_bin_full,
req(0),bin(smart_bin1),tru
ck(none),note(ignored)),co
ntrol_center)control_cente
r
[RX CORE] to=logger from=c
ontrol_center msg=send_mes
sage(log(warn,event(duplic
ate_bin_full,req(0),bin(sm
art_bin1),truck(none),note
(ignored)),control_center)
,control_center)
comm_tracedispatchlog(warn
,event(duplicate_bin_full,
req(0),bin(smart_bin1),tru
ck(none),note(ignored)),co
ntrol_center)control_cente
r
comm_tracedispatchlog(warn
,event(duplicate_bin_full,
req(0),bin(smart_bin1),tru
ck(none),note(ignored)),co
ntrol_center)control_cente
r
comm_tracedispatchlog(warn
,event(duplicate_bin_full,
req(0),bin(smart_bin1),tru
ck(none),note(ignored)),co
ntrol_center)control_cente
r
comm_tracedispatchlog(warn
,event(duplicate_bin_full,
req(0),bin(smart_bin1),tru
ck(none),note(ignored)),co
ntrol_center)control_cente
r
comm_tracedispatchlog(warn
,event(duplicate_bin_full,
req(0),bin(smart_bin1),tru
ck(none),note(ignored)),co
ntrol_center)control_cente
r
comm_tracedispatchlog(warn
,event(duplicate_bin_full,
req(0),bin(smart_bin1),tru
ck(none),note(ignored)),co
ntrol_center)control_cente
r
comm_tracedispatchlog(warn
,event(duplicate_bin_full,
req(0),bin(smart_bin1),tru
ck(none),note(ignored)),co
ntrol_center)control_cente
r
comm_tracedispatchlog(warn
,event(duplicate_bin_full,
req(0),bin(smart_bin1),tru
ck(none),note(ignored)),co
ntrol_center)control_cente
r
comm_tracedispatchlog(warn
,event(duplicate_bin_full,
req(0),bin(smart_bin1),tru
ck(none),note(ignored)),co
ntrol_center)control_cente
r
[RX CORE] to=logger from=c
ontrol_center msg=send_mes
sage(log(warn,event(duplic
ate_bin_full,req(0),bin(sm
art_bin1),truck(none),note
(ignored)),control_center)
,control_center)
comm_tracedispatchlog(warn
,event(duplicate_bin_full,
req(0),bin(smart_bin1),tru
ck(none),note(ignored)),co
ntrol_center)control_cente
r
comm_tracedispatchlog(warn
,event(duplicate_bin_full,
req(0),bin(smart_bin1),tru
ck(none),note(ignored)),co
ntrol_center)control_cente
r
comm_tracedispatchlog(warn
,event(duplicate_bin_full,
req(0),bin(smart_bin1),tru
ck(none),note(ignored)),co
ntrol_center)control_cente
r
comm_tracedispatchlog(warn
,event(duplicate_bin_full,
req(0),bin(smart_bin1),tru
ck(none),note(ignored)),co
ntrol_center)control_cente
r
comm_tracedispatchlog(warn
,event(duplicate_bin_full,
req(0),bin(smart_bin1),tru
ck(none),note(ignored)),co
ntrol_center)control_cente
r
comm_tracedispatchlog(warn
,event(duplicate_bin_full,
req(0),bin(smart_bin1),tru
ck(none),note(ignored)),co
ntrol_center)control_cente
r
comm_tracedispatchlog(warn
,event(duplicate_bin_full,
req(0),bin(smart_bin1),tru
ck(none),note(ignored)),co
ntrol_center)control_cente
r
comm_tracedispatchlog(warn
,event(duplicate_bin_full,
req(0),bin(smart_bin1),tru
ck(none),note(ignored)),co
ntrol_center)control_cente
r
comm_tracedispatchlog(warn
,event(duplicate_bin_full,
req(0),bin(smart_bin1),tru
ck(none),note(ignored)),co
ntrol_center)control_cente
r
[RX CORE] to=logger from=c
ontrol_center msg=send_mes
sage(log(warn,event(duplic
ate_bin_full,req(0),bin(sm
art_bin1),truck(none),note
(ignored)),control_center)
,control_center)
comm_tracedispatchlog(warn
,event(duplicate_bin_full,
req(0),bin(smart_bin1),tru
ck(none),note(ignored)),co
ntrol_center)control_cente
r
comm_tracedispatchlog(warn
,event(duplicate_bin_full,
req(0),bin(smart_bin1),tru
ck(none),note(ignored)),co
ntrol_center)control_cente
r
comm_tracedispatchlog(warn
,event(duplicate_bin_full,
req(0),bin(smart_bin1),tru
ck(none),note(ignored)),co
ntrol_center)control_cente
r
comm_tracedispatchlog(warn
,event(duplicate_bin_full,
req(0),bin(smart_bin1),tru
ck(none),note(ignored)),co
ntrol_center)control_cente
r
comm_tracedispatchlog(warn
,event(duplicate_bin_full,
req(0),bin(smart_bin1),tru
ck(none),note(ignored)),co
ntrol_center)control_cente
r
comm_tracedispatchlog(warn
,event(duplicate_bin_full,
req(0),bin(smart_bin1),tru
ck(none),note(ignored)),co
ntrol_center)control_cente
r
comm_tracedispatchlog(warn
,event(duplicate_bin_full,
req(0),bin(smart_bin1),tru
ck(none),note(ignored)),co
ntrol_center)control_cente
r
comm_tracedispatchlog(warn
,event(duplicate_bin_full,
req(0),bin(smart_bin1),tru
ck(none),note(ignored)),co
ntrol_center)control_cente
r
comm_tracedispatchlog(warn
,event(duplicate_bin_full,
req(0),bin(smart_bin1),tru
ck(none),note(ignored)),co
ntrol_center)control_cente
r
[RX CORE] to=logger from=c
ontrol_center msg=send_mes
sage(log(warn,event(duplic
ate_bin_full,req(0),bin(sm
art_bin1),truck(none),note
(ignored)),control_center)
,control_center)
comm_tracedispatchlog(warn
,event(duplicate_bin_full,
req(0),bin(smart_bin1),tru
ck(none),note(ignored)),co
ntrol_center)control_cente
r
comm_tracedispatchlog(warn
,event(duplicate_bin_full,
req(0),bin(smart_bin1),tru
ck(none),note(ignored)),co
ntrol_center)control_cente
r
comm_tracedispatchlog(warn
,event(duplicate_bin_full,
req(0),bin(smart_bin1),tru
ck(none),note(ignored)),co
ntrol_center)control_cente
r
comm_tracedispatchlog(warn
,event(duplicate_bin_full,
req(0),bin(smart_bin1),tru
ck(none),note(ignored)),co
ntrol_center)control_cente
r
comm_tracedispatchlog(warn
,event(duplicate_bin_full,
req(0),bin(smart_bin1),tru
ck(none),note(ignored)),co
ntrol_center)control_cente
r
comm_tracedispatchlog(warn
,event(duplicate_bin_full,
req(0),bin(smart_bin1),tru
ck(none),note(ignored)),co
ntrol_center)control_cente
r
comm_tracedispatchlog(warn
,event(duplicate_bin_full,
req(0),bin(smart_bin1),tru
ck(none),note(ignored)),co
ntrol_center)control_cente
r
comm_tracedispatchlog(warn
,event(duplicate_bin_full,
req(0),bin(smart_bin1),tru
ck(none),note(ignored)),co
ntrol_center)control_cente
r
comm_tracedispatchlog(warn
,event(duplicate_bin_full,
req(0),bin(smart_bin1),tru
ck(none),note(ignored)),co
ntrol_center)control_cente
r
[RX CORE] to=logger from=c
ontrol_center msg=send_mes
sage(log(warn,event(duplic
ate_bin_full,req(0),bin(sm
art_bin1),truck(none),note
(ignored)),control_center)
,control_center)
comm_tracedispatchlog(warn
,event(duplicate_bin_full,
req(0),bin(smart_bin1),tru
ck(none),note(ignored)),co
ntrol_center)control_cente
r
comm_tracedispatchlog(warn
,event(duplicate_bin_full,
req(0),bin(smart_bin1),tru
ck(none),note(ignored)),co
ntrol_center)control_cente
r
comm_tracedispatchlog(warn
,event(duplicate_bin_full,
req(0),bin(smart_bin1),tru
ck(none),note(ignored)),co
ntrol_center)control_cente
r
comm_tracedispatchlog(warn
,event(duplicate_bin_full,
req(0),bin(smart_bin1),tru
ck(none),note(ignored)),co
ntrol_center)control_cente
r
comm_tracedispatchlog(warn
,event(duplicate_bin_full,
req(0),bin(smart_bin1),tru
ck(none),note(ignored)),co
ntrol_center)control_cente
r
comm_tracedispatchlog(warn
,event(duplicate_bin_full,
req(0),bin(smart_bin1),tru
ck(none),note(ignored)),co
ntrol_center)control_cente
r
comm_tracedispatchlog(warn
,event(duplicate_bin_full,
req(0),bin(smart_bin1),tru
ck(none),note(ignored)),co
ntrol_center)control_cente
r
comm_tracedispatchlog(warn
,event(duplicate_bin_full,
req(0),bin(smart_bin1),tru
ck(none),note(ignored)),co
ntrol_center)control_cente
r
[RX CORE] to=logger from=c
ontrol_center msg=send_mes
sage(log(warn,event(duplic
ate_bin_full,req(0),bin(sm
art_bin1),truck(none),note
(ignored)),control_center)
,control_center)
comm_tracedispatchlog(warn
,event(duplicate_bin_full,
req(0),bin(smart_bin1),tru
ck(none),note(ignored)),co
ntrol_center)control_cente
r
comm_tracedispatchlog(warn
,event(duplicate_bin_full,
req(0),bin(smart_bin1),tru
ck(none),note(ignored)),co
ntrol_center)control_cente
r
comm_tracedispatchlog(warn
,event(duplicate_bin_full,
req(0),bin(smart_bin1),tru
ck(none),note(ignored)),co
ntrol_center)control_cente
r
comm_tracedispatchlog(warn
,event(duplicate_bin_full,
req(0),bin(smart_bin1),tru
ck(none),note(ignored)),co
ntrol_center)control_cente
r
comm_tracedispatchlog(warn
,event(duplicate_bin_full,
req(0),bin(smart_bin1),tru
ck(none),note(ignored)),co
ntrol_center)control_cente
r
comm_tracedispatchlog(warn
,event(duplicate_bin_full,
req(0),bin(smart_bin1),tru
ck(none),note(ignored)),co
ntrol_center)control_cente
r
comm_tracedispatchlog(warn
,event(duplicate_bin_full,
req(0),bin(smart_bin1),tru
ck(none),note(ignored)),co
ntrol_center)control_cente
r
comm_tracedispatchlog(warn
,event(duplicate_bin_full,
req(0),bin(smart_bin1),tru
ck(none),note(ignored)),co
ntrol_center)control_cente
r
[RX CORE] to=logger from=c
ontrol_center msg=send_mes
sage(log(info,event(assign
ment_acked,req(9),bin(smar
t_bin3),truck(truck3),note
(awaiting_completion)),con
trol_center),control_cente
r)
comm_tracedispatchlog(info
,event(assignment_acked,re
q(9),bin(smart_bin3),truck
(truck3),note(awaiting_com
pletion)),control_center)c
ontrol_center
comm_tracedispatchlog(info
,event(assignment_acked,re
q(9),bin(smart_bin3),truck
(truck3),note(awaiting_com
pletion)),control_center)c
ontrol_center
comm_tracedispatchlog(info
,event(assignment_acked,re
q(9),bin(smart_bin3),truck
(truck3),note(awaiting_com
pletion)),control_center)c
ontrol_center
comm_tracedispatchlog(info
,event(assignment_acked,re
q(9),bin(smart_bin3),truck
(truck3),note(awaiting_com
pletion)),control_center)c
ontrol_center
comm_tracedispatchlog(info
,event(assignment_acked,re
q(9),bin(smart_bin3),truck
(truck3),note(awaiting_com
pletion)),control_center)c
ontrol_center
comm_tracedispatchlog(info
,event(assignment_acked,re
q(9),bin(smart_bin3),truck
(truck3),note(awaiting_com
pletion)),control_center)c
ontrol_center
comm_tracedispatchlog(info
,event(assignment_acked,re
q(9),bin(smart_bin3),truck
(truck3),note(awaiting_com
pletion)),control_center)c
ontrol_center
comm_tracedispatchlog(info
,event(assignment_acked,re
q(9),bin(smart_bin3),truck
(truck3),note(awaiting_com
pletion)),control_center)c
ontrol_center
[RX CORE] to=logger from=c
ontrol_center msg=send_mes
sage(log(info,collection_c
omplete,smart_bin3),contro
l_center)
comm_tracedispatchlog(info
,collection_complete,smart
_bin3)control_center
[RX CORE] to=logger from=c
ontrol_center msg=send_mes
sage(log(info,event(reset_
sent,req(9),bin(smart_bin3
),truck(truck3),note(await
ing_reset_ack)),control_ce
nter),control_center)
comm_tracedispatchlog(info
,event(reset_sent,req(9),b
in(smart_bin3),truck(truck
3),note(awaiting_reset_ack
)),control_center)control_
center
comm_tracedispatchlog(info
,event(reset_sent,req(9),b
in(smart_bin3),truck(truck
3),note(awaiting_reset_ack
)),control_center)control_
center
comm_tracedispatchlog(info
,event(reset_sent,req(9),b
in(smart_bin3),truck(truck
3),note(awaiting_reset_ack
)),control_center)control_
center
comm_tracedispatchlog(info
,event(reset_sent,req(9),b
in(smart_bin3),truck(truck
3),note(awaiting_reset_ack
)),control_center)control_
center
comm_tracedispatchlog(info
,event(reset_sent,req(9),b
in(smart_bin3),truck(truck
3),note(awaiting_reset_ack
)),control_center)control_
center
comm_tracedispatchlog(info
,event(reset_sent,req(9),b
in(smart_bin3),truck(truck
3),note(awaiting_reset_ack
)),control_center)control_
center
comm_tracedispatchlog(info
,event(reset_sent,req(9),b
in(smart_bin3),truck(truck
3),note(awaiting_reset_ack
)),control_center)control_
center
comm_tracedispatchlog(info
,event(reset_sent,req(9),b
in(smart_bin3),truck(truck
3),note(awaiting_reset_ack
)),control_center)control_
center
comm_tracedispatchlog(info
,collection_complete,smart
_bin3)control_center
[RX CORE] to=logger from=s
mart_bin3 msg=send_message
(log(info,bin_reset,smart_
bin3),smart_bin3)
comm_tracedispatchlog(info
,bin_reset,smart_bin3)smar
t_bin3
comm_tracedispatchlog(info
,bin_reset,smart_bin3)smar
t_bin3
comm_tracedispatchlog(info
,bin_reset,smart_bin3)smar
t_bin3
comm_tracedispatchlog(info
,bin_reset,smart_bin3)smar
t_bin3
comm_tracedispatchlog(info
,bin_reset,smart_bin3)smar
t_bin3
comm_tracedispatchlog(info
,bin_reset,smart_bin3)smar
t_bin3
comm_tracedispatchlog(info
,bin_reset,smart_bin3)smar
t_bin3
comm_tracedispatchlog(info
,bin_reset,smart_bin3)smar
t_bin3
comm_tracedispatchlog(info
,collection_complete,smart
_bin3)control_center
[RX CORE] to=logger from=s
mart_bin3 msg=send_message
(log(info,level_update,sma
rt_bin3),smart_bin3)
comm_tracedispatchlog(info
,level_update,smart_bin3)s
mart_bin3
comm_tracedispatchlog(info
,level_update,smart_bin3)s
mart_bin3
comm_tracedispatchlog(info
,level_update,smart_bin3)s
mart_bin3
comm_tracedispatchlog(info
,level_update,smart_bin3)s
mart_bin3
comm_tracedispatchlog(info
,level_update,smart_bin3)s
mart_bin3
comm_tracedispatchlog(info
,level_update,smart_bin3)s
mart_bin3
comm_tracedispatchlog(info
,level_update,smart_bin3)s
mart_bin3
comm_tracedispatchlog(info
,level_update,smart_bin3)s
mart_bin3
comm_tracedispatchlog(info
,collection_complete,smart
_bin3)control_center
[RX CORE] to=logger from=s
mart_bin3 msg=send_message
(log(info,level_update,sma
rt_bin3),smart_bin3)
comm_tracedispatchlog(info
,level_update,smart_bin3)s
mart_bin3
comm_tracedispatchlog(info
,level_update,smart_bin3)s
mart_bin3
comm_tracedispatchlog(info
,level_update,smart_bin3)s
mart_bin3
comm_tracedispatchlog(info
,level_update,smart_bin3)s
mart_bin3
comm_tracedispatchlog(info
,level_update,smart_bin3)s
mart_bin3
comm_tracedispatchlog(info
,level_update,smart_bin3)s
mart_bin3
comm_tracedispatchlog(info
,level_update,smart_bin3)s
mart_bin3
comm_tracedispatchlog(info
,level_update,smart_bin3)s
mart_bin3
comm_tracedispatchlog(info
,collection_complete,smart
_bin3)control_center
[RX CORE] to=logger from=s
mart_bin3 msg=send_message
(log(info,level_update,sma
rt_bin3),smart_bin3)
comm_tracedispatchlog(info
,level_update,smart_bin3)s
mart_bin3
comm_tracedispatchlog(info
,level_update,smart_bin3)s
mart_bin3
comm_tracedispatchlog(info
,level_update,smart_bin3)s
mart_bin3
comm_tracedispatchlog(info
,level_update,smart_bin3)s
mart_bin3
comm_tracedispatchlog(info
,level_update,smart_bin3)s
mart_bin3
comm_tracedispatchlog(info
,level_update,smart_bin3)s
mart_bin3
comm_tracedispatchlog(info
,level_update,smart_bin3)s
mart_bin3
comm_tracedispatchlog(info
,level_update,smart_bin3)s
mart_bin3
comm_tracedispatchlog(info
,collection_complete,smart
_bin3)control_center
[RX CORE] to=logger from=s
mart_bin3 msg=send_message
(log(info,level_update,sma
rt_bin3),smart_bin3)
comm_tracedispatchlog(info
,level_update,smart_bin3)s
mart_bin3
comm_tracedispatchlog(info
,level_update,smart_bin3)s
mart_bin3
comm_tracedispatchlog(info
,level_update,smart_bin3)s
mart_bin3
comm_tracedispatchlog(info
,level_update,smart_bin3)s
mart_bin3
comm_tracedispatchlog(info
,level_update,smart_bin3)s
mart_bin3
comm_tracedispatchlog(info
,level_update,smart_bin3)s
mart_bin3
comm_tracedispatchlog(info
,level_update,smart_bin3)s
mart_bin3
comm_tracedispatchlog(info
,level_update,smart_bin3)s
mart_bin3
comm_tracedispatchlog(info
,collection_complete,smart
_bin3)control_center
[RX CORE] to=logger from=s
mart_bin3 msg=send_message
(log(info,level_update,sma
rt_bin3),smart_bin3)
comm_tracedispatchlog(info
,level_update,smart_bin3)s
mart_bin3
comm_tracedispatchlog(info
,level_update,smart_bin3)s
mart_bin3
comm_tracedispatchlog(info
,level_update,smart_bin3)s
mart_bin3
comm_tracedispatchlog(info
,level_update,smart_bin3)s
mart_bin3
comm_tracedispatchlog(info
,level_update,smart_bin3)s
mart_bin3
comm_tracedispatchlog(info
,level_update,smart_bin3)s
mart_bin3
comm_tracedispatchlog(info
,level_update,smart_bin3)s
mart_bin3
comm_tracedispatchlog(info
,level_update,smart_bin3)s
mart_bin3
comm_tracedispatchlog(info
,collection_complete,smart
_bin3)control_center
[RX CORE] to=logger from=s
mart_bin3 msg=send_message
(log(info,bin_full,smart_b
in3),smart_bin3)
comm_tracedispatchlog(info
,bin_full,smart_bin3)smart
_bin3
comm_tracedispatchlog(info
,bin_full,smart_bin3)smart
_bin3
comm_tracedispatchlog(info
,bin_full,smart_bin3)smart
_bin3
comm_tracedispatchlog(info
,bin_full,smart_bin3)smart
_bin3
comm_tracedispatchlog(info
,bin_full,smart_bin3)smart
_bin3
comm_tracedispatchlog(info
,bin_full,smart_bin3)smart
_bin3
comm_tracedispatchlog(info
,bin_full,smart_bin3)smart
_bin3
comm_tracedispatchlog(info
,bin_full,smart_bin3)smart
_bin3
[RX CORE] to=logger from=c
ontrol_center msg=send_mes
sage(log(warn,event(truck_
refused,req(10),bin(smart_
bin2),truck(truck2),note(r
etry_select)),control_cent
er),control_center)
comm_tracedispatchlog(warn
,event(truck_refused,req(1
0),bin(smart_bin2),truck(t
ruck2),note(retry_select))
,control_center)control_ce
nter
[RX CORE] to=logger from=c
ontrol_center msg=send_mes
sage(log(info,event(pickup
_request_sent,req(10),bin(
smart_bin2),truck(truck3),
note(awaiting_reply)),cont
rol_center),control_center
)
comm_tracedispatchlog(info
,event(pickup_request_sent
,req(10),bin(smart_bin2),t
ruck(truck3),note(awaiting
_reply)),control_center)co
ntrol_center
comm_tracedispatchlog(info
,event(pickup_request_sent
,req(10),bin(smart_bin2),t
ruck(truck3),note(awaiting
_reply)),control_center)co
ntrol_center
comm_tracedispatchlog(info
,event(pickup_request_sent
,req(10),bin(smart_bin2),t
ruck(truck3),note(awaiting
_reply)),control_center)co
ntrol_center
comm_tracedispatchlog(info
,event(pickup_request_sent
,req(10),bin(smart_bin2),t
ruck(truck3),note(awaiting
_reply)),control_center)co
ntrol_center
comm_tracedispatchlog(info
,event(pickup_request_sent
,req(10),bin(smart_bin2),t
ruck(truck3),note(awaiting
_reply)),control_center)co
ntrol_center
comm_tracedispatchlog(info
,event(pickup_request_sent
,req(10),bin(smart_bin2),t
ruck(truck3),note(awaiting
_reply)),control_center)co
ntrol_center
comm_tracedispatchlog(info
,event(pickup_request_sent
,req(10),bin(smart_bin2),t
ruck(truck3),note(awaiting
_reply)),control_center)co
ntrol_center
comm_tracedispatchlog(info
,event(pickup_request_sent
,req(10),bin(smart_bin2),t
ruck(truck3),note(awaiting
_reply)),control_center)co
ntrol_center
comm_tracedispatchlog(warn
,event(truck_refused,req(1
0),bin(smart_bin2),truck(t
ruck2),note(retry_select))
,control_center)control_ce
nter
comm_tracedispatchlog(warn
,event(truck_refused,req(1
0),bin(smart_bin2),truck(t
ruck2),note(retry_select))
,control_center)control_ce
nter
comm_tracedispatchlog(warn
,event(truck_refused,req(1
0),bin(smart_bin2),truck(t
ruck2),note(retry_select))
,control_center)control_ce
nter
comm_tracedispatchlog(warn
,event(truck_refused,req(1
0),bin(smart_bin2),truck(t
ruck2),note(retry_select))
,control_center)control_ce
nter
comm_tracedispatchlog(warn
,event(truck_refused,req(1
0),bin(smart_bin2),truck(t
ruck2),note(retry_select))
,control_center)control_ce
nter
comm_tracedispatchlog(warn
,event(truck_refused,req(1
0),bin(smart_bin2),truck(t
ruck2),note(retry_select))
,control_center)control_ce
nter
comm_tracedispatchlog(warn
,event(truck_refused,req(1
0),bin(smart_bin2),truck(t
ruck2),note(retry_select))
,control_center)control_ce
nter

