Launching agent instance:
smart_bin1.txt
SICStus 4.6.0 (x86_64-linu
x-glibc2.17): Mon Apr  6 0
9:23:37 PDT 2020
Licensed to studentSP4.6cc
.univaq.it
[SMARTBIN smart_bin1] star
tI fired
..................   Activ
ed Agent smart_bin1 ......
.............
[SMARTBIN smart_bin1] leve
l=20%
[DO_ACTION pending]
[SMARTBIN smart_bin1] leve
l=40%
[DO_ACTION pending]
[SMARTBIN smart_bin1] leve
l=60%
[DO_ACTION pending]
[SMARTBIN smart_bin1] leve
l=80%
[DO_ACTION pending]
[SMARTBIN smart_bin1] leve
l=100%
[SMARTBIN smart_bin1] FULL
 -> notify control_center
[DO_ACTION pending]
[DO_ACTION pending]
[DO_ACTION pending]
[DO_ACTION pending]

