SICStus 4.6.0 (x86_64-linu
x-glibc2.17): Mon Apr  6 0
9:23:37 PDT 2020
Licensed to studentSP4.6cc
.univaq.it
---------- Opened 127.0.0.
1 '$stream'(13339280665760
0)
---------- Opened 127.0.0.
1 '$stream'(13339279483859
2)
---------- Opened 127.0.0.
1 '$stream'(13339280676372
8)
---------- Opened 127.0.0.
1 '$stream'(13339280676395
2)
---------- Opened 127.0.0.
1 '$stream'(13339280667801
6)
---------- Opened 127.0.0.
1 '$stream'(13339280679934
4)
---------- Opened 127.0.0.
1 '$stream'(13339280688756
8)
---------- Opened 127.0.0.
1 '$stream'(13339280633380
8)

